Start testing: Oct 16 23:24 EDT
----------------------------------------------------------
1/25 Testing: DatabaseTest.CreateTable
1/25 Test: DatabaseTest.CreateTable
Command: "/Users/claireliu/Developer/Databases/p1/build/database_test" "--gtest_filter=DatabaseTest.CreateTable" "--gtest_also_run_disabled_tests"
Directory: /Users/claireliu/Developer/Databases/p1/build
"DatabaseTest.CreateTable" start time: Oct 16 23:24 EDT
Output:
----------------------------------------------------------
Running main() from /Users/claireliu/Developer/Databases/p1/build/_deps/googletest-src/googletest/src/gtest_main.cc
Note: Google Test filter = DatabaseTest.CreateTable
[==========] Running 1 test from 1 test suite.
[----------] Global test environment set-up.
[----------] 1 test from DatabaseTest
[ RUN      ] DatabaseTest.CreateTable
CREATE TABLE movies
 id                   integer, 
 title                char(32), 
 rating               real, 
 PRIMARY KEY          id, 
[       OK ] DatabaseTest.CreateTable (0 ms)
[----------] 1 test from DatabaseTest (0 ms total)

[----------] Global test environment tear-down
[==========] 1 test from 1 test suite ran. (0 ms total)
[  PASSED  ] 1 test.
<end of output>
Test time =   0.01 sec
----------------------------------------------------------
Test Passed.
"DatabaseTest.CreateTable" end time: Oct 16 23:24 EDT
"DatabaseTest.CreateTable" time elapsed: 00:00:00
----------------------------------------------------------

2/25 Testing: DatabaseTest.RetrieveDBPrimaryRecordOnly
2/25 Test: DatabaseTest.RetrieveDBPrimaryRecordOnly
Command: "/Users/claireliu/Developer/Databases/p1/build/database_test" "--gtest_filter=DatabaseTest.RetrieveDBPrimaryRecordOnly" "--gtest_also_run_disabled_tests"
Directory: /Users/claireliu/Developer/Databases/p1/build
"DatabaseTest.RetrieveDBPrimaryRecordOnly" start time: Oct 16 23:24 EDT
Output:
----------------------------------------------------------
Running main() from /Users/claireliu/Developer/Databases/p1/build/_deps/googletest-src/googletest/src/gtest_main.cc
Note: Google Test filter = DatabaseTest.RetrieveDBPrimaryRecordOnly
[==========] Running 1 test from 1 test suite.
[----------] Global test environment set-up.
[----------] 1 test from DatabaseTest
[ RUN      ] DatabaseTest.RetrieveDBPrimaryRecordOnly
CREATE TABLE movies
 id                   integer, 
 title                char(32), 
 rating               real, 
 PRIMARY KEY          id, 
[       OK ] DatabaseTest.RetrieveDBPrimaryRecordOnly (0 ms)
[----------] 1 test from DatabaseTest (0 ms total)

[----------] Global test environment tear-down
[==========] 1 test from 1 test suite ran. (0 ms total)
[  PASSED  ] 1 test.
<end of output>
Test time =   0.01 sec
----------------------------------------------------------
Test Passed.
"DatabaseTest.RetrieveDBPrimaryRecordOnly" end time: Oct 16 23:24 EDT
"DatabaseTest.RetrieveDBPrimaryRecordOnly" time elapsed: 00:00:00
----------------------------------------------------------

3/25 Testing: DatabaseTest.RetrieveDBPrimaryRecordFirst
3/25 Test: DatabaseTest.RetrieveDBPrimaryRecordFirst
Command: "/Users/claireliu/Developer/Databases/p1/build/database_test" "--gtest_filter=DatabaseTest.RetrieveDBPrimaryRecordFirst" "--gtest_also_run_disabled_tests"
Directory: /Users/claireliu/Developer/Databases/p1/build
"DatabaseTest.RetrieveDBPrimaryRecordFirst" start time: Oct 16 23:24 EDT
Output:
----------------------------------------------------------
Running main() from /Users/claireliu/Developer/Databases/p1/build/_deps/googletest-src/googletest/src/gtest_main.cc
Note: Google Test filter = DatabaseTest.RetrieveDBPrimaryRecordFirst
[==========] Running 1 test from 1 test suite.
[----------] Global test environment set-up.
[----------] 1 test from DatabaseTest
[ RUN      ] DatabaseTest.RetrieveDBPrimaryRecordFirst
CREATE TABLE movies
 id                   integer, 
 title                char(32), 
 rating               real, 
 PRIMARY KEY          id, 
CREATE TABLE astars
 id                   integer, 
 fname                char(32), 
 lname                char(32), 
 PRIMARY KEY          id, 
CREATE TABLE bstars
 id                   integer, 
 fname                char(32), 
 lname                char(32), 
 PRIMARY KEY          id, 
[       OK ] DatabaseTest.RetrieveDBPrimaryRecordFirst (0 ms)
[----------] 1 test from DatabaseTest (0 ms total)

[----------] Global test environment tear-down
[==========] 1 test from 1 test suite ran. (0 ms total)
[  PASSED  ] 1 test.
<end of output>
Test time =   0.01 sec
----------------------------------------------------------
Test Passed.
"DatabaseTest.RetrieveDBPrimaryRecordFirst" end time: Oct 16 23:24 EDT
"DatabaseTest.RetrieveDBPrimaryRecordFirst" time elapsed: 00:00:00
----------------------------------------------------------

4/25 Testing: DatabaseTest.RetrieveDBPrimaryRecordMiddle
4/25 Test: DatabaseTest.RetrieveDBPrimaryRecordMiddle
Command: "/Users/claireliu/Developer/Databases/p1/build/database_test" "--gtest_filter=DatabaseTest.RetrieveDBPrimaryRecordMiddle" "--gtest_also_run_disabled_tests"
Directory: /Users/claireliu/Developer/Databases/p1/build
"DatabaseTest.RetrieveDBPrimaryRecordMiddle" start time: Oct 16 23:24 EDT
Output:
----------------------------------------------------------
Running main() from /Users/claireliu/Developer/Databases/p1/build/_deps/googletest-src/googletest/src/gtest_main.cc
Note: Google Test filter = DatabaseTest.RetrieveDBPrimaryRecordMiddle
[==========] Running 1 test from 1 test suite.
[----------] Global test environment set-up.
[----------] 1 test from DatabaseTest
[ RUN      ] DatabaseTest.RetrieveDBPrimaryRecordMiddle
CREATE TABLE astars
 id                   integer, 
 fname                char(32), 
 lname                char(32), 
 PRIMARY KEY          id, 
CREATE TABLE movies
 id                   integer, 
 title                char(32), 
 rating               real, 
 PRIMARY KEY          id, 
CREATE TABLE bstars
 id                   integer, 
 fname                char(32), 
 lname                char(32), 
 PRIMARY KEY          id, 
[       OK ] DatabaseTest.RetrieveDBPrimaryRecordMiddle (0 ms)
[----------] 1 test from DatabaseTest (0 ms total)

[----------] Global test environment tear-down
[==========] 1 test from 1 test suite ran. (0 ms total)
[  PASSED  ] 1 test.
<end of output>
Test time =   0.01 sec
----------------------------------------------------------
Test Passed.
"DatabaseTest.RetrieveDBPrimaryRecordMiddle" end time: Oct 16 23:24 EDT
"DatabaseTest.RetrieveDBPrimaryRecordMiddle" time elapsed: 00:00:00
----------------------------------------------------------

5/25 Testing: DatabaseTest.RetrieveDBPrimaryRecordEnd
5/25 Test: DatabaseTest.RetrieveDBPrimaryRecordEnd
Command: "/Users/claireliu/Developer/Databases/p1/build/database_test" "--gtest_filter=DatabaseTest.RetrieveDBPrimaryRecordEnd" "--gtest_also_run_disabled_tests"
Directory: /Users/claireliu/Developer/Databases/p1/build
"DatabaseTest.RetrieveDBPrimaryRecordEnd" start time: Oct 16 23:24 EDT
Output:
----------------------------------------------------------
Running main() from /Users/claireliu/Developer/Databases/p1/build/_deps/googletest-src/googletest/src/gtest_main.cc
Note: Google Test filter = DatabaseTest.RetrieveDBPrimaryRecordEnd
[==========] Running 1 test from 1 test suite.
[----------] Global test environment set-up.
[----------] 1 test from DatabaseTest
[ RUN      ] DatabaseTest.RetrieveDBPrimaryRecordEnd
CREATE TABLE astars
 id                   integer, 
 fname                char(32), 
 lname                char(32), 
 PRIMARY KEY          id, 
CREATE TABLE bstars
 id                   integer, 
 fname                char(32), 
 lname                char(32), 
 PRIMARY KEY          id, 
CREATE TABLE movies
 id                   integer, 
 title                char(32), 
 rating               real, 
 PRIMARY KEY          id, 
[       OK ] DatabaseTest.RetrieveDBPrimaryRecordEnd (0 ms)
[----------] 1 test from DatabaseTest (0 ms total)

[----------] Global test environment tear-down
[==========] 1 test from 1 test suite ran. (0 ms total)
[  PASSED  ] 1 test.
<end of output>
Test time =   0.01 sec
----------------------------------------------------------
Test Passed.
"DatabaseTest.RetrieveDBPrimaryRecordEnd" end time: Oct 16 23:24 EDT
"DatabaseTest.RetrieveDBPrimaryRecordEnd" time elapsed: 00:00:00
----------------------------------------------------------

6/25 Testing: DatabaseTest.NoDuplicateTableNames
6/25 Test: DatabaseTest.NoDuplicateTableNames
Command: "/Users/claireliu/Developer/Databases/p1/build/database_test" "--gtest_filter=DatabaseTest.NoDuplicateTableNames" "--gtest_also_run_disabled_tests"
Directory: /Users/claireliu/Developer/Databases/p1/build
"DatabaseTest.NoDuplicateTableNames" start time: Oct 16 23:24 EDT
Output:
----------------------------------------------------------
Running main() from /Users/claireliu/Developer/Databases/p1/build/_deps/googletest-src/googletest/src/gtest_main.cc
Note: Google Test filter = DatabaseTest.NoDuplicateTableNames
[==========] Running 1 test from 1 test suite.
[----------] Global test environment set-up.
[----------] 1 test from DatabaseTest
[ RUN      ] DatabaseTest.NoDuplicateTableNames
CREATE TABLE movies
 id                   integer, 
 title                char(32), 
 rating               real, 
 PRIMARY KEY          id, 
Table of same name has already been created
[       OK ] DatabaseTest.NoDuplicateTableNames (0 ms)
[----------] 1 test from DatabaseTest (0 ms total)

[----------] Global test environment tear-down
[==========] 1 test from 1 test suite ran. (0 ms total)
[  PASSED  ] 1 test.
<end of output>
Test time =   0.01 sec
----------------------------------------------------------
Test Passed.
"DatabaseTest.NoDuplicateTableNames" end time: Oct 16 23:24 EDT
"DatabaseTest.NoDuplicateTableNames" time elapsed: 00:00:00
----------------------------------------------------------

7/25 Testing: DatabaseTest.NoDuplicateTableAttributes
7/25 Test: DatabaseTest.NoDuplicateTableAttributes
Command: "/Users/claireliu/Developer/Databases/p1/build/database_test" "--gtest_filter=DatabaseTest.NoDuplicateTableAttributes" "--gtest_also_run_disabled_tests"
Directory: /Users/claireliu/Developer/Databases/p1/build
"DatabaseTest.NoDuplicateTableAttributes" start time: Oct 16 23:24 EDT
Output:
----------------------------------------------------------
Running main() from /Users/claireliu/Developer/Databases/p1/build/_deps/googletest-src/googletest/src/gtest_main.cc
Note: Google Test filter = DatabaseTest.NoDuplicateTableAttributes
[==========] Running 1 test from 1 test suite.
[----------] Global test environment set-up.
[----------] 1 test from DatabaseTest
[ RUN      ] DatabaseTest.NoDuplicateTableAttributes
Error creating movies. Attributes cannot have the same name.
[       OK ] DatabaseTest.NoDuplicateTableAttributes (0 ms)
[----------] 1 test from DatabaseTest (0 ms total)

[----------] Global test environment tear-down
[==========] 1 test from 1 test suite ran. (0 ms total)
[  PASSED  ] 1 test.
<end of output>
Test time =   0.01 sec
----------------------------------------------------------
Test Passed.
"DatabaseTest.NoDuplicateTableAttributes" end time: Oct 16 23:24 EDT
"DatabaseTest.NoDuplicateTableAttributes" time elapsed: 00:00:00
----------------------------------------------------------

8/25 Testing: DatabaseTest.LoadTestForDBPrimaryAndDBAttributes
8/25 Test: DatabaseTest.LoadTestForDBPrimaryAndDBAttributes
Command: "/Users/claireliu/Developer/Databases/p1/build/database_test" "--gtest_filter=DatabaseTest.LoadTestForDBPrimaryAndDBAttributes" "--gtest_also_run_disabled_tests"
Directory: /Users/claireliu/Developer/Databases/p1/build
"DatabaseTest.LoadTestForDBPrimaryAndDBAttributes" start time: Oct 16 23:24 EDT
Output:
----------------------------------------------------------
Running main() from /Users/claireliu/Developer/Databases/p1/build/_deps/googletest-src/googletest/src/gtest_main.cc
Note: Google Test filter = DatabaseTest.LoadTestForDBPrimaryAndDBAttributes
[==========] Running 1 test from 1 test suite.
[----------] Global test environment set-up.
[----------] 1 test from DatabaseTest
[ RUN      ] DatabaseTest.LoadTestForDBPrimaryAndDBAttributes
CREATE TABLE movies
 id                   integer, 
 title                char(32), 
 rating               real, 
 PRIMARY KEY          id, 
CREATE TABLE astars
 id                   integer, 
 fname                char(32), 
 lname                char(32), 
 PRIMARY KEY          id, 
CREATE TABLE bstars
 id                   integer, 
 fname                char(32), 
 lname                char(32), 
 PRIMARY KEY          id, 
CREATE TABLE cstars
 id                   integer, 
 fname                char(32), 
 lname                char(32), 
 PRIMARY KEY          id, 
CREATE TABLE dstars
 id                   integer, 
 fname                char(32), 
 lname                char(32), 
 PRIMARY KEY          id, 
CREATE TABLE estars
 id                   integer, 
 fname                char(32), 
 lname                char(32), 
 PRIMARY KEY          id, 
CREATE TABLE fstars
 id                   integer, 
 fname                char(32), 
 lname                char(32), 
 PRIMARY KEY          id, 
CREATE TABLE gstars
 id                   integer, 
 fname                char(32), 
 lname                char(32), 
 PRIMARY KEY          id, 
CREATE TABLE aastars
 id                   integer, 
 fname                char(32), 
 lname                char(32), 
 PRIMARY KEY          id, 
CREATE TABLE bastars
 id                   integer, 
 fname                char(32), 
 lname                char(32), 
 PRIMARY KEY          id, 
CREATE TABLE castars
 id                   integer, 
 fname                char(32), 
 lname                char(32), 
 PRIMARY KEY          id, 
CREATE TABLE dastars
 id                   integer, 
 fname                char(32), 
 lname                char(32), 
 PRIMARY KEY          id, 
CREATE TABLE eastars
 id                   integer, 
 fname                char(32), 
 lname                char(32), 
 PRIMARY KEY          id, 
CREATE TABLE fastars
 id                   integer, 
 fname                char(32), 
 lname                char(32), 
 PRIMARY KEY          id, 
CREATE TABLE gastars
 id                   integer, 
 fname                char(32), 
 lname                char(32), 
 PRIMARY KEY          id, 
[       OK ] DatabaseTest.LoadTestForDBPrimaryAndDBAttributes (0 ms)
[----------] 1 test from DatabaseTest (0 ms total)

[----------] Global test environment tear-down
[==========] 1 test from 1 test suite ran. (0 ms total)
[  PASSED  ] 1 test.
<end of output>
Test time =   0.01 sec
----------------------------------------------------------
Test Passed.
"DatabaseTest.LoadTestForDBPrimaryAndDBAttributes" end time: Oct 16 23:24 EDT
"DatabaseTest.LoadTestForDBPrimaryAndDBAttributes" time elapsed: 00:00:00
----------------------------------------------------------

9/25 Testing: DatabaseTest.NoDuplicatePrimaryKeyFixedInteger
9/25 Test: DatabaseTest.NoDuplicatePrimaryKeyFixedInteger
Command: "/Users/claireliu/Developer/Databases/p1/build/database_test" "--gtest_filter=DatabaseTest.NoDuplicatePrimaryKeyFixedInteger" "--gtest_also_run_disabled_tests"
Directory: /Users/claireliu/Developer/Databases/p1/build
"DatabaseTest.NoDuplicatePrimaryKeyFixedInteger" start time: Oct 16 23:24 EDT
Output:
----------------------------------------------------------
Running main() from /Users/claireliu/Developer/Databases/p1/build/_deps/googletest-src/googletest/src/gtest_main.cc
Note: Google Test filter = DatabaseTest.NoDuplicatePrimaryKeyFixedInteger
[==========] Running 1 test from 1 test suite.
[----------] Global test environment set-up.
[----------] 1 test from DatabaseTest
[ RUN      ] DatabaseTest.NoDuplicatePrimaryKeyFixedInteger
CREATE TABLE movies
 id                   integer, 
 title                char(32), 
 rating               real, 
 PRIMARY KEY          id, 
INSERT INTO movies VALUES 27, Star Wars, 4.2
INSERT INTO movies VALUES 28, Rouge One, 3
INSERT INTO movies VALUES 25, The Last Starfighter, 3
INSERT INTO movies VALUES 26, Princess Diaries, 5
INSERT INTO movies VALUES 127, Frozen, 4.2
INSERT INTO movies VALUES 27, Star Wars, 4.2
insertion error: duplicate primary key
INSERT INTO movies VALUES 27, Say Anything, 4.2
insertion error: duplicate primary key
[       OK ] DatabaseTest.NoDuplicatePrimaryKeyFixedInteger (0 ms)
[----------] 1 test from DatabaseTest (0 ms total)

[----------] Global test environment tear-down
[==========] 1 test from 1 test suite ran. (0 ms total)
[  PASSED  ] 1 test.
<end of output>
Test time =   0.01 sec
----------------------------------------------------------
Test Passed.
"DatabaseTest.NoDuplicatePrimaryKeyFixedInteger" end time: Oct 16 23:24 EDT
"DatabaseTest.NoDuplicatePrimaryKeyFixedInteger" time elapsed: 00:00:00
----------------------------------------------------------

10/25 Testing: DatabaseTest.NoDuplicatePrimaryKeyFixedSmallInt
10/25 Test: DatabaseTest.NoDuplicatePrimaryKeyFixedSmallInt
Command: "/Users/claireliu/Developer/Databases/p1/build/database_test" "--gtest_filter=DatabaseTest.NoDuplicatePrimaryKeyFixedSmallInt" "--gtest_also_run_disabled_tests"
Directory: /Users/claireliu/Developer/Databases/p1/build
"DatabaseTest.NoDuplicatePrimaryKeyFixedSmallInt" start time: Oct 16 23:24 EDT
Output:
----------------------------------------------------------
Running main() from /Users/claireliu/Developer/Databases/p1/build/_deps/googletest-src/googletest/src/gtest_main.cc
Note: Google Test filter = DatabaseTest.NoDuplicatePrimaryKeyFixedSmallInt
[==========] Running 1 test from 1 test suite.
[----------] Global test environment set-up.
[----------] 1 test from DatabaseTest
[ RUN      ] DatabaseTest.NoDuplicatePrimaryKeyFixedSmallInt
CREATE TABLE movies
 id                   smallint, 
 title                char(32), 
 rating               real, 
 PRIMARY KEY          id, 
INSERT INTO movies VALUES 27, Star Wars, 4.2
INSERT INTO movies VALUES 27, Star Wars, 4.2
insertion error: duplicate primary key
[       OK ] DatabaseTest.NoDuplicatePrimaryKeyFixedSmallInt (0 ms)
[----------] 1 test from DatabaseTest (0 ms total)

[----------] Global test environment tear-down
[==========] 1 test from 1 test suite ran. (0 ms total)
[  PASSED  ] 1 test.
<end of output>
Test time =   0.01 sec
----------------------------------------------------------
Test Passed.
"DatabaseTest.NoDuplicatePrimaryKeyFixedSmallInt" end time: Oct 16 23:24 EDT
"DatabaseTest.NoDuplicatePrimaryKeyFixedSmallInt" time elapsed: 00:00:00
----------------------------------------------------------

11/25 Testing: DatabaseTest.NoDuplicatePrimaryKeyFixedFloat
11/25 Test: DatabaseTest.NoDuplicatePrimaryKeyFixedFloat
Command: "/Users/claireliu/Developer/Databases/p1/build/database_test" "--gtest_filter=DatabaseTest.NoDuplicatePrimaryKeyFixedFloat" "--gtest_also_run_disabled_tests"
Directory: /Users/claireliu/Developer/Databases/p1/build
"DatabaseTest.NoDuplicatePrimaryKeyFixedFloat" start time: Oct 16 23:24 EDT
Output:
----------------------------------------------------------
Running main() from /Users/claireliu/Developer/Databases/p1/build/_deps/googletest-src/googletest/src/gtest_main.cc
Note: Google Test filter = DatabaseTest.NoDuplicatePrimaryKeyFixedFloat
[==========] Running 1 test from 1 test suite.
[----------] Global test environment set-up.
[----------] 1 test from DatabaseTest
[ RUN      ] DatabaseTest.NoDuplicatePrimaryKeyFixedFloat
CREATE TABLE movies
 id                   smallint, 
 title                char(32), 
 rating               real, 
 PRIMARY KEY          rating, 
INSERT INTO movies VALUES 27, Star Wars, 4.2
INSERT INTO movies VALUES 27, Star Wars, 4.2
insertion error: duplicate primary key
[       OK ] DatabaseTest.NoDuplicatePrimaryKeyFixedFloat (0 ms)
[----------] 1 test from DatabaseTest (0 ms total)

[----------] Global test environment tear-down
[==========] 1 test from 1 test suite ran. (0 ms total)
[  PASSED  ] 1 test.
<end of output>
Test time =   0.01 sec
----------------------------------------------------------
Test Passed.
"DatabaseTest.NoDuplicatePrimaryKeyFixedFloat" end time: Oct 16 23:24 EDT
"DatabaseTest.NoDuplicatePrimaryKeyFixedFloat" time elapsed: 00:00:00
----------------------------------------------------------

12/25 Testing: DatabaseTest.NoDuplicatePrimaryKeyFixedChar
12/25 Test: DatabaseTest.NoDuplicatePrimaryKeyFixedChar
Command: "/Users/claireliu/Developer/Databases/p1/build/database_test" "--gtest_filter=DatabaseTest.NoDuplicatePrimaryKeyFixedChar" "--gtest_also_run_disabled_tests"
Directory: /Users/claireliu/Developer/Databases/p1/build
"DatabaseTest.NoDuplicatePrimaryKeyFixedChar" start time: Oct 16 23:24 EDT
Output:
----------------------------------------------------------
Running main() from /Users/claireliu/Developer/Databases/p1/build/_deps/googletest-src/googletest/src/gtest_main.cc
Note: Google Test filter = DatabaseTest.NoDuplicatePrimaryKeyFixedChar
[==========] Running 1 test from 1 test suite.
[----------] Global test environment set-up.
[----------] 1 test from DatabaseTest
[ RUN      ] DatabaseTest.NoDuplicatePrimaryKeyFixedChar
CREATE TABLE movies
 id                   smallint, 
 title                char(32), 
 rating               real, 
 PRIMARY KEY          title, 
INSERT INTO movies VALUES 27, Star Wars, 4.2
INSERT INTO movies VALUES 27, Star Wars, 4.2
insertion error: duplicate primary key
[       OK ] DatabaseTest.NoDuplicatePrimaryKeyFixedChar (0 ms)
[----------] 1 test from DatabaseTest (0 ms total)

[----------] Global test environment tear-down
[==========] 1 test from 1 test suite ran. (0 ms total)
[  PASSED  ] 1 test.
<end of output>
Test time =   0.01 sec
----------------------------------------------------------
Test Passed.
"DatabaseTest.NoDuplicatePrimaryKeyFixedChar" end time: Oct 16 23:24 EDT
"DatabaseTest.NoDuplicatePrimaryKeyFixedChar" time elapsed: 00:00:00
----------------------------------------------------------

13/25 Testing: DatabaseTest.NoDuplicatePrimaryKeyVariableInteger
13/25 Test: DatabaseTest.NoDuplicatePrimaryKeyVariableInteger
Command: "/Users/claireliu/Developer/Databases/p1/build/database_test" "--gtest_filter=DatabaseTest.NoDuplicatePrimaryKeyVariableInteger" "--gtest_also_run_disabled_tests"
Directory: /Users/claireliu/Developer/Databases/p1/build
"DatabaseTest.NoDuplicatePrimaryKeyVariableInteger" start time: Oct 16 23:24 EDT
Output:
----------------------------------------------------------
Running main() from /Users/claireliu/Developer/Databases/p1/build/_deps/googletest-src/googletest/src/gtest_main.cc
Note: Google Test filter = DatabaseTest.NoDuplicatePrimaryKeyVariableInteger
[==========] Running 1 test from 1 test suite.
[----------] Global test environment set-up.
[----------] 1 test from DatabaseTest
[ RUN      ] DatabaseTest.NoDuplicatePrimaryKeyVariableInteger
CREATE TABLE critics
 id                   integer, 
 fname                varchar(32), 
 lname                varchar(32), 
 PRIMARY KEY          id, 
INSERT INTO critics VALUES 123, Mario, Bros
nullptr :(
INSERT INTO critics VALUES 123, Mario, Bros
insertion error: duplicate primary key
[       OK ] DatabaseTest.NoDuplicatePrimaryKeyVariableInteger (0 ms)
[----------] 1 test from DatabaseTest (0 ms total)

[----------] Global test environment tear-down
[==========] 1 test from 1 test suite ran. (0 ms total)
[  PASSED  ] 1 test.
<end of output>
Test time =   0.01 sec
----------------------------------------------------------
Test Passed.
"DatabaseTest.NoDuplicatePrimaryKeyVariableInteger" end time: Oct 16 23:24 EDT
"DatabaseTest.NoDuplicatePrimaryKeyVariableInteger" time elapsed: 00:00:00
----------------------------------------------------------

14/25 Testing: DatabaseTest.NoDuplicatePrimaryKeyVariableSmallInt
14/25 Test: DatabaseTest.NoDuplicatePrimaryKeyVariableSmallInt
Command: "/Users/claireliu/Developer/Databases/p1/build/database_test" "--gtest_filter=DatabaseTest.NoDuplicatePrimaryKeyVariableSmallInt" "--gtest_also_run_disabled_tests"
Directory: /Users/claireliu/Developer/Databases/p1/build
"DatabaseTest.NoDuplicatePrimaryKeyVariableSmallInt" start time: Oct 16 23:24 EDT
Output:
----------------------------------------------------------
Running main() from /Users/claireliu/Developer/Databases/p1/build/_deps/googletest-src/googletest/src/gtest_main.cc
Note: Google Test filter = DatabaseTest.NoDuplicatePrimaryKeyVariableSmallInt
[==========] Running 1 test from 1 test suite.
[----------] Global test environment set-up.
[----------] 1 test from DatabaseTest
[ RUN      ] DatabaseTest.NoDuplicatePrimaryKeyVariableSmallInt
CREATE TABLE movies
 id                   smallint, 
 title                varchar(32), 
 director             char(32), 
 rating               real, 
 PRIMARY KEY          id, 
INSERT INTO movies VALUES 27, Star Wars, George Lucas, 4.2
nullptr :(
INSERT INTO movies VALUES 27, Star Wars, George Lucas, 4.2
insertion error: duplicate primary key
[       OK ] DatabaseTest.NoDuplicatePrimaryKeyVariableSmallInt (0 ms)
[----------] 1 test from DatabaseTest (0 ms total)

[----------] Global test environment tear-down
[==========] 1 test from 1 test suite ran. (0 ms total)
[  PASSED  ] 1 test.
<end of output>
Test time =   0.01 sec
----------------------------------------------------------
Test Passed.
"DatabaseTest.NoDuplicatePrimaryKeyVariableSmallInt" end time: Oct 16 23:24 EDT
"DatabaseTest.NoDuplicatePrimaryKeyVariableSmallInt" time elapsed: 00:00:00
----------------------------------------------------------

15/25 Testing: DatabaseTest.NoDuplicatePrimaryKeyVariableFloat
15/25 Test: DatabaseTest.NoDuplicatePrimaryKeyVariableFloat
Command: "/Users/claireliu/Developer/Databases/p1/build/database_test" "--gtest_filter=DatabaseTest.NoDuplicatePrimaryKeyVariableFloat" "--gtest_also_run_disabled_tests"
Directory: /Users/claireliu/Developer/Databases/p1/build
"DatabaseTest.NoDuplicatePrimaryKeyVariableFloat" start time: Oct 16 23:24 EDT
Output:
----------------------------------------------------------
Running main() from /Users/claireliu/Developer/Databases/p1/build/_deps/googletest-src/googletest/src/gtest_main.cc
Note: Google Test filter = DatabaseTest.NoDuplicatePrimaryKeyVariableFloat
[==========] Running 1 test from 1 test suite.
[----------] Global test environment set-up.
[----------] 1 test from DatabaseTest
[ RUN      ] DatabaseTest.NoDuplicatePrimaryKeyVariableFloat
CREATE TABLE movies
 id                   smallint, 
 director             char(32), 
 rating               real, 
 UHâÂAWAVSPHâÛIâ˛HçFHÉ‡HÉ˛æ , 
 PRIMARY KEY          rating, 
INSERT INTO movies VALUES 27, George Lucas, 4.2, 
INSERT INTO movies VALUES 27, George Lucas, 4.2, 
insertion error: duplicate primary key
[       OK ] DatabaseTest.NoDuplicatePrimaryKeyVariableFloat (0 ms)
[----------] 1 test from DatabaseTest (0 ms total)

[----------] Global test environment tear-down
[==========] 1 test from 1 test suite ran. (0 ms total)
[  PASSED  ] 1 test.
<end of output>
Test time =   0.01 sec
----------------------------------------------------------
Test Passed.
"DatabaseTest.NoDuplicatePrimaryKeyVariableFloat" end time: Oct 16 23:24 EDT
"DatabaseTest.NoDuplicatePrimaryKeyVariableFloat" time elapsed: 00:00:00
----------------------------------------------------------

16/25 Testing: DatabaseTest.NoDuplicatePrimaryKeyVariableChar
16/25 Test: DatabaseTest.NoDuplicatePrimaryKeyVariableChar
Command: "/Users/claireliu/Developer/Databases/p1/build/database_test" "--gtest_filter=DatabaseTest.NoDuplicatePrimaryKeyVariableChar" "--gtest_also_run_disabled_tests"
Directory: /Users/claireliu/Developer/Databases/p1/build
"DatabaseTest.NoDuplicatePrimaryKeyVariableChar" start time: Oct 16 23:24 EDT
Output:
----------------------------------------------------------
Running main() from /Users/claireliu/Developer/Databases/p1/build/_deps/googletest-src/googletest/src/gtest_main.cc
Note: Google Test filter = DatabaseTest.NoDuplicatePrimaryKeyVariableChar
[==========] Running 1 test from 1 test suite.
[----------] Global test environment set-up.
[----------] 1 test from DatabaseTest
[ RUN      ] DatabaseTest.NoDuplicatePrimaryKeyVariableChar
CREATE TABLE movies
 id                   smallint, 
 title                varchar(32), 
 director             char(32), 
 rating               real, 
 PRIMARY KEY          director, 
INSERT INTO movies VALUES 27, Star Wars, George Lucas, 4.2
nullptr :(
INSERT INTO movies VALUES 27, Star Wars, George Lucas, 4.2
insertion error: duplicate primary key
[       OK ] DatabaseTest.NoDuplicatePrimaryKeyVariableChar (0 ms)
[----------] 1 test from DatabaseTest (0 ms total)

[----------] Global test environment tear-down
[==========] 1 test from 1 test suite ran. (0 ms total)
[  PASSED  ] 1 test.
<end of output>
Test time =   0.01 sec
----------------------------------------------------------
Test Passed.
"DatabaseTest.NoDuplicatePrimaryKeyVariableChar" end time: Oct 16 23:24 EDT
"DatabaseTest.NoDuplicatePrimaryKeyVariableChar" time elapsed: 00:00:00
----------------------------------------------------------

17/25 Testing: DatabaseTest.NoDuplicatePrimaryKeyVariableVarChar
17/25 Test: DatabaseTest.NoDuplicatePrimaryKeyVariableVarChar
Command: "/Users/claireliu/Developer/Databases/p1/build/database_test" "--gtest_filter=DatabaseTest.NoDuplicatePrimaryKeyVariableVarChar" "--gtest_also_run_disabled_tests"
Directory: /Users/claireliu/Developer/Databases/p1/build
"DatabaseTest.NoDuplicatePrimaryKeyVariableVarChar" start time: Oct 16 23:24 EDT
Output:
----------------------------------------------------------
Running main() from /Users/claireliu/Developer/Databases/p1/build/_deps/googletest-src/googletest/src/gtest_main.cc
Note: Google Test filter = DatabaseTest.NoDuplicatePrimaryKeyVariableVarChar
[==========] Running 1 test from 1 test suite.
[----------] Global test environment set-up.
[----------] 1 test from DatabaseTest
[ RUN      ] DatabaseTest.NoDuplicatePrimaryKeyVariableVarChar
CREATE TABLE movies
 id                   smallint, 
 title                varchar(32), 
 director             char(32), 
 rating               real, 
 PRIMARY KEY          title, 
INSERT INTO movies VALUES 27, Star Wars, George Lucas, 4.2
nullptr :(
INSERT INTO movies VALUES 27, Star Wars, George Lucas, 4.2
insertion error: duplicate primary key
[       OK ] DatabaseTest.NoDuplicatePrimaryKeyVariableVarChar (0 ms)
[----------] 1 test from DatabaseTest (0 ms total)

[----------] Global test environment tear-down
[==========] 1 test from 1 test suite ran. (0 ms total)
[  PASSED  ] 1 test.
<end of output>
Test time =   0.01 sec
----------------------------------------------------------
Test Passed.
"DatabaseTest.NoDuplicatePrimaryKeyVariableVarChar" end time: Oct 16 23:24 EDT
"DatabaseTest.NoDuplicatePrimaryKeyVariableVarChar" time elapsed: 00:00:00
----------------------------------------------------------

18/25 Testing: DatabaseTestUnordered.InsertIntoTableFixed
18/25 Test: DatabaseTestUnordered.InsertIntoTableFixed
Command: "/Users/claireliu/Developer/Databases/p1/build/database_test" "--gtest_filter=DatabaseTestUnordered.InsertIntoTableFixed" "--gtest_also_run_disabled_tests"
Directory: /Users/claireliu/Developer/Databases/p1/build
"DatabaseTestUnordered.InsertIntoTableFixed" start time: Oct 16 23:24 EDT
Output:
----------------------------------------------------------
Running main() from /Users/claireliu/Developer/Databases/p1/build/_deps/googletest-src/googletest/src/gtest_main.cc
Note: Google Test filter = DatabaseTestUnordered.InsertIntoTableFixed
[==========] Running 1 test from 1 test suite.
[----------] Global test environment set-up.
[----------] 1 test from DatabaseTestUnordered
[ RUN      ] DatabaseTestUnordered.InsertIntoTableFixed
CREATE TABLE movies
 id                   integer, 
 title                char(32), 
 rating               real, 
 PRIMARY KEY          id, 
INSERT INTO movies VALUES 27, Star Wars, 4.2
INSERT INTO movies VALUES 28, Rouge One, 3
INSERT INTO movies VALUES 25, The Last Starfighter, 3
INSERT INTO movies VALUES 26, Princess Diaries, 5
INSERT INTO movies VALUES 127, Frozen, 4.2
[       OK ] DatabaseTestUnordered.InsertIntoTableFixed (0 ms)
[----------] 1 test from DatabaseTestUnordered (0 ms total)

[----------] Global test environment tear-down
[==========] 1 test from 1 test suite ran. (0 ms total)
[  PASSED  ] 1 test.
<end of output>
Test time =   0.01 sec
----------------------------------------------------------
Test Passed.
"DatabaseTestUnordered.InsertIntoTableFixed" end time: Oct 16 23:24 EDT
"DatabaseTestUnordered.InsertIntoTableFixed" time elapsed: 00:00:00
----------------------------------------------------------

19/25 Testing: DatabaseTestUnordered.InsertIntoTableFixedLoadTest
19/25 Test: DatabaseTestUnordered.InsertIntoTableFixedLoadTest
Command: "/Users/claireliu/Developer/Databases/p1/build/database_test" "--gtest_filter=DatabaseTestUnordered.InsertIntoTableFixedLoadTest" "--gtest_also_run_disabled_tests"
Directory: /Users/claireliu/Developer/Databases/p1/build
"DatabaseTestUnordered.InsertIntoTableFixedLoadTest" start time: Oct 16 23:24 EDT
Output:
----------------------------------------------------------
Running main() from /Users/claireliu/Developer/Databases/p1/build/_deps/googletest-src/googletest/src/gtest_main.cc
Note: Google Test filter = DatabaseTestUnordered.InsertIntoTableFixedLoadTest
[==========] Running 1 test from 1 test suite.
[----------] Global test environment set-up.
[----------] 1 test from DatabaseTestUnordered
[ RUN      ] DatabaseTestUnordered.InsertIntoTableFixedLoadTest
CREATE TABLE movies
 id                   integer, 
 title                char(32), 
 rating               real, 
 PRIMARY KEY          id, 
INSERT INTO movies VALUES 27, Star Wars, 4.2
INSERT INTO movies VALUES 28, Rouge One, 3
INSERT INTO movies VALUES 25, The Last Starfighter, 3
INSERT INTO movies VALUES 26, Princess Diaries, 5
INSERT INTO movies VALUES 127, Frozen, 4.2
INSERT INTO movies VALUES 228, Big Hero 6, 3
INSERT INTO movies VALUES 237, Cars, 4.2
INSERT INTO movies VALUES 248, Cars 2, 3
INSERT INTO movies VALUES 257, Toy Story, 4.2
INSERT INTO movies VALUES 268, Tarzan, 3
INSERT INTO movies VALUES 277, Little Shop of Horrors, 4.2
INSERT INTO movies VALUES 288, Cinderella, 3
INSERT INTO movies VALUES 297, Sleeping Beauty, 4.2
INSERT INTO movies VALUES 208, Tangled, 3
INSERT INTO movies VALUES 217, Honey I Shrunk the Kids, 4.2
INSERT INTO movies VALUES 281, Back to the Future, 3
INSERT INTO movies VALUES 272, Father of the Bride, 4.2
INSERT INTO movies VALUES 283, Cheaper by the Dozen, 3
INSERT INTO movies VALUES 274, Avengers, 4.2
INSERT INTO movies VALUES 285, Joy Luck Club, 3
INSERT INTO movies VALUES 276, Crazy Rich Asians, 4.2
INSERT INTO movies VALUES 287, Solo, 3
INSERT INTO movies VALUES 278, Captain America, 4.2
INSERT INTO movies VALUES 280, Iron Man, 3
INSERT INTO movies VALUES 272, Thor, 4.2
INSERT INTO movies VALUES 283, Antman, 3
[       OK ] DatabaseTestUnordered.InsertIntoTableFixedLoadTest (0 ms)
[----------] 1 test from DatabaseTestUnordered (0 ms total)

[----------] Global test environment tear-down
[==========] 1 test from 1 test suite ran. (0 ms total)
[  PASSED  ] 1 test.
<end of output>
Test time =   0.01 sec
----------------------------------------------------------
Test Passed.
"DatabaseTestUnordered.InsertIntoTableFixedLoadTest" end time: Oct 16 23:24 EDT
"DatabaseTestUnordered.InsertIntoTableFixedLoadTest" time elapsed: 00:00:00
----------------------------------------------------------

20/25 Testing: DatabaseTestUnordered.InsertIntoTableVariable
20/25 Test: DatabaseTestUnordered.InsertIntoTableVariable
Command: "/Users/claireliu/Developer/Databases/p1/build/database_test" "--gtest_filter=DatabaseTestUnordered.InsertIntoTableVariable" "--gtest_also_run_disabled_tests"
Directory: /Users/claireliu/Developer/Databases/p1/build
"DatabaseTestUnordered.InsertIntoTableVariable" start time: Oct 16 23:24 EDT
Output:
----------------------------------------------------------
Running main() from /Users/claireliu/Developer/Databases/p1/build/_deps/googletest-src/googletest/src/gtest_main.cc
Note: Google Test filter = DatabaseTestUnordered.InsertIntoTableVariable
[==========] Running 1 test from 1 test suite.
[----------] Global test environment set-up.
[----------] 1 test from DatabaseTestUnordered
[ RUN      ] DatabaseTestUnordered.InsertIntoTableVariable
CREATE TABLE critics
 id                   integer, 
 fname                varchar(32), 
 lname                varchar(32), 
 PRIMARY KEY          id, 
INSERT INTO critics VALUES 100, Princess, Peach
nullptr :(
INSERT INTO critics VALUES 125, Luigi, Bros
INSERT INTO critics VALUES 124, Toad, Factory
INSERT INTO critics VALUES 145, Donkey, Kong
INSERT INTO critics VALUES 180, Bowser, Monster
[       OK ] DatabaseTestUnordered.InsertIntoTableVariable (0 ms)
[----------] 1 test from DatabaseTestUnordered (0 ms total)

[----------] Global test environment tear-down
[==========] 1 test from 1 test suite ran. (0 ms total)
[  PASSED  ] 1 test.
<end of output>
Test time =   0.01 sec
----------------------------------------------------------
Test Passed.
"DatabaseTestUnordered.InsertIntoTableVariable" end time: Oct 16 23:24 EDT
"DatabaseTestUnordered.InsertIntoTableVariable" time elapsed: 00:00:00
----------------------------------------------------------

21/25 Testing: DatabaseTestUnordered.InsertIntoTableVariableLoadTest
21/25 Test: DatabaseTestUnordered.InsertIntoTableVariableLoadTest
Command: "/Users/claireliu/Developer/Databases/p1/build/database_test" "--gtest_filter=DatabaseTestUnordered.InsertIntoTableVariableLoadTest" "--gtest_also_run_disabled_tests"
Directory: /Users/claireliu/Developer/Databases/p1/build
"DatabaseTestUnordered.InsertIntoTableVariableLoadTest" start time: Oct 16 23:24 EDT
Output:
----------------------------------------------------------
Running main() from /Users/claireliu/Developer/Databases/p1/build/_deps/googletest-src/googletest/src/gtest_main.cc
Note: Google Test filter = DatabaseTestUnordered.InsertIntoTableVariableLoadTest
[==========] Running 1 test from 1 test suite.
[----------] Global test environment set-up.
[----------] 1 test from DatabaseTestUnordered
[ RUN      ] DatabaseTestUnordered.InsertIntoTableVariableLoadTest
CREATE TABLE critics
 id                   integer, 
 fname                varchar(32), 
 lname                varchar(32), 
 PRIMARY KEY          id, 
INSERT INTO critics VALUES 123, Mario, Bros
nullptr :(
INSERT INTO critics VALUES 100, Princess, Peach
INSERT INTO critics VALUES 125, Luigi, Bros
INSERT INTO critics VALUES 124, Toad, Mushroom
INSERT INTO critics VALUES 145, Donkey, Kong
INSERT INTO critics VALUES 180, Bowser, Monster
INSERT INTO critics VALUES 5, Boo, Ghost
INSERT INTO critics VALUES 113, Princess, Daisy
INSERT INTO critics VALUES 114, Princess, Zelda
INSERT INTO critics VALUES 115, Princess, Rosalina
INSERT INTO critics VALUES 116, Evil, Waluigi
INSERT INTO critics VALUES 117, Toadette, Mushroom
INSERT INTO critics VALUES 118, Evil, Wario
INSERT INTO critics VALUES 1100, Goomba, Fiend
INSERT INTO critics VALUES 1125, Koopa, Troopa
INSERT INTO critics VALUES 1124, Shy, Guy
INSERT INTO critics VALUES 1145, Yoshi, Kong
INSERT INTO critics VALUES 1180, Bowser, Dragon
INSERT INTO critics VALUES 15, Baby, Mario
INSERT INTO critics VALUES 1113, Baby, Luigi
INSERT INTO critics VALUES 1114, Baby, Zelda
INSERT INTO critics VALUES 1115, Baby, Daisy
INSERT INTO critics VALUES 1116, Kirby, Pink
INSERT INTO critics VALUES 1117, Diddy, Kong
INSERT INTO critics VALUES 1118, Princess, Daisy
INSERT INTO critics VALUES 2123, Mario, Bros
INSERT INTO critics VALUES 1223, Mario, Bros
INSERT INTO critics VALUES 1200, Princess, Peach
INSERT INTO critics VALUES 1225, Luigi, Bros
INSERT INTO critics VALUES 1224, Toad, Factory
INSERT INTO critics VALUES 1245, Donkey, Kong
INSERT INTO critics VALUES 1280, Bowser, Monster
INSERT INTO critics VALUES 52, Boo, Ghost
INSERT INTO critics VALUES 1213, Princess, Daisy
INSERT INTO critics VALUES 1214, Princess, Zelda
INSERT INTO critics VALUES 1215, Princess, Daisy
INSERT INTO critics VALUES 1216, Princess, Daisy
INSERT INTO critics VALUES 1217, Princess, Daisy
INSERT INTO critics VALUES 1218, Princess, Daisy
INSERT INTO critics VALUES 12100, Princess, Peach
INSERT INTO critics VALUES 12125, Luigi, Bros
INSERT INTO critics VALUES 12124, Toad, Factory
INSERT INTO critics VALUES 12145, Donkey, Kong
INSERT INTO critics VALUES 12180, Bowser, Monster
INSERT INTO critics VALUES 125, Boo, Ghost
insertion error: duplicate primary key
INSERT INTO critics VALUES 12113, Princess, Daisy
INSERT INTO critics VALUES 122114, Princess, Zelda
INSERT INTO critics VALUES 11125, Princess, Daisy
INSERT INTO critics VALUES 12116, Princess, Daisy
INSERT INTO critics VALUES 12117, Princess, Daisy
INSERT INTO critics VALUES 12118, Princess, Daisy
[       OK ] DatabaseTestUnordered.InsertIntoTableVariableLoadTest (0 ms)
[----------] 1 test from DatabaseTestUnordered (0 ms total)

[----------] Global test environment tear-down
[==========] 1 test from 1 test suite ran. (0 ms total)
[  PASSED  ] 1 test.
<end of output>
Test time =   0.01 sec
----------------------------------------------------------
Test Passed.
"DatabaseTestUnordered.InsertIntoTableVariableLoadTest" end time: Oct 16 23:24 EDT
"DatabaseTestUnordered.InsertIntoTableVariableLoadTest" time elapsed: 00:00:00
----------------------------------------------------------

22/25 Testing: DatabaseTestOrdered.InsertIntoTableFixed
22/25 Test: DatabaseTestOrdered.InsertIntoTableFixed
Command: "/Users/claireliu/Developer/Databases/p1/build/database_test" "--gtest_filter=DatabaseTestOrdered.InsertIntoTableFixed" "--gtest_also_run_disabled_tests"
Directory: /Users/claireliu/Developer/Databases/p1/build
"DatabaseTestOrdered.InsertIntoTableFixed" start time: Oct 16 23:24 EDT
Output:
----------------------------------------------------------
Running main() from /Users/claireliu/Developer/Databases/p1/build/_deps/googletest-src/googletest/src/gtest_main.cc
Note: Google Test filter = DatabaseTestOrdered.InsertIntoTableFixed
[==========] Running 1 test from 1 test suite.
[----------] Global test environment set-up.
[----------] 1 test from DatabaseTestOrdered
[ RUN      ] DatabaseTestOrdered.InsertIntoTableFixed
CREATE TABLE movies
 id                   integer, 
 title                char(32), 
 rating               real, 
 PRIMARY KEY          id, 
INSERT INTO movies VALUES 27, Star Wars, 4.2
INSERT INTO movies VALUES 28, Rouge One, 3
INSERT INTO movies VALUES 25, The Last Starfighter, 3
INSERT INTO movies VALUES 26, Princess Diaries, 5
INSERT INTO movies VALUES 127, Frozen, 4.2
[       OK ] DatabaseTestOrdered.InsertIntoTableFixed (0 ms)
[----------] 1 test from DatabaseTestOrdered (0 ms total)

[----------] Global test environment tear-down
[==========] 1 test from 1 test suite ran. (0 ms total)
[  PASSED  ] 1 test.
<end of output>
Test time =   0.01 sec
----------------------------------------------------------
Test Passed.
"DatabaseTestOrdered.InsertIntoTableFixed" end time: Oct 16 23:24 EDT
"DatabaseTestOrdered.InsertIntoTableFixed" time elapsed: 00:00:00
----------------------------------------------------------

23/25 Testing: DatabaseTestOrdered.InsertIntoTableFixedLoadTest
23/25 Test: DatabaseTestOrdered.InsertIntoTableFixedLoadTest
Command: "/Users/claireliu/Developer/Databases/p1/build/database_test" "--gtest_filter=DatabaseTestOrdered.InsertIntoTableFixedLoadTest" "--gtest_also_run_disabled_tests"
Directory: /Users/claireliu/Developer/Databases/p1/build
"DatabaseTestOrdered.InsertIntoTableFixedLoadTest" start time: Oct 16 23:24 EDT
Output:
----------------------------------------------------------
Running main() from /Users/claireliu/Developer/Databases/p1/build/_deps/googletest-src/googletest/src/gtest_main.cc
Note: Google Test filter = DatabaseTestOrdered.InsertIntoTableFixedLoadTest
[==========] Running 1 test from 1 test suite.
[----------] Global test environment set-up.
[----------] 1 test from DatabaseTestOrdered
[ RUN      ] DatabaseTestOrdered.InsertIntoTableFixedLoadTest
CREATE TABLE movies
 id                   integer, 
 title                char(32), 
 rating               real, 
 PRIMARY KEY          id, 
INSERT INTO movies VALUES 27, Star Wars, 4.2
INSERT INTO movies VALUES 28, Rouge One, 3
INSERT INTO movies VALUES 25, The Last Starfighter, 3
INSERT INTO movies VALUES 26, Princess Diaries, 5
INSERT INTO movies VALUES 127, Frozen, 4.2
INSERT INTO movies VALUES 228, Big Hero 6, 3
INSERT INTO movies VALUES 237, Cars, 4.2
INSERT INTO movies VALUES 248, Cars 2, 3
INSERT INTO movies VALUES 257, Toy Story, 4.2
INSERT INTO movies VALUES 268, Tarzan, 3
INSERT INTO movies VALUES 277, Little Shop of Horrors, 4.2
INSERT INTO movies VALUES 288, Cinderella, 3
INSERT INTO movies VALUES 297, Sleeping Beauty, 4.2
INSERT INTO movies VALUES 208, Tangled, 3
INSERT INTO movies VALUES 217, Honey I Shrunk the Kids, 4.2
INSERT INTO movies VALUES 281, Back to the Future, 3
INSERT INTO movies VALUES 272, Father of the Bride, 4.2
INSERT INTO movies VALUES 283, Cheaper by the Dozen, 3
INSERT INTO movies VALUES 274, Avengers, 4.2
INSERT INTO movies VALUES 285, Joy Luck Club, 3
INSERT INTO movies VALUES 276, Crazy Rich Asians, 4.2
INSERT INTO movies VALUES 287, Solo, 3
INSERT INTO movies VALUES 278, Captain America, 4.2
INSERT INTO movies VALUES 280, Iron Man, 3
INSERT INTO movies VALUES 572, Thor, 4.2
INSERT INTO movies VALUES 583, Antman, 3
dataRead 0x7fcbfa706800dataRead 0x7fcbfa706828dataRead 0x7fcbfa706850dataRead 0x7fcbfa706878dataRead 0x7fcbfa7068a0dataRead 0x7fcbfa7068c8dataRead 0x7fcbfa7068f0dataRead 0x7fcbfa706918dataRead 0x7fcbfa706940dataRead 0x7fcbfa706968dataRead 0x7fcbfa706990dataRead 0x7fcbfa7069b8dataRead 0x7fcbfa706a00dataRead 0x7fcbfa706a28dataRead 0x7fcbfa706a50dataRead 0x7fcbfa706a78dataRead 0x7fcbfa706aa0dataRead 0x7fcbfa706ac8dataRead 0x7fcbfa706af0dataRead 0x7fcbfa706b18dataRead 0x7fcbfa706b40dataRead 0x7fcbfa706b68dataRead 0x7fcbfa706b90dataRead 0x7fcbfa706bb8dataRead 0x7fcbfa706c00dataRead 0x7fcbfa706c28[       OK ] DatabaseTestOrdered.InsertIntoTableFixedLoadTest (0 ms)
[----------] 1 test from DatabaseTestOrdered (0 ms total)

[----------] Global test environment tear-down
[==========] 1 test from 1 test suite ran. (0 ms total)
[  PASSED  ] 1 test.
<end of output>
Test time =   0.01 sec
----------------------------------------------------------
Test Passed.
"DatabaseTestOrdered.InsertIntoTableFixedLoadTest" end time: Oct 16 23:24 EDT
"DatabaseTestOrdered.InsertIntoTableFixedLoadTest" time elapsed: 00:00:00
----------------------------------------------------------

24/25 Testing: DatabaseTestOrdered.InsertIntoTableVariable
24/25 Test: DatabaseTestOrdered.InsertIntoTableVariable
Command: "/Users/claireliu/Developer/Databases/p1/build/database_test" "--gtest_filter=DatabaseTestOrdered.InsertIntoTableVariable" "--gtest_also_run_disabled_tests"
Directory: /Users/claireliu/Developer/Databases/p1/build
"DatabaseTestOrdered.InsertIntoTableVariable" start time: Oct 16 23:24 EDT
Output:
----------------------------------------------------------
Running main() from /Users/claireliu/Developer/Databases/p1/build/_deps/googletest-src/googletest/src/gtest_main.cc
Note: Google Test filter = DatabaseTestOrdered.InsertIntoTableVariable
[==========] Running 1 test from 1 test suite.
[----------] Global test environment set-up.
[----------] 1 test from DatabaseTestOrdered
[ RUN      ] DatabaseTestOrdered.InsertIntoTableVariable
CREATE TABLE critics
 id                   integer, 
 fname                varchar(32), 
 lname                varchar(32), 
 PRIMARY KEY          id, 
INSERT INTO critics VALUES 100, Princess, Peach
nullptr :(
INSERT INTO critics VALUES 125, Luigi, Bros
INSERT INTO critics VALUES 124, Toad, Factory
INSERT INTO critics VALUES 145, Donkey, Kong
INSERT INTO critics VALUES 180, Bowser, Monster
dataRead 0x7f81bb1048e0dataRead 0x7f81bb1048f4dataRead 0x7f81bb104906dataRead 0x7f81bb104916dataRead 0x7f81bb104927[       OK ] DatabaseTestOrdered.InsertIntoTableVariable (0 ms)
[----------] 1 test from DatabaseTestOrdered (0 ms total)

[----------] Global test environment tear-down
[==========] 1 test from 1 test suite ran. (0 ms total)
[  PASSED  ] 1 test.
<end of output>
Test time =   0.01 sec
----------------------------------------------------------
Test Passed.
"DatabaseTestOrdered.InsertIntoTableVariable" end time: Oct 16 23:24 EDT
"DatabaseTestOrdered.InsertIntoTableVariable" time elapsed: 00:00:00
----------------------------------------------------------

25/25 Testing: DatabaseTestOrdered.InsertIntoTableVariableLoadTest
25/25 Test: DatabaseTestOrdered.InsertIntoTableVariableLoadTest
Command: "/Users/claireliu/Developer/Databases/p1/build/database_test" "--gtest_filter=DatabaseTestOrdered.InsertIntoTableVariableLoadTest" "--gtest_also_run_disabled_tests"
Directory: /Users/claireliu/Developer/Databases/p1/build
"DatabaseTestOrdered.InsertIntoTableVariableLoadTest" start time: Oct 16 23:24 EDT
Output:
----------------------------------------------------------
Running main() from /Users/claireliu/Developer/Databases/p1/build/_deps/googletest-src/googletest/src/gtest_main.cc
Note: Google Test filter = DatabaseTestOrdered.InsertIntoTableVariableLoadTest
[==========] Running 1 test from 1 test suite.
[----------] Global test environment set-up.
[----------] 1 test from DatabaseTestOrdered
[ RUN      ] DatabaseTestOrdered.InsertIntoTableVariableLoadTest
CREATE TABLE critics
 id                   integer, 
 fname                varchar(32), 
 lname                varchar(32), 
 PRIMARY KEY          id, 
INSERT INTO critics VALUES 123, Mario, Bros
nullptr :(
INSERT INTO critics VALUES 100, Princess, Peach
INSERT INTO critics VALUES 125, Luigi, Bros
INSERT INTO critics VALUES 124, Toad, Mushroom
INSERT INTO critics VALUES 145, Donkey, Kong
INSERT INTO critics VALUES 180, Bowser, Monster
INSERT INTO critics VALUES 5, Boo, Ghost
INSERT INTO critics VALUES 113, Princess, Daisy
INSERT INTO critics VALUES 114, Princess, Zelda
INSERT INTO critics VALUES 115, Princess, Rosalina
INSERT INTO critics VALUES 116, Evil, Waluigi
INSERT INTO critics VALUES 117, Toadette, Mushroom
INSERT INTO critics VALUES 118, Evil, Wario
INSERT INTO critics VALUES 1100, Goomba, Fiend
INSERT INTO critics VALUES 1125, Koopa, Troopa
INSERT INTO critics VALUES 1124, Shy, Guy
INSERT INTO critics VALUES 1145, Yoshi, Kong
INSERT INTO critics VALUES 1180, Bowser, Dragon
INSERT INTO critics VALUES 15, Baby, Mario
INSERT INTO critics VALUES 1113, Baby, Luigi
INSERT INTO critics VALUES 1114, Baby, Zelda
INSERT INTO critics VALUES 1115, Baby, Daisy
INSERT INTO critics VALUES 1116, Kirby, Pink
INSERT INTO critics VALUES 1117, Diddy, Kong
INSERT INTO critics VALUES 1118, Princess, Daisy
INSERT INTO critics VALUES 2123, Mario, Bros
INSERT INTO critics VALUES 1223, Mario, Bros
INSERT INTO critics VALUES 1200, Princess, Peach
INSERT INTO critics VALUES 1225, Luigi, Bros
INSERT INTO critics VALUES 1224, Toad, Factory
INSERT INTO critics VALUES 1245, Donkey, Kong
INSERT INTO critics VALUES 1280, Bowser, Monster
INSERT INTO critics VALUES 52, Boo, Ghost
INSERT INTO critics VALUES 1213, Princess, Daisy
INSERT INTO critics VALUES 1214, Princess, Zelda
INSERT INTO critics VALUES 1215, Princess, Daisy
INSERT INTO critics VALUES 1216, Princess, Daisy
INSERT INTO critics VALUES 1217, Princess, Daisy
INSERT INTO critics VALUES 1218, Princess, Daisy
INSERT INTO critics VALUES 12100, Princess, Peach
INSERT INTO critics VALUES 12125, Luigi, Bros
INSERT INTO critics VALUES 12124, Toad, Factory
INSERT INTO critics VALUES 12145, Donkey, Kong
INSERT INTO critics VALUES 12180, Bowser, Monster
INSERT INTO critics VALUES 125, Boo, Ghost
insertion error: duplicate primary key
INSERT INTO critics VALUES 12113, Princess, Daisy
INSERT INTO critics VALUES 122114, Princess, Zelda
INSERT INTO critics VALUES 11125, Princess, Daisy
INSERT INTO critics VALUES 12116, Princess, Daisy
INSERT INTO critics VALUES 12117, Princess, Daisy
INSERT INTO critics VALUES 12118, Princess, Daisy
[       OK ] DatabaseTestOrdered.InsertIntoTableVariableLoadTest (0 ms)
[----------] 1 test from DatabaseTestOrdered (0 ms total)

[----------] Global test environment tear-down
[==========] 1 test from 1 test suite ran. (0 ms total)
[  PASSED  ] 1 test.
<end of output>
Test time =   0.01 sec
----------------------------------------------------------
Test Passed.
"DatabaseTestOrdered.InsertIntoTableVariableLoadTest" end time: Oct 16 23:24 EDT
"DatabaseTestOrdered.InsertIntoTableVariableLoadTest" time elapsed: 00:00:00
----------------------------------------------------------

End testing: Oct 16 23:24 EDT
