Start testing: Oct 16 18:06 EDT
----------------------------------------------------------
1/25 Testing: DatabaseTest.CreateTable
1/25 Test: DatabaseTest.CreateTable
Command: "/Users/claireliu/Developer/Databases/p1/build/database_test" "--gtest_filter=DatabaseTest.CreateTable" "--gtest_also_run_disabled_tests"
Directory: /Users/claireliu/Developer/Databases/p1/build
"DatabaseTest.CreateTable" start time: Oct 16 18:06 EDT
Output:
----------------------------------------------------------
Running main() from /Users/claireliu/Developer/Databases/p1/build/_deps/googletest-src/googletest/src/gtest_main.cc
Note: Google Test filter = DatabaseTest.CreateTable
[==========] Running 1 test from 1 test suite.
[----------] Global test environment set-up.
[----------] 1 test from DatabaseTest
[ RUN      ] DatabaseTest.CreateTable
attrNameSize 3
types size3
CREATE TABLE movies
 id                   integer, 
 title                char(32), 
 rating               real, 
 PRIMARY KEY          id, 
[       OK ] DatabaseTest.CreateTable (0 ms)
[----------] 1 test from DatabaseTest (0 ms total)

[----------] Global test environment tear-down
[==========] 1 test from 1 test suite ran. (0 ms total)
[  PASSED  ] 1 test.
<end of output>
Test time =   0.01 sec
----------------------------------------------------------
Test Passed.
"DatabaseTest.CreateTable" end time: Oct 16 18:06 EDT
"DatabaseTest.CreateTable" time elapsed: 00:00:00
----------------------------------------------------------

2/25 Testing: DatabaseTest.RetrieveDBPrimaryRecordOnly
2/25 Test: DatabaseTest.RetrieveDBPrimaryRecordOnly
Command: "/Users/claireliu/Developer/Databases/p1/build/database_test" "--gtest_filter=DatabaseTest.RetrieveDBPrimaryRecordOnly" "--gtest_also_run_disabled_tests"
Directory: /Users/claireliu/Developer/Databases/p1/build
"DatabaseTest.RetrieveDBPrimaryRecordOnly" start time: Oct 16 18:06 EDT
Output:
----------------------------------------------------------
Running main() from /Users/claireliu/Developer/Databases/p1/build/_deps/googletest-src/googletest/src/gtest_main.cc
Note: Google Test filter = DatabaseTest.RetrieveDBPrimaryRecordOnly
[==========] Running 1 test from 1 test suite.
[----------] Global test environment set-up.
[----------] 1 test from DatabaseTest
[ RUN      ] DatabaseTest.RetrieveDBPrimaryRecordOnly
attrNameSize 3
types size3
CREATE TABLE movies
 id                   integer, 
 title                char(32), 
 rating               real, 
 PRIMARY KEY          id, 
[       OK ] DatabaseTest.RetrieveDBPrimaryRecordOnly (0 ms)
[----------] 1 test from DatabaseTest (0 ms total)

[----------] Global test environment tear-down
[==========] 1 test from 1 test suite ran. (0 ms total)
[  PASSED  ] 1 test.
<end of output>
Test time =   0.01 sec
----------------------------------------------------------
Test Passed.
"DatabaseTest.RetrieveDBPrimaryRecordOnly" end time: Oct 16 18:06 EDT
"DatabaseTest.RetrieveDBPrimaryRecordOnly" time elapsed: 00:00:00
----------------------------------------------------------

3/25 Testing: DatabaseTest.RetrieveDBPrimaryRecordFirst
3/25 Test: DatabaseTest.RetrieveDBPrimaryRecordFirst
Command: "/Users/claireliu/Developer/Databases/p1/build/database_test" "--gtest_filter=DatabaseTest.RetrieveDBPrimaryRecordFirst" "--gtest_also_run_disabled_tests"
Directory: /Users/claireliu/Developer/Databases/p1/build
"DatabaseTest.RetrieveDBPrimaryRecordFirst" start time: Oct 16 18:06 EDT
Output:
----------------------------------------------------------
Running main() from /Users/claireliu/Developer/Databases/p1/build/_deps/googletest-src/googletest/src/gtest_main.cc
Note: Google Test filter = DatabaseTest.RetrieveDBPrimaryRecordFirst
[==========] Running 1 test from 1 test suite.
[----------] Global test environment set-up.
[----------] 1 test from DatabaseTest
[ RUN      ] DatabaseTest.RetrieveDBPrimaryRecordFirst
attrNameSize 3
types size3
CREATE TABLE movies
 id                   integer, 
 title                char(32), 
 rating               real, 
 PRIMARY KEY          id, 
attrNameSize 3
types size3
CREATE TABLE astars
 id                   integer, 
 fname                char(32), 
 lname                char(32), 
 PRIMARY KEY          id, 
attrNameSize 3
types size3
CREATE TABLE bstars
 id                   integer, 
 fname                char(32), 
 lname                char(32), 
 PRIMARY KEY          id, 
[       OK ] DatabaseTest.RetrieveDBPrimaryRecordFirst (0 ms)
[----------] 1 test from DatabaseTest (0 ms total)

[----------] Global test environment tear-down
[==========] 1 test from 1 test suite ran. (0 ms total)
[  PASSED  ] 1 test.
<end of output>
Test time =   0.01 sec
----------------------------------------------------------
Test Passed.
"DatabaseTest.RetrieveDBPrimaryRecordFirst" end time: Oct 16 18:06 EDT
"DatabaseTest.RetrieveDBPrimaryRecordFirst" time elapsed: 00:00:00
----------------------------------------------------------

4/25 Testing: DatabaseTest.RetrieveDBPrimaryRecordMiddle
4/25 Test: DatabaseTest.RetrieveDBPrimaryRecordMiddle
Command: "/Users/claireliu/Developer/Databases/p1/build/database_test" "--gtest_filter=DatabaseTest.RetrieveDBPrimaryRecordMiddle" "--gtest_also_run_disabled_tests"
Directory: /Users/claireliu/Developer/Databases/p1/build
"DatabaseTest.RetrieveDBPrimaryRecordMiddle" start time: Oct 16 18:06 EDT
Output:
----------------------------------------------------------
Running main() from /Users/claireliu/Developer/Databases/p1/build/_deps/googletest-src/googletest/src/gtest_main.cc
Note: Google Test filter = DatabaseTest.RetrieveDBPrimaryRecordMiddle
[==========] Running 1 test from 1 test suite.
[----------] Global test environment set-up.
[----------] 1 test from DatabaseTest
[ RUN      ] DatabaseTest.RetrieveDBPrimaryRecordMiddle
attrNameSize 3
types size3
CREATE TABLE astars
 id                   integer, 
 fname                char(32), 
 lname                char(32), 
 PRIMARY KEY          id, 
attrNameSize 3
types size3
CREATE TABLE movies
 id                   integer, 
 title                char(32), 
 rating               real, 
 PRIMARY KEY          id, 
attrNameSize 3
types size3
CREATE TABLE bstars
 id                   integer, 
 fname                char(32), 
 lname                char(32), 
 PRIMARY KEY          id, 
[       OK ] DatabaseTest.RetrieveDBPrimaryRecordMiddle (0 ms)
[----------] 1 test from DatabaseTest (0 ms total)

[----------] Global test environment tear-down
[==========] 1 test from 1 test suite ran. (0 ms total)
[  PASSED  ] 1 test.
<end of output>
Test time =   0.01 sec
----------------------------------------------------------
Test Passed.
"DatabaseTest.RetrieveDBPrimaryRecordMiddle" end time: Oct 16 18:06 EDT
"DatabaseTest.RetrieveDBPrimaryRecordMiddle" time elapsed: 00:00:00
----------------------------------------------------------

5/25 Testing: DatabaseTest.RetrieveDBPrimaryRecordEnd
5/25 Test: DatabaseTest.RetrieveDBPrimaryRecordEnd
Command: "/Users/claireliu/Developer/Databases/p1/build/database_test" "--gtest_filter=DatabaseTest.RetrieveDBPrimaryRecordEnd" "--gtest_also_run_disabled_tests"
Directory: /Users/claireliu/Developer/Databases/p1/build
"DatabaseTest.RetrieveDBPrimaryRecordEnd" start time: Oct 16 18:06 EDT
Output:
----------------------------------------------------------
Running main() from /Users/claireliu/Developer/Databases/p1/build/_deps/googletest-src/googletest/src/gtest_main.cc
Note: Google Test filter = DatabaseTest.RetrieveDBPrimaryRecordEnd
[==========] Running 1 test from 1 test suite.
[----------] Global test environment set-up.
[----------] 1 test from DatabaseTest
[ RUN      ] DatabaseTest.RetrieveDBPrimaryRecordEnd
attrNameSize 3
types size3
CREATE TABLE astars
 id                   integer, 
 fname                char(32), 
 lname                char(32), 
 PRIMARY KEY          id, 
attrNameSize 3
types size3
CREATE TABLE bstars
 id                   integer, 
 fname                char(32), 
 lname                char(32), 
 PRIMARY KEY          id, 
attrNameSize 3
types size3
CREATE TABLE movies
 id                   integer, 
 title                char(32), 
 rating               real, 
 PRIMARY KEY          id, 
[       OK ] DatabaseTest.RetrieveDBPrimaryRecordEnd (0 ms)
[----------] 1 test from DatabaseTest (0 ms total)

[----------] Global test environment tear-down
[==========] 1 test from 1 test suite ran. (0 ms total)
[  PASSED  ] 1 test.
<end of output>
Test time =   0.01 sec
----------------------------------------------------------
Test Passed.
"DatabaseTest.RetrieveDBPrimaryRecordEnd" end time: Oct 16 18:06 EDT
"DatabaseTest.RetrieveDBPrimaryRecordEnd" time elapsed: 00:00:00
----------------------------------------------------------

6/25 Testing: DatabaseTest.NoDuplicateTableNames
6/25 Test: DatabaseTest.NoDuplicateTableNames
Command: "/Users/claireliu/Developer/Databases/p1/build/database_test" "--gtest_filter=DatabaseTest.NoDuplicateTableNames" "--gtest_also_run_disabled_tests"
Directory: /Users/claireliu/Developer/Databases/p1/build
"DatabaseTest.NoDuplicateTableNames" start time: Oct 16 18:06 EDT
Output:
----------------------------------------------------------
Running main() from /Users/claireliu/Developer/Databases/p1/build/_deps/googletest-src/googletest/src/gtest_main.cc
Note: Google Test filter = DatabaseTest.NoDuplicateTableNames
[==========] Running 1 test from 1 test suite.
[----------] Global test environment set-up.
[----------] 1 test from DatabaseTest
[ RUN      ] DatabaseTest.NoDuplicateTableNames
attrNameSize 3
types size3
CREATE TABLE movies
 id                   integer, 
 title                char(32), 
 rating               real, 
 PRIMARY KEY          id, 
Table of same name has already been created
[       OK ] DatabaseTest.NoDuplicateTableNames (0 ms)
[----------] 1 test from DatabaseTest (0 ms total)

[----------] Global test environment tear-down
[==========] 1 test from 1 test suite ran. (0 ms total)
[  PASSED  ] 1 test.
<end of output>
Test time =   0.01 sec
----------------------------------------------------------
Test Passed.
"DatabaseTest.NoDuplicateTableNames" end time: Oct 16 18:06 EDT
"DatabaseTest.NoDuplicateTableNames" time elapsed: 00:00:00
----------------------------------------------------------

7/25 Testing: DatabaseTest.NoDuplicateTableAttributes
7/25 Test: DatabaseTest.NoDuplicateTableAttributes
Command: "/Users/claireliu/Developer/Databases/p1/build/database_test" "--gtest_filter=DatabaseTest.NoDuplicateTableAttributes" "--gtest_also_run_disabled_tests"
Directory: /Users/claireliu/Developer/Databases/p1/build
"DatabaseTest.NoDuplicateTableAttributes" start time: Oct 16 18:06 EDT
Output:
----------------------------------------------------------
Running main() from /Users/claireliu/Developer/Databases/p1/build/_deps/googletest-src/googletest/src/gtest_main.cc
Note: Google Test filter = DatabaseTest.NoDuplicateTableAttributes
[==========] Running 1 test from 1 test suite.
[----------] Global test environment set-up.
[----------] 1 test from DatabaseTest
[ RUN      ] DatabaseTest.NoDuplicateTableAttributes
Error creating movies. Attributes cannot have the same name.
[       OK ] DatabaseTest.NoDuplicateTableAttributes (0 ms)
[----------] 1 test from DatabaseTest (0 ms total)

[----------] Global test environment tear-down
[==========] 1 test from 1 test suite ran. (0 ms total)
[  PASSED  ] 1 test.
<end of output>
Test time =   0.01 sec
----------------------------------------------------------
Test Passed.
"DatabaseTest.NoDuplicateTableAttributes" end time: Oct 16 18:06 EDT
"DatabaseTest.NoDuplicateTableAttributes" time elapsed: 00:00:00
----------------------------------------------------------

8/25 Testing: DatabaseTest.LoadTestForDBPrimaryAndDBAttributes
8/25 Test: DatabaseTest.LoadTestForDBPrimaryAndDBAttributes
Command: "/Users/claireliu/Developer/Databases/p1/build/database_test" "--gtest_filter=DatabaseTest.LoadTestForDBPrimaryAndDBAttributes" "--gtest_also_run_disabled_tests"
Directory: /Users/claireliu/Developer/Databases/p1/build
"DatabaseTest.LoadTestForDBPrimaryAndDBAttributes" start time: Oct 16 18:06 EDT
Output:
----------------------------------------------------------
Running main() from /Users/claireliu/Developer/Databases/p1/build/_deps/googletest-src/googletest/src/gtest_main.cc
Note: Google Test filter = DatabaseTest.LoadTestForDBPrimaryAndDBAttributes
[==========] Running 1 test from 1 test suite.
[----------] Global test environment set-up.
[----------] 1 test from DatabaseTest
[ RUN      ] DatabaseTest.LoadTestForDBPrimaryAndDBAttributes
attrNameSize 3
types size3
CREATE TABLE movies
 id                   integer, 
 title                char(32), 
 rating               real, 
 PRIMARY KEY          id, 
attrNameSize 3
types size3
CREATE TABLE astars
 id                   integer, 
 fname                char(32), 
 lname                char(32), 
 PRIMARY KEY          id, 
attrNameSize 3
types size3
CREATE TABLE bstars
 id                   integer, 
 fname                char(32), 
 lname                char(32), 
 PRIMARY KEY          id, 
attrNameSize 3
types size3
CREATE TABLE cstars
 id                   integer, 
 fname                char(32), 
 lname                char(32), 
 PRIMARY KEY          id, 
attrNameSize 3
types size3
CREATE TABLE dstars
 id                   integer, 
 fname                char(32), 
 lname                char(32), 
 PRIMARY KEY          id, 
attrNameSize 3
types size3
CREATE TABLE estars
 id                   integer, 
 fname                char(32), 
 lname                char(32), 
 PRIMARY KEY          id, 
attrNameSize 3
types size3
CREATE TABLE fstars
 id                   integer, 
 fname                char(32), 
 lname                char(32), 
 PRIMARY KEY          id, 
attrNameSize 3
types size3
CREATE TABLE gstars
 id                   integer, 
 fname                char(32), 
 lname                char(32), 
 PRIMARY KEY          id, 
attrNameSize 3
types size3
CREATE TABLE aastars
 id                   integer, 
 fname                char(32), 
 lname                char(32), 
 PRIMARY KEY          id, 
attrNameSize 3
types size3
CREATE TABLE bastars
 id                   integer, 
 fname                char(32), 
 lname                char(32), 
 PRIMARY KEY          id, 
attrNameSize 3
types size3
CREATE TABLE castars
 id                   integer, 
 fname                char(32), 
 lname                char(32), 
 PRIMARY KEY          id, 
attrNameSize 3
types size3
CREATE TABLE dastars
 id                   integer, 
 fname                char(32), 
 lname                char(32), 
 PRIMARY KEY          id, 
attrNameSize 3
types size3
CREATE TABLE eastars
 id                   integer, 
 fname                char(32), 
 lname                char(32), 
 PRIMARY KEY          id, 
attrNameSize 3
types size3
CREATE TABLE fastars
 id                   integer, 
 fname                char(32), 
 lname                char(32), 
 PRIMARY KEY          id, 
attrNameSize 3
types size3
CREATE TABLE gastars
 id                   integer, 
 fname                char(32), 
 lname                char(32), 
 PRIMARY KEY          id, 
[       OK ] DatabaseTest.LoadTestForDBPrimaryAndDBAttributes (0 ms)
[----------] 1 test from DatabaseTest (0 ms total)

[----------] Global test environment tear-down
[==========] 1 test from 1 test suite ran. (0 ms total)
[  PASSED  ] 1 test.
<end of output>
Test time =   0.01 sec
----------------------------------------------------------
Test Passed.
"DatabaseTest.LoadTestForDBPrimaryAndDBAttributes" end time: Oct 16 18:06 EDT
"DatabaseTest.LoadTestForDBPrimaryAndDBAttributes" time elapsed: 00:00:00
----------------------------------------------------------

9/25 Testing: DatabaseTest.NoDuplicatePrimaryKeyFixedInteger
9/25 Test: DatabaseTest.NoDuplicatePrimaryKeyFixedInteger
Command: "/Users/claireliu/Developer/Databases/p1/build/database_test" "--gtest_filter=DatabaseTest.NoDuplicatePrimaryKeyFixedInteger" "--gtest_also_run_disabled_tests"
Directory: /Users/claireliu/Developer/Databases/p1/build
"DatabaseTest.NoDuplicatePrimaryKeyFixedInteger" start time: Oct 16 18:06 EDT
Output:
----------------------------------------------------------
Running main() from /Users/claireliu/Developer/Databases/p1/build/_deps/googletest-src/googletest/src/gtest_main.cc
Note: Google Test filter = DatabaseTest.NoDuplicatePrimaryKeyFixedInteger
[==========] Running 1 test from 1 test suite.
[----------] Global test environment set-up.
[----------] 1 test from DatabaseTest
[ RUN      ] DatabaseTest.NoDuplicatePrimaryKeyFixedInteger
attrNameSize 3
types size3
CREATE TABLE movies
 id                   integer, 
 title                char(32), 
 rating               real, 
 PRIMARY KEY          id, 
INSERT INTO movies VALUES found record
after ptr stuff
dataType 3
27, dataType 1
Star Wars, dataType 4
4.2
INSERT INTO movies VALUES found record
after ptr stuff
dataType 3
28, dataType 1
Rouge One, dataType 4
3
INSERT INTO movies VALUES found record
after ptr stuff
dataType 3
25, dataType 1
The Last Starfighter, dataType 4
3
INSERT INTO movies VALUES found record
after ptr stuff
dataType 3
26, dataType 1
Princess Diaries, dataType 4
5
INSERT INTO movies VALUES found record
after ptr stuff
dataType 3
127, dataType 1
Frozen, dataType 4
4.2
INSERT INTO movies VALUES found record
after ptr stuff
dataType 3
27, dataType 1
Star Wars, dataType 4
4.2
insertion error: duplicate primary key
INSERT INTO movies VALUES found record
after ptr stuff
dataType 3
27, dataType 1
Say Anything, dataType 4
4.2
insertion error: duplicate primary key
[       OK ] DatabaseTest.NoDuplicatePrimaryKeyFixedInteger (0 ms)
[----------] 1 test from DatabaseTest (0 ms total)

[----------] Global test environment tear-down
[==========] 1 test from 1 test suite ran. (0 ms total)
[  PASSED  ] 1 test.
<end of output>
Test time =   0.01 sec
----------------------------------------------------------
Test Passed.
"DatabaseTest.NoDuplicatePrimaryKeyFixedInteger" end time: Oct 16 18:06 EDT
"DatabaseTest.NoDuplicatePrimaryKeyFixedInteger" time elapsed: 00:00:00
----------------------------------------------------------

10/25 Testing: DatabaseTest.NoDuplicatePrimaryKeyFixedSmallInt
10/25 Test: DatabaseTest.NoDuplicatePrimaryKeyFixedSmallInt
Command: "/Users/claireliu/Developer/Databases/p1/build/database_test" "--gtest_filter=DatabaseTest.NoDuplicatePrimaryKeyFixedSmallInt" "--gtest_also_run_disabled_tests"
Directory: /Users/claireliu/Developer/Databases/p1/build
"DatabaseTest.NoDuplicatePrimaryKeyFixedSmallInt" start time: Oct 16 18:06 EDT
Output:
----------------------------------------------------------
Running main() from /Users/claireliu/Developer/Databases/p1/build/_deps/googletest-src/googletest/src/gtest_main.cc
Note: Google Test filter = DatabaseTest.NoDuplicatePrimaryKeyFixedSmallInt
[==========] Running 1 test from 1 test suite.
[----------] Global test environment set-up.
[----------] 1 test from DatabaseTest
[ RUN      ] DatabaseTest.NoDuplicatePrimaryKeyFixedSmallInt
attrNameSize 3
types size3
CREATE TABLE movies
 id                   smallint, 
 title                char(32), 
 rating               real, 
 PRIMARY KEY          id, 
INSERT INTO movies VALUES found record
after ptr stuff
dataType 2
27, dataType 1
Star Wars, dataType 4
4.2
INSERT INTO movies VALUES found record
after ptr stuff
dataType 2
27, dataType 1
Star Wars, dataType 4
4.2
insertion error: duplicate primary key
[       OK ] DatabaseTest.NoDuplicatePrimaryKeyFixedSmallInt (0 ms)
[----------] 1 test from DatabaseTest (0 ms total)

[----------] Global test environment tear-down
[==========] 1 test from 1 test suite ran. (0 ms total)
[  PASSED  ] 1 test.
<end of output>
Test time =   0.01 sec
----------------------------------------------------------
Test Passed.
"DatabaseTest.NoDuplicatePrimaryKeyFixedSmallInt" end time: Oct 16 18:06 EDT
"DatabaseTest.NoDuplicatePrimaryKeyFixedSmallInt" time elapsed: 00:00:00
----------------------------------------------------------

11/25 Testing: DatabaseTest.NoDuplicatePrimaryKeyFixedFloat
11/25 Test: DatabaseTest.NoDuplicatePrimaryKeyFixedFloat
Command: "/Users/claireliu/Developer/Databases/p1/build/database_test" "--gtest_filter=DatabaseTest.NoDuplicatePrimaryKeyFixedFloat" "--gtest_also_run_disabled_tests"
Directory: /Users/claireliu/Developer/Databases/p1/build
"DatabaseTest.NoDuplicatePrimaryKeyFixedFloat" start time: Oct 16 18:06 EDT
Output:
----------------------------------------------------------
Running main() from /Users/claireliu/Developer/Databases/p1/build/_deps/googletest-src/googletest/src/gtest_main.cc
Note: Google Test filter = DatabaseTest.NoDuplicatePrimaryKeyFixedFloat
[==========] Running 1 test from 1 test suite.
[----------] Global test environment set-up.
[----------] 1 test from DatabaseTest
[ RUN      ] DatabaseTest.NoDuplicatePrimaryKeyFixedFloat
attrNameSize 3
types size3
CREATE TABLE movies
 id                   smallint, 
 title                char(32), 
 rating               real, 
 PRIMARY KEY          rating, 
INSERT INTO movies VALUES found record
after ptr stuff
dataType 2
27, dataType 1
Star Wars, dataType 4
4.2
INSERT INTO movies VALUES found record
after ptr stuff
dataType 2
27, dataType 1
Star Wars, dataType 4
4.2
insertion error: duplicate primary key
[       OK ] DatabaseTest.NoDuplicatePrimaryKeyFixedFloat (0 ms)
[----------] 1 test from DatabaseTest (0 ms total)

[----------] Global test environment tear-down
[==========] 1 test from 1 test suite ran. (0 ms total)
[  PASSED  ] 1 test.
<end of output>
Test time =   0.01 sec
----------------------------------------------------------
Test Passed.
"DatabaseTest.NoDuplicatePrimaryKeyFixedFloat" end time: Oct 16 18:06 EDT
"DatabaseTest.NoDuplicatePrimaryKeyFixedFloat" time elapsed: 00:00:00
----------------------------------------------------------

12/25 Testing: DatabaseTest.NoDuplicatePrimaryKeyFixedChar
12/25 Test: DatabaseTest.NoDuplicatePrimaryKeyFixedChar
Command: "/Users/claireliu/Developer/Databases/p1/build/database_test" "--gtest_filter=DatabaseTest.NoDuplicatePrimaryKeyFixedChar" "--gtest_also_run_disabled_tests"
Directory: /Users/claireliu/Developer/Databases/p1/build
"DatabaseTest.NoDuplicatePrimaryKeyFixedChar" start time: Oct 16 18:06 EDT
Output:
----------------------------------------------------------
Running main() from /Users/claireliu/Developer/Databases/p1/build/_deps/googletest-src/googletest/src/gtest_main.cc
Note: Google Test filter = DatabaseTest.NoDuplicatePrimaryKeyFixedChar
[==========] Running 1 test from 1 test suite.
[----------] Global test environment set-up.
[----------] 1 test from DatabaseTest
[ RUN      ] DatabaseTest.NoDuplicatePrimaryKeyFixedChar
attrNameSize 3
types size3
CREATE TABLE movies
 id                   smallint, 
 title                char(32), 
 rating               real, 
 PRIMARY KEY          title, 
INSERT INTO movies VALUES found record
after ptr stuff
dataType 2
27, dataType 1
Star Wars, dataType 4
4.2
INSERT INTO movies VALUES found record
after ptr stuff
dataType 2
27, dataType 1
Star Wars, dataType 4
4.2
insertion error: duplicate primary key
[       OK ] DatabaseTest.NoDuplicatePrimaryKeyFixedChar (0 ms)
[----------] 1 test from DatabaseTest (0 ms total)

[----------] Global test environment tear-down
[==========] 1 test from 1 test suite ran. (0 ms total)
[  PASSED  ] 1 test.
<end of output>
Test time =   0.01 sec
----------------------------------------------------------
Test Passed.
"DatabaseTest.NoDuplicatePrimaryKeyFixedChar" end time: Oct 16 18:06 EDT
"DatabaseTest.NoDuplicatePrimaryKeyFixedChar" time elapsed: 00:00:00
----------------------------------------------------------

13/25 Testing: DatabaseTest.NoDuplicatePrimaryKeyVariableInteger
13/25 Test: DatabaseTest.NoDuplicatePrimaryKeyVariableInteger
Command: "/Users/claireliu/Developer/Databases/p1/build/database_test" "--gtest_filter=DatabaseTest.NoDuplicatePrimaryKeyVariableInteger" "--gtest_also_run_disabled_tests"
Directory: /Users/claireliu/Developer/Databases/p1/build
"DatabaseTest.NoDuplicatePrimaryKeyVariableInteger" start time: Oct 16 18:06 EDT
Output:
----------------------------------------------------------
Running main() from /Users/claireliu/Developer/Databases/p1/build/_deps/googletest-src/googletest/src/gtest_main.cc
Note: Google Test filter = DatabaseTest.NoDuplicatePrimaryKeyVariableInteger
[==========] Running 1 test from 1 test suite.
[----------] Global test environment set-up.
[----------] 1 test from DatabaseTest
[ RUN      ] DatabaseTest.NoDuplicatePrimaryKeyVariableInteger
attrNameSize 3
types size3
CREATE TABLE critics
 id                   integer, 
 fname                varchar(32), 
 lname                varchar(32), 
 PRIMARY KEY          id, 
INSERT INTO critics VALUES found record
after ptr stuff
dataType 3
123, dataType 0
varcharMario, dataType 0
varcharBros
nullptr :(
INSERT INTO critics VALUES found record
after ptr stuff
dataType 3
123, dataType 0
varcharMario, dataType 0
varcharBros
insertion error: duplicate primary key
[       OK ] DatabaseTest.NoDuplicatePrimaryKeyVariableInteger (0 ms)
[----------] 1 test from DatabaseTest (0 ms total)

[----------] Global test environment tear-down
[==========] 1 test from 1 test suite ran. (0 ms total)
[  PASSED  ] 1 test.
<end of output>
Test time =   0.01 sec
----------------------------------------------------------
Test Passed.
"DatabaseTest.NoDuplicatePrimaryKeyVariableInteger" end time: Oct 16 18:06 EDT
"DatabaseTest.NoDuplicatePrimaryKeyVariableInteger" time elapsed: 00:00:00
----------------------------------------------------------

14/25 Testing: DatabaseTest.NoDuplicatePrimaryKeyVariableSmallInt
14/25 Test: DatabaseTest.NoDuplicatePrimaryKeyVariableSmallInt
Command: "/Users/claireliu/Developer/Databases/p1/build/database_test" "--gtest_filter=DatabaseTest.NoDuplicatePrimaryKeyVariableSmallInt" "--gtest_also_run_disabled_tests"
Directory: /Users/claireliu/Developer/Databases/p1/build
"DatabaseTest.NoDuplicatePrimaryKeyVariableSmallInt" start time: Oct 16 18:06 EDT
Output:
----------------------------------------------------------
Running main() from /Users/claireliu/Developer/Databases/p1/build/_deps/googletest-src/googletest/src/gtest_main.cc
Note: Google Test filter = DatabaseTest.NoDuplicatePrimaryKeyVariableSmallInt
[==========] Running 1 test from 1 test suite.
[----------] Global test environment set-up.
[----------] 1 test from DatabaseTest
[ RUN      ] DatabaseTest.NoDuplicatePrimaryKeyVariableSmallInt
attrNameSize 4
types size4
CREATE TABLE movies
 id                   smallint, 
 title                varchar(32), 
 director             char(32), 
 rating               real, 
 PRIMARY KEY          id, 
INSERT INTO movies VALUES found record
after ptr stuff
dataType 2
27, dataType 0
varcharStar Wars, dataType 1
George Lucas, dataType 4
4.2
nullptr :(
INSERT INTO movies VALUES found record
after ptr stuff
dataType 2
27, dataType 0
varcharStar Wars, dataType 1
George Lucas, dataType 4
4.2
insertion error: duplicate primary key
[       OK ] DatabaseTest.NoDuplicatePrimaryKeyVariableSmallInt (0 ms)
[----------] 1 test from DatabaseTest (0 ms total)

[----------] Global test environment tear-down
[==========] 1 test from 1 test suite ran. (0 ms total)
[  PASSED  ] 1 test.
<end of output>
Test time =   0.01 sec
----------------------------------------------------------
Test Passed.
"DatabaseTest.NoDuplicatePrimaryKeyVariableSmallInt" end time: Oct 16 18:06 EDT
"DatabaseTest.NoDuplicatePrimaryKeyVariableSmallInt" time elapsed: 00:00:00
----------------------------------------------------------

15/25 Testing: DatabaseTest.NoDuplicatePrimaryKeyVariableFloat
15/25 Test: DatabaseTest.NoDuplicatePrimaryKeyVariableFloat
Command: "/Users/claireliu/Developer/Databases/p1/build/database_test" "--gtest_filter=DatabaseTest.NoDuplicatePrimaryKeyVariableFloat" "--gtest_also_run_disabled_tests"
Directory: /Users/claireliu/Developer/Databases/p1/build
"DatabaseTest.NoDuplicatePrimaryKeyVariableFloat" start time: Oct 16 18:06 EDT
Output:
----------------------------------------------------------
Running main() from /Users/claireliu/Developer/Databases/p1/build/_deps/googletest-src/googletest/src/gtest_main.cc
Note: Google Test filter = DatabaseTest.NoDuplicatePrimaryKeyVariableFloat
[==========] Running 1 test from 1 test suite.
[----------] Global test environment set-up.
[----------] 1 test from DatabaseTest
[ RUN      ] DatabaseTest.NoDuplicatePrimaryKeyVariableFloat
attrNameSize 4
types size4
CREATE TABLE movies
 id                   smallint, 
 director             char(32), 
 rating               real, 
 UHâÂAWAVSPHâÛIâ˛HçFHÉ‡HÉ˛æ , 
 PRIMARY KEY          rating, 
INSERT INTO movies VALUES found record
after ptr stuff
dataType 2
27, dataType 1
George Lucas, dataType 4
4.2, dataType 5

INSERT INTO movies VALUES found record
after ptr stuff
dataType 2
27, dataType 1
George Lucas, dataType 4
4.2, dataType 5

insertion error: duplicate primary key
[       OK ] DatabaseTest.NoDuplicatePrimaryKeyVariableFloat (0 ms)
[----------] 1 test from DatabaseTest (0 ms total)

[----------] Global test environment tear-down
[==========] 1 test from 1 test suite ran. (0 ms total)
[  PASSED  ] 1 test.
<end of output>
Test time =   0.01 sec
----------------------------------------------------------
Test Passed.
"DatabaseTest.NoDuplicatePrimaryKeyVariableFloat" end time: Oct 16 18:06 EDT
"DatabaseTest.NoDuplicatePrimaryKeyVariableFloat" time elapsed: 00:00:00
----------------------------------------------------------

16/25 Testing: DatabaseTest.NoDuplicatePrimaryKeyVariableChar
16/25 Test: DatabaseTest.NoDuplicatePrimaryKeyVariableChar
Command: "/Users/claireliu/Developer/Databases/p1/build/database_test" "--gtest_filter=DatabaseTest.NoDuplicatePrimaryKeyVariableChar" "--gtest_also_run_disabled_tests"
Directory: /Users/claireliu/Developer/Databases/p1/build
"DatabaseTest.NoDuplicatePrimaryKeyVariableChar" start time: Oct 16 18:06 EDT
Output:
----------------------------------------------------------
Running main() from /Users/claireliu/Developer/Databases/p1/build/_deps/googletest-src/googletest/src/gtest_main.cc
Note: Google Test filter = DatabaseTest.NoDuplicatePrimaryKeyVariableChar
[==========] Running 1 test from 1 test suite.
[----------] Global test environment set-up.
[----------] 1 test from DatabaseTest
[ RUN      ] DatabaseTest.NoDuplicatePrimaryKeyVariableChar
attrNameSize 4
types size4
CREATE TABLE movies
 id                   smallint, 
 title                varchar(32), 
 director             char(32), 
 rating               real, 
 PRIMARY KEY          director, 
INSERT INTO movies VALUES found record
after ptr stuff
dataType 2
27, dataType 0
varcharStar Wars, dataType 1
George Lucas, dataType 4
4.2
nullptr :(
INSERT INTO movies VALUES found record
after ptr stuff
dataType 2
27, dataType 0
varcharStar Wars, dataType 1
George Lucas, dataType 4
4.2
pkToFind George Lucas
insertion error: duplicate primary key
[       OK ] DatabaseTest.NoDuplicatePrimaryKeyVariableChar (0 ms)
[----------] 1 test from DatabaseTest (0 ms total)

[----------] Global test environment tear-down
[==========] 1 test from 1 test suite ran. (0 ms total)
[  PASSED  ] 1 test.
<end of output>
Test time =   0.01 sec
----------------------------------------------------------
Test Passed.
"DatabaseTest.NoDuplicatePrimaryKeyVariableChar" end time: Oct 16 18:06 EDT
"DatabaseTest.NoDuplicatePrimaryKeyVariableChar" time elapsed: 00:00:00
----------------------------------------------------------

17/25 Testing: DatabaseTest.NoDuplicatePrimaryKeyVariableVarChar
17/25 Test: DatabaseTest.NoDuplicatePrimaryKeyVariableVarChar
Command: "/Users/claireliu/Developer/Databases/p1/build/database_test" "--gtest_filter=DatabaseTest.NoDuplicatePrimaryKeyVariableVarChar" "--gtest_also_run_disabled_tests"
Directory: /Users/claireliu/Developer/Databases/p1/build
"DatabaseTest.NoDuplicatePrimaryKeyVariableVarChar" start time: Oct 16 18:06 EDT
Output:
----------------------------------------------------------
Running main() from /Users/claireliu/Developer/Databases/p1/build/_deps/googletest-src/googletest/src/gtest_main.cc
Note: Google Test filter = DatabaseTest.NoDuplicatePrimaryKeyVariableVarChar
[==========] Running 1 test from 1 test suite.
[----------] Global test environment set-up.
[----------] 1 test from DatabaseTest
[ RUN      ] DatabaseTest.NoDuplicatePrimaryKeyVariableVarChar
attrNameSize 4
types size4
CREATE TABLE movies
 id                   smallint, 
 title                varchar(32), 
 director             char(32), 
 rating               real, 
 PRIMARY KEY          title, 
INSERT INTO movies VALUES found record
after ptr stuff
dataType 2
27, dataType 0
varcharStar Wars, dataType 1
George Lucas, dataType 4
4.2
nullptr :(
INSERT INTO movies VALUES found record
after ptr stuff
dataType 2
27, dataType 0
varcharStar Wars, dataType 1
George Lucas, dataType 4
4.2
insertion error: duplicate primary key
[       OK ] DatabaseTest.NoDuplicatePrimaryKeyVariableVarChar (0 ms)
[----------] 1 test from DatabaseTest (0 ms total)

[----------] Global test environment tear-down
[==========] 1 test from 1 test suite ran. (0 ms total)
[  PASSED  ] 1 test.
<end of output>
Test time =   0.01 sec
----------------------------------------------------------
Test Passed.
"DatabaseTest.NoDuplicatePrimaryKeyVariableVarChar" end time: Oct 16 18:06 EDT
"DatabaseTest.NoDuplicatePrimaryKeyVariableVarChar" time elapsed: 00:00:00
----------------------------------------------------------

18/25 Testing: DatabaseTestUnordered.InsertIntoTableFixed
18/25 Test: DatabaseTestUnordered.InsertIntoTableFixed
Command: "/Users/claireliu/Developer/Databases/p1/build/database_test" "--gtest_filter=DatabaseTestUnordered.InsertIntoTableFixed" "--gtest_also_run_disabled_tests"
Directory: /Users/claireliu/Developer/Databases/p1/build
"DatabaseTestUnordered.InsertIntoTableFixed" start time: Oct 16 18:06 EDT
Output:
----------------------------------------------------------
Running main() from /Users/claireliu/Developer/Databases/p1/build/_deps/googletest-src/googletest/src/gtest_main.cc
Note: Google Test filter = DatabaseTestUnordered.InsertIntoTableFixed
[==========] Running 1 test from 1 test suite.
[----------] Global test environment set-up.
[----------] 1 test from DatabaseTestUnordered
[ RUN      ] DatabaseTestUnordered.InsertIntoTableFixed
attrNameSize 3
types size3
CREATE TABLE movies
 id                   integer, 
 title                char(32), 
 rating               real, 
 PRIMARY KEY          id, 
INSERT INTO movies VALUES found record
after ptr stuff
dataType 3
27, dataType 1
Star Wars, dataType 4
4.2
INSERT INTO movies VALUES found record
after ptr stuff
dataType 3
28, dataType 1
Rouge One, dataType 4
3
INSERT INTO movies VALUES found record
after ptr stuff
dataType 3
25, dataType 1
The Last Starfighter, dataType 4
3
INSERT INTO movies VALUES found record
after ptr stuff
dataType 3
26, dataType 1
Princess Diaries, dataType 4
5
INSERT INTO movies VALUES found record
after ptr stuff
dataType 3
127, dataType 1
Frozen, dataType 4
4.2
[       OK ] DatabaseTestUnordered.InsertIntoTableFixed (0 ms)
[----------] 1 test from DatabaseTestUnordered (0 ms total)

[----------] Global test environment tear-down
[==========] 1 test from 1 test suite ran. (0 ms total)
[  PASSED  ] 1 test.
<end of output>
Test time =   0.01 sec
----------------------------------------------------------
Test Passed.
"DatabaseTestUnordered.InsertIntoTableFixed" end time: Oct 16 18:06 EDT
"DatabaseTestUnordered.InsertIntoTableFixed" time elapsed: 00:00:00
----------------------------------------------------------

19/25 Testing: DatabaseTestUnordered.InsertIntoTableFixedLoadTest
19/25 Test: DatabaseTestUnordered.InsertIntoTableFixedLoadTest
Command: "/Users/claireliu/Developer/Databases/p1/build/database_test" "--gtest_filter=DatabaseTestUnordered.InsertIntoTableFixedLoadTest" "--gtest_also_run_disabled_tests"
Directory: /Users/claireliu/Developer/Databases/p1/build
"DatabaseTestUnordered.InsertIntoTableFixedLoadTest" start time: Oct 16 18:06 EDT
Output:
----------------------------------------------------------
Running main() from /Users/claireliu/Developer/Databases/p1/build/_deps/googletest-src/googletest/src/gtest_main.cc
Note: Google Test filter = DatabaseTestUnordered.InsertIntoTableFixedLoadTest
[==========] Running 1 test from 1 test suite.
[----------] Global test environment set-up.
[----------] 1 test from DatabaseTestUnordered
[ RUN      ] DatabaseTestUnordered.InsertIntoTableFixedLoadTest
attrNameSize 3
types size3
CREATE TABLE movies
 id                   integer, 
 title                char(32), 
 rating               real, 
 PRIMARY KEY          id, 
INSERT INTO movies VALUES found record
after ptr stuff
dataType 3
27, dataType 1
Star Wars, dataType 4
4.2
INSERT INTO movies VALUES found record
after ptr stuff
dataType 3
28, dataType 1
Rouge One, dataType 4
3
INSERT INTO movies VALUES found record
after ptr stuff
dataType 3
25, dataType 1
The Last Starfighter, dataType 4
3
INSERT INTO movies VALUES found record
after ptr stuff
dataType 3
26, dataType 1
Princess Diaries, dataType 4
5
INSERT INTO movies VALUES found record
after ptr stuff
dataType 3
127, dataType 1
Frozen, dataType 4
4.2
INSERT INTO movies VALUES found record
after ptr stuff
dataType 3
228, dataType 1
Big Hero 6, dataType 4
3
INSERT INTO movies VALUES found record
after ptr stuff
dataType 3
237, dataType 1
Cars, dataType 4
4.2
INSERT INTO movies VALUES found record
after ptr stuff
dataType 3
248, dataType 1
Cars 2, dataType 4
3
INSERT INTO movies VALUES found record
after ptr stuff
dataType 3
257, dataType 1
Toy Story, dataType 4
4.2
INSERT INTO movies VALUES found record
after ptr stuff
dataType 3
268, dataType 1
Tarzan, dataType 4
3
INSERT INTO movies VALUES found record
after ptr stuff
dataType 3
277, dataType 1
Little Shop of Horrors, dataType 4
4.2
INSERT INTO movies VALUES found record
after ptr stuff
dataType 3
288, dataType 1
Cinderella, dataType 4
3
INSERT INTO movies VALUES found record
after ptr stuff
dataType 3
297, dataType 1
Sleeping Beauty, dataType 4
4.2
INSERT INTO movies VALUES found record
after ptr stuff
dataType 3
208, dataType 1
Tangled, dataType 4
3
INSERT INTO movies VALUES found record
after ptr stuff
dataType 3
217, dataType 1
Honey I Shrunk the Kids, dataType 4
4.2
INSERT INTO movies VALUES found record
after ptr stuff
dataType 3
281, dataType 1
Back to the Future, dataType 4
3
INSERT INTO movies VALUES found record
after ptr stuff
dataType 3
272, dataType 1
Father of the Bride, dataType 4
4.2
INSERT INTO movies VALUES found record
after ptr stuff
dataType 3
283, dataType 1
Cheaper by the Dozen, dataType 4
3
INSERT INTO movies VALUES found record
after ptr stuff
dataType 3
274, dataType 1
Avengers, dataType 4
4.2
INSERT INTO movies VALUES found record
after ptr stuff
dataType 3
285, dataType 1
Joy Luck Club, dataType 4
3
INSERT INTO movies VALUES found record
after ptr stuff
dataType 3
276, dataType 1
Crazy Rich Asians, dataType 4
4.2
INSERT INTO movies VALUES found record
after ptr stuff
dataType 3
287, dataType 1
Solo, dataType 4
3
INSERT INTO movies VALUES found record
after ptr stuff
dataType 3
278, dataType 1
Captain America, dataType 4
4.2
INSERT INTO movies VALUES found record
after ptr stuff
dataType 3
280, dataType 1
Iron Man, dataType 4
3
INSERT INTO movies VALUES found record
after ptr stuff
dataType 3
272, dataType 1
Thor, dataType 4
4.2
INSERT INTO movies VALUES found record
after ptr stuff
dataType 3
283, dataType 1
Antman, dataType 4
3
[       OK ] DatabaseTestUnordered.InsertIntoTableFixedLoadTest (0 ms)
[----------] 1 test from DatabaseTestUnordered (0 ms total)

[----------] Global test environment tear-down
[==========] 1 test from 1 test suite ran. (0 ms total)
[  PASSED  ] 1 test.
<end of output>
Test time =   0.01 sec
----------------------------------------------------------
Test Passed.
"DatabaseTestUnordered.InsertIntoTableFixedLoadTest" end time: Oct 16 18:06 EDT
"DatabaseTestUnordered.InsertIntoTableFixedLoadTest" time elapsed: 00:00:00
----------------------------------------------------------

20/25 Testing: DatabaseTestUnordered.InsertIntoTableVariable
20/25 Test: DatabaseTestUnordered.InsertIntoTableVariable
Command: "/Users/claireliu/Developer/Databases/p1/build/database_test" "--gtest_filter=DatabaseTestUnordered.InsertIntoTableVariable" "--gtest_also_run_disabled_tests"
Directory: /Users/claireliu/Developer/Databases/p1/build
"DatabaseTestUnordered.InsertIntoTableVariable" start time: Oct 16 18:06 EDT
Output:
----------------------------------------------------------
Running main() from /Users/claireliu/Developer/Databases/p1/build/_deps/googletest-src/googletest/src/gtest_main.cc
Note: Google Test filter = DatabaseTestUnordered.InsertIntoTableVariable
[==========] Running 1 test from 1 test suite.
[----------] Global test environment set-up.
[----------] 1 test from DatabaseTestUnordered
[ RUN      ] DatabaseTestUnordered.InsertIntoTableVariable
attrNameSize 3
types size3
CREATE TABLE critics
 id                   integer, 
 fname                varchar(32), 
 lname                varchar(32), 
 PRIMARY KEY          id, 
INSERT INTO critics VALUES found record
after ptr stuff
dataType 3
100, dataType 0
varcharPrincess, dataType 0
varcharPeach
nullptr :(
INSERT INTO critics VALUES found record
after ptr stuff
dataType 3
125, dataType 0
varcharLuigi, dataType 0
varcharBros
INSERT INTO critics VALUES found record
after ptr stuff
dataType 3
124, dataType 0
varcharToad, dataType 0
varcharFactory
INSERT INTO critics VALUES found record
after ptr stuff
dataType 3
145, dataType 0
varcharDonkey, dataType 0
varcharKong
INSERT INTO critics VALUES found record
after ptr stuff
dataType 3
180, dataType 0
varcharBowser, dataType 0
varcharMonster
[       OK ] DatabaseTestUnordered.InsertIntoTableVariable (0 ms)
[----------] 1 test from DatabaseTestUnordered (0 ms total)

[----------] Global test environment tear-down
[==========] 1 test from 1 test suite ran. (0 ms total)
[  PASSED  ] 1 test.
<end of output>
Test time =   0.01 sec
----------------------------------------------------------
Test Passed.
"DatabaseTestUnordered.InsertIntoTableVariable" end time: Oct 16 18:06 EDT
"DatabaseTestUnordered.InsertIntoTableVariable" time elapsed: 00:00:00
----------------------------------------------------------

21/25 Testing: DatabaseTestUnordered.InsertIntoTableVariableLoadTest
21/25 Test: DatabaseTestUnordered.InsertIntoTableVariableLoadTest
Command: "/Users/claireliu/Developer/Databases/p1/build/database_test" "--gtest_filter=DatabaseTestUnordered.InsertIntoTableVariableLoadTest" "--gtest_also_run_disabled_tests"
Directory: /Users/claireliu/Developer/Databases/p1/build
"DatabaseTestUnordered.InsertIntoTableVariableLoadTest" start time: Oct 16 18:06 EDT
Output:
----------------------------------------------------------
Running main() from /Users/claireliu/Developer/Databases/p1/build/_deps/googletest-src/googletest/src/gtest_main.cc
Note: Google Test filter = DatabaseTestUnordered.InsertIntoTableVariableLoadTest
[==========] Running 1 test from 1 test suite.
[----------] Global test environment set-up.
[----------] 1 test from DatabaseTestUnordered
[ RUN      ] DatabaseTestUnordered.InsertIntoTableVariableLoadTest
attrNameSize 3
types size3
CREATE TABLE critics
 id                   integer, 
 fname                varchar(32), 
 lname                varchar(32), 
 PRIMARY KEY          id, 
INSERT INTO critics VALUES found record
after ptr stuff
dataType 3
123, dataType 0
varcharMario, dataType 0
varcharBros
nullptr :(
INSERT INTO critics VALUES found record
after ptr stuff
dataType 3
100, dataType 0
varcharPrincess, dataType 0
varcharPeach
INSERT INTO critics VALUES found record
after ptr stuff
dataType 3
125, dataType 0
varcharLuigi, dataType 0
varcharBros
INSERT INTO critics VALUES found record
after ptr stuff
dataType 3
124, dataType 0
varcharToad, dataType 0
varcharMushroom
INSERT INTO critics VALUES found record
after ptr stuff
dataType 3
145, dataType 0
varcharDonkey, dataType 0
varcharKong
INSERT INTO critics VALUES found record
after ptr stuff
dataType 3
180, dataType 0
varcharBowser, dataType 0
varcharMonster
INSERT INTO critics VALUES found record
after ptr stuff
dataType 3
5, dataType 0
varcharBoo, dataType 0
varcharGhost
INSERT INTO critics VALUES found record
after ptr stuff
dataType 3
113, dataType 0
varcharPrincess, dataType 0
varcharDaisy
INSERT INTO critics VALUES found record
after ptr stuff
dataType 3
114, dataType 0
varcharPrincess, dataType 0
varcharZelda
INSERT INTO critics VALUES found record
after ptr stuff
dataType 3
115, dataType 0
varcharPrincess, dataType 0
varcharRosalina
INSERT INTO critics VALUES found record
after ptr stuff
dataType 3
116, dataType 0
varcharEvil, dataType 0
varcharWaluigi
INSERT INTO critics VALUES found record
after ptr stuff
dataType 3
117, dataType 0
varcharToadette, dataType 0
varcharMushroom
INSERT INTO critics VALUES found record
after ptr stuff
dataType 3
118, dataType 0
varcharEvil, dataType 0
varcharWario
INSERT INTO critics VALUES found record
after ptr stuff
dataType 3
1100, dataType 0
varcharGoomba, dataType 0
varcharFiend
INSERT INTO critics VALUES found record
after ptr stuff
dataType 3
1125, dataType 0
varcharKoopa, dataType 0
varcharTroopa
INSERT INTO critics VALUES found record
after ptr stuff
dataType 3
1124, dataType 0
varcharShy, dataType 0
varcharGuy
INSERT INTO critics VALUES found record
after ptr stuff
dataType 3
1145, dataType 0
varcharYoshi, dataType 0
varcharKong
INSERT INTO critics VALUES found record
after ptr stuff
dataType 3
1180, dataType 0
varcharBowser, dataType 0
varcharDragon
INSERT INTO critics VALUES found record
after ptr stuff
dataType 3
15, dataType 0
varcharBaby, dataType 0
varcharMario
INSERT INTO critics VALUES found record
after ptr stuff
dataType 3
1113, dataType 0
varcharBaby, dataType 0
varcharLuigi
INSERT INTO critics VALUES found record
after ptr stuff
dataType 3
1114, dataType 0
varcharBaby, dataType 0
varcharZelda
INSERT INTO critics VALUES found record
after ptr stuff
dataType 3
1115, dataType 0
varcharBaby, dataType 0
varcharDaisy
INSERT INTO critics VALUES found record
after ptr stuff
dataType 3
1116, dataType 0
varcharKirby, dataType 0
varcharPink
INSERT INTO critics VALUES found record
after ptr stuff
dataType 3
1117, dataType 0
varcharDiddy, dataType 0
varcharKong
INSERT INTO critics VALUES found record
after ptr stuff
dataType 3
1118, dataType 0
varcharPrincess, dataType 0
varcharDaisy
INSERT INTO critics VALUES found record
after ptr stuff
dataType 3
2123, dataType 0
varcharMario, dataType 0
varcharBros
INSERT INTO critics VALUES found record
after ptr stuff
dataType 3
1223, dataType 0
varcharMario, dataType 0
varcharBros
INSERT INTO critics VALUES found record
after ptr stuff
dataType 3
1200, dataType 0
varcharPrincess, dataType 0
varcharPeach
INSERT INTO critics VALUES found record
after ptr stuff
dataType 3
1225, dataType 0
varcharLuigi, dataType 0
varcharBros
INSERT INTO critics VALUES found record
after ptr stuff
dataType 3
1224, dataType 0
varcharToad, dataType 0
varcharFactory
INSERT INTO critics VALUES found record
after ptr stuff
dataType 3
1245, dataType 0
varcharDonkey, dataType 0
varcharKong
INSERT INTO critics VALUES found record
after ptr stuff
dataType 3
1280, dataType 0
varcharBowser, dataType 0
varcharMonster
INSERT INTO critics VALUES found record
after ptr stuff
dataType 3
52, dataType 0
varcharBoo, dataType 0
varcharGhost
INSERT INTO critics VALUES found record
after ptr stuff
dataType 3
1213, dataType 0
varcharPrincess, dataType 0
varcharDaisy
INSERT INTO critics VALUES found record
after ptr stuff
dataType 3
1214, dataType 0
varcharPrincess, dataType 0
varcharZelda
INSERT INTO critics VALUES found record
after ptr stuff
dataType 3
1215, dataType 0
varcharPrincess, dataType 0
varcharDaisy
INSERT INTO critics VALUES found record
after ptr stuff
dataType 3
1216, dataType 0
varcharPrincess, dataType 0
varcharDaisy
INSERT INTO critics VALUES found record
after ptr stuff
dataType 3
1217, dataType 0
varcharPrincess, dataType 0
varcharDaisy
INSERT INTO critics VALUES found record
after ptr stuff
dataType 3
1218, dataType 0
varcharPrincess, dataType 0
varcharDaisy
INSERT INTO critics VALUES found record
after ptr stuff
dataType 3
12100, dataType 0
varcharPrincess, dataType 0
varcharPeach
INSERT INTO critics VALUES found record
after ptr stuff
dataType 3
12125, dataType 0
varcharLuigi, dataType 0
varcharBros
INSERT INTO critics VALUES found record
after ptr stuff
dataType 3
12124, dataType 0
varcharToad, dataType 0
varcharFactory
INSERT INTO critics VALUES found record
after ptr stuff
dataType 3
12145, dataType 0
varcharDonkey, dataType 0
varcharKong
INSERT INTO critics VALUES found record
after ptr stuff
dataType 3
12180, dataType 0
varcharBowser, dataType 0
varcharMonster
INSERT INTO critics VALUES found record
after ptr stuff
dataType 3
125, dataType 0
varcharBoo, dataType 0
varcharGhost
insertion error: duplicate primary key
INSERT INTO critics VALUES found record
after ptr stuff
dataType 3
12113, dataType 0
varcharPrincess, dataType 0
varcharDaisy
INSERT INTO critics VALUES found record
after ptr stuff
dataType 3
122114, dataType 0
varcharPrincess, dataType 0
varcharZelda
INSERT INTO critics VALUES found record
after ptr stuff
dataType 3
11125, dataType 0
varcharPrincess, dataType 0
varcharDaisy
INSERT INTO critics VALUES found record
after ptr stuff
dataType 3
12116, dataType 0
varcharPrincess, dataType 0
varcharDaisy
INSERT INTO critics VALUES found record
after ptr stuff
dataType 3
12117, dataType 0
varcharPrincess, dataType 0
varcharDaisy
INSERT INTO critics VALUES found record
after ptr stuff
dataType 3
12118, dataType 0
varcharPrincess, dataType 0
varcharDaisy
[       OK ] DatabaseTestUnordered.InsertIntoTableVariableLoadTest (0 ms)
[----------] 1 test from DatabaseTestUnordered (1 ms total)

[----------] Global test environment tear-down
[==========] 1 test from 1 test suite ran. (1 ms total)
[  PASSED  ] 1 test.
<end of output>
Test time =   0.01 sec
----------------------------------------------------------
Test Passed.
"DatabaseTestUnordered.InsertIntoTableVariableLoadTest" end time: Oct 16 18:06 EDT
"DatabaseTestUnordered.InsertIntoTableVariableLoadTest" time elapsed: 00:00:00
----------------------------------------------------------

22/25 Testing: DatabaseTestOrdered.InsertIntoTableFixed
22/25 Test: DatabaseTestOrdered.InsertIntoTableFixed
Command: "/Users/claireliu/Developer/Databases/p1/build/database_test" "--gtest_filter=DatabaseTestOrdered.InsertIntoTableFixed" "--gtest_also_run_disabled_tests"
Directory: /Users/claireliu/Developer/Databases/p1/build
"DatabaseTestOrdered.InsertIntoTableFixed" start time: Oct 16 18:06 EDT
Output:
----------------------------------------------------------
Running main() from /Users/claireliu/Developer/Databases/p1/build/_deps/googletest-src/googletest/src/gtest_main.cc
Note: Google Test filter = DatabaseTestOrdered.InsertIntoTableFixed
[==========] Running 1 test from 1 test suite.
[----------] Global test environment set-up.
[----------] 1 test from DatabaseTestOrdered
[ RUN      ] DatabaseTestOrdered.InsertIntoTableFixed
attrNameSize 3
types size3
CREATE TABLE movies
 id                   integer, 
 title                char(32), 
 rating               real, 
 PRIMARY KEY          id, 
INSERT INTO movies VALUES found record
after ptr stuff
dataType 3
27, dataType 1
Star Wars, dataType 4
4.2
INSERT INTO movies VALUES found record
after ptr stuff
dataType 3
28, dataType 1
Rouge One, dataType 4
3
INSERT INTO movies VALUES found record
after ptr stuff
dataType 3
25, dataType 1
The Last Starfighter, dataType 4
3
INSERT INTO movies VALUES found record
after ptr stuff
dataType 3
26, dataType 1
Princess Diaries, dataType 4
5
INSERT INTO movies VALUES found record
after ptr stuff
dataType 3
127, dataType 1
Frozen, dataType 4
4.2
dataRead 0x7fa0d9706800dataRead 0x7fa0d9706828dataRead 0x7fa0d9706850dataRead 0x7fa0d9706878dataRead 0x7fa0d97068a0[       OK ] DatabaseTestOrdered.InsertIntoTableFixed (0 ms)
[----------] 1 test from DatabaseTestOrdered (0 ms total)

[----------] Global test environment tear-down
[==========] 1 test from 1 test suite ran. (0 ms total)
[  PASSED  ] 1 test.
<end of output>
Test time =   0.01 sec
----------------------------------------------------------
Test Passed.
"DatabaseTestOrdered.InsertIntoTableFixed" end time: Oct 16 18:06 EDT
"DatabaseTestOrdered.InsertIntoTableFixed" time elapsed: 00:00:00
----------------------------------------------------------

23/25 Testing: DatabaseTestOrdered.InsertIntoTableFixedLoadTest
23/25 Test: DatabaseTestOrdered.InsertIntoTableFixedLoadTest
Command: "/Users/claireliu/Developer/Databases/p1/build/database_test" "--gtest_filter=DatabaseTestOrdered.InsertIntoTableFixedLoadTest" "--gtest_also_run_disabled_tests"
Directory: /Users/claireliu/Developer/Databases/p1/build
"DatabaseTestOrdered.InsertIntoTableFixedLoadTest" start time: Oct 16 18:06 EDT
Output:
----------------------------------------------------------
Running main() from /Users/claireliu/Developer/Databases/p1/build/_deps/googletest-src/googletest/src/gtest_main.cc
Note: Google Test filter = DatabaseTestOrdered.InsertIntoTableFixedLoadTest
[==========] Running 1 test from 1 test suite.
[----------] Global test environment set-up.
[----------] 1 test from DatabaseTestOrdered
[ RUN      ] DatabaseTestOrdered.InsertIntoTableFixedLoadTest
attrNameSize 3
types size3
CREATE TABLE movies
 id                   integer, 
 title                char(32), 
 rating               real, 
 PRIMARY KEY          id, 
INSERT INTO movies VALUES found record
after ptr stuff
dataType 3
27, dataType 1
Star Wars, dataType 4
4.2
INSERT INTO movies VALUES found record
after ptr stuff
dataType 3
28, dataType 1
Rouge One, dataType 4
3
INSERT INTO movies VALUES found record
after ptr stuff
dataType 3
25, dataType 1
The Last Starfighter, dataType 4
3
INSERT INTO movies VALUES found record
after ptr stuff
dataType 3
26, dataType 1
Princess Diaries, dataType 4
5
INSERT INTO movies VALUES found record
after ptr stuff
dataType 3
127, dataType 1
Frozen, dataType 4
4.2
INSERT INTO movies VALUES found record
after ptr stuff
dataType 3
228, dataType 1
Big Hero 6, dataType 4
3
INSERT INTO movies VALUES found record
after ptr stuff
dataType 3
237, dataType 1
Cars, dataType 4
4.2
INSERT INTO movies VALUES found record
after ptr stuff
dataType 3
248, dataType 1
Cars 2, dataType 4
3
INSERT INTO movies VALUES found record
after ptr stuff
dataType 3
257, dataType 1
Toy Story, dataType 4
4.2
INSERT INTO movies VALUES found record
after ptr stuff
dataType 3
268, dataType 1
Tarzan, dataType 4
3
INSERT INTO movies VALUES found record
after ptr stuff
dataType 3
277, dataType 1
Little Shop of Horrors, dataType 4
4.2
INSERT INTO movies VALUES found record
after ptr stuff
dataType 3
288, dataType 1
Cinderella, dataType 4
3
INSERT INTO movies VALUES found record
after ptr stuff
dataType 3
297, dataType 1
Sleeping Beauty, dataType 4
4.2
INSERT INTO movies VALUES found record
after ptr stuff
dataType 3
208, dataType 1
Tangled, dataType 4
3
INSERT INTO movies VALUES found record
after ptr stuff
dataType 3
217, dataType 1
Honey I Shrunk the Kids, dataType 4
4.2
INSERT INTO movies VALUES found record
after ptr stuff
dataType 3
281, dataType 1
Back to the Future, dataType 4
3
INSERT INTO movies VALUES found record
after ptr stuff
dataType 3
272, dataType 1
Father of the Bride, dataType 4
4.2
INSERT INTO movies VALUES found record
after ptr stuff
dataType 3
283, dataType 1
Cheaper by the Dozen, dataType 4
3
INSERT INTO movies VALUES found record
after ptr stuff
dataType 3
274, dataType 1
Avengers, dataType 4
4.2
INSERT INTO movies VALUES found record
after ptr stuff
dataType 3
285, dataType 1
Joy Luck Club, dataType 4
3
INSERT INTO movies VALUES found record
after ptr stuff
dataType 3
276, dataType 1
Crazy Rich Asians, dataType 4
4.2
INSERT INTO movies VALUES found record
after ptr stuff
dataType 3
287, dataType 1
Solo, dataType 4
3
INSERT INTO movies VALUES found record
after ptr stuff
dataType 3
278, dataType 1
Captain America, dataType 4
4.2
INSERT INTO movies VALUES found record
after ptr stuff
dataType 3
280, dataType 1
Iron Man, dataType 4
3
INSERT INTO movies VALUES found record
after ptr stuff
dataType 3
572, dataType 1
Thor, dataType 4
4.2
INSERT INTO movies VALUES found record
after ptr stuff
dataType 3
583, dataType 1
Antman, dataType 4
3
dataRead 0x7fe5a3f06800dataRead 0x7fe5a3f06828dataRead 0x7fe5a3f06850dataRead 0x7fe5a3f06878dataRead 0x7fe5a3f068a0dataRead 0x7fe5a3f068c8dataRead 0x7fe5a3f068f0dataRead 0x7fe5a3f06918dataRead 0x7fe5a3f06940dataRead 0x7fe5a3f06968dataRead 0x7fe5a3f06990dataRead 0x7fe5a3f069b8dataRead 0x7fe5a3f06a00dataRead 0x7fe5a3f06a28dataRead 0x7fe5a3f06a50dataRead 0x7fe5a3f06a78dataRead 0x7fe5a3f06aa0dataRead 0x7fe5a3f06ac8dataRead 0x7fe5a3f06af0dataRead 0x7fe5a3f06b18dataRead 0x7fe5a3f06b40dataRead 0x7fe5a3f06b68dataRead 0x7fe5a3f06b90dataRead 0x7fe5a3f06bb8dataRead 0x7fe5a3f06c00dataRead 0x7fe5a3f06c28[       OK ] DatabaseTestOrdered.InsertIntoTableFixedLoadTest (0 ms)
[----------] 1 test from DatabaseTestOrdered (0 ms total)

[----------] Global test environment tear-down
[==========] 1 test from 1 test suite ran. (0 ms total)
[  PASSED  ] 1 test.
<end of output>
Test time =   0.01 sec
----------------------------------------------------------
Test Passed.
"DatabaseTestOrdered.InsertIntoTableFixedLoadTest" end time: Oct 16 18:06 EDT
"DatabaseTestOrdered.InsertIntoTableFixedLoadTest" time elapsed: 00:00:00
----------------------------------------------------------

24/25 Testing: DatabaseTestOrdered.InsertIntoTableVariable
24/25 Test: DatabaseTestOrdered.InsertIntoTableVariable
Command: "/Users/claireliu/Developer/Databases/p1/build/database_test" "--gtest_filter=DatabaseTestOrdered.InsertIntoTableVariable" "--gtest_also_run_disabled_tests"
Directory: /Users/claireliu/Developer/Databases/p1/build
"DatabaseTestOrdered.InsertIntoTableVariable" start time: Oct 16 18:06 EDT
Output:
----------------------------------------------------------
Running main() from /Users/claireliu/Developer/Databases/p1/build/_deps/googletest-src/googletest/src/gtest_main.cc
Note: Google Test filter = DatabaseTestOrdered.InsertIntoTableVariable
[==========] Running 1 test from 1 test suite.
[----------] Global test environment set-up.
[----------] 1 test from DatabaseTestOrdered
[ RUN      ] DatabaseTestOrdered.InsertIntoTableVariable
attrNameSize 3
types size3
CREATE TABLE critics
 id                   integer, 
 fname                varchar(32), 
 lname                varchar(32), 
 PRIMARY KEY          id, 
INSERT INTO critics VALUES found record
after ptr stuff
dataType 3
100, dataType 0
varcharPrincess, dataType 0
varcharPeach
nullptr :(
insertionPoint 0x0
dataCurr 0x7f8e64f06800
empty or last insertion
INSERT INTO critics VALUES found record
after ptr stuff
dataType 3
125, dataType 0
varcharLuigi, dataType 0
varcharBros
insertionPoint 0x0
dataCurr 0x7f8e64f06814
empty or last insertion
INSERT INTO critics VALUES found record
after ptr stuff
dataType 3
124, dataType 0
varcharToad, dataType 0
varcharFactory
insertionPoint 0x7f8e64f06814
dataCurr 0x7f8e64f06824
1
INSERT INTO critics VALUES found record
after ptr stuff
dataType 3
145, dataType 0
varcharDonkey, dataType 0
varcharKong
insertionPoint 0x0
dataCurr 0x7f8e64f06a36
empty or last insertion
INSERT INTO critics VALUES found record
after ptr stuff
dataType 3
180, dataType 0
varcharBowser, dataType 0
varcharMonster
insertionPoint 0x0
dataCurr 0x7f8e64f06a47
empty or last insertion
dataRead 0x7f8e64f06a00dataRead 0x7f8e64f06a14dataRead 0x7f8e64f06a26dataRead 0x7f8e64f06a36dataRead 0x7f8e64f06a47[       OK ] DatabaseTestOrdered.InsertIntoTableVariable (0 ms)
[----------] 1 test from DatabaseTestOrdered (0 ms total)

[----------] Global test environment tear-down
[==========] 1 test from 1 test suite ran. (0 ms total)
[  PASSED  ] 1 test.
<end of output>
Test time =   0.01 sec
----------------------------------------------------------
Test Passed.
"DatabaseTestOrdered.InsertIntoTableVariable" end time: Oct 16 18:06 EDT
"DatabaseTestOrdered.InsertIntoTableVariable" time elapsed: 00:00:00
----------------------------------------------------------

25/25 Testing: DatabaseTestOrdered.InsertIntoTableVariableLoadTest
25/25 Test: DatabaseTestOrdered.InsertIntoTableVariableLoadTest
Command: "/Users/claireliu/Developer/Databases/p1/build/database_test" "--gtest_filter=DatabaseTestOrdered.InsertIntoTableVariableLoadTest" "--gtest_also_run_disabled_tests"
Directory: /Users/claireliu/Developer/Databases/p1/build
"DatabaseTestOrdered.InsertIntoTableVariableLoadTest" start time: Oct 16 18:06 EDT
Output:
----------------------------------------------------------
Running main() from /Users/claireliu/Developer/Databases/p1/build/_deps/googletest-src/googletest/src/gtest_main.cc
Note: Google Test filter = DatabaseTestOrdered.InsertIntoTableVariableLoadTest
[==========] Running 1 test from 1 test suite.
[----------] Global test environment set-up.
[----------] 1 test from DatabaseTestOrdered
[ RUN      ] DatabaseTestOrdered.InsertIntoTableVariableLoadTest
attrNameSize 3
types size3
CREATE TABLE critics
 id                   integer, 
 fname                varchar(32), 
 lname                varchar(32), 
 PRIMARY KEY          id, 
INSERT INTO critics VALUES found record
after ptr stuff
dataType 3
123, dataType 0
varcharMario, dataType 0
varcharBros
nullptr :(
insertionPoint 0x0
dataCurr 0x7fad37806280
empty or last insertion
INSERT INTO critics VALUES found record
after ptr stuff
dataType 3
100, dataType 0
varcharPrincess, dataType 0
varcharPeach
insertionPoint 0x7fad37806280
dataCurr 0x7fad37806290
1
INSERT INTO critics VALUES found record
after ptr stuff
dataType 3
125, dataType 0
varcharLuigi, dataType 0
varcharBros
insertionPoint 0x0
dataCurr 0x7fad378064a4
empty or last insertion
INSERT INTO critics VALUES found record
after ptr stuff
dataType 3
124, dataType 0
varcharToad, dataType 0
varcharMushroom
insertionPoint 0x7fad378064a4
dataCurr 0x7fad378064b4
1
INSERT INTO critics VALUES found record
after ptr stuff
dataType 3
145, dataType 0
varcharDonkey, dataType 0
varcharKong
insertionPoint 0x0
dataCurr 0x7fad378062c7
empty or last insertion
INSERT INTO critics VALUES found record
after ptr stuff
dataType 3
180, dataType 0
varcharBowser, dataType 0
varcharMonster
insertionPoint 0x0
dataCurr 0x7fad378062d8
empty or last insertion
INSERT INTO critics VALUES found record
after ptr stuff
dataType 3
5, dataType 0
varcharBoo, dataType 0
varcharGhost
insertionPoint 0x7fad37806280
dataCurr 0x7fad378062ec
1
INSERT INTO critics VALUES found record
after ptr stuff
dataType 3
113, dataType 0
varcharPrincess, dataType 0
varcharDaisy
insertionPoint 0x7fad378064a3
dataCurr 0x7fad378064fb
1
INSERT INTO critics VALUES found record
after ptr stuff
dataType 3
114, dataType 0
varcharPrincess, dataType 0
varcharZelda
insertionPoint 0x7fad378062b7
dataCurr 0x7fad3780630f
1
INSERT INTO critics VALUES found record
after ptr stuff
dataType 3
115, dataType 0
varcharPrincess, dataType 0
varcharRosalina
insertionPoint 0x7fad378064cb
dataCurr 0x7fad37806523
1
INSERT INTO critics VALUES found record
after ptr stuff
dataType 3
116, dataType 0
varcharEvil, dataType 0
varcharWaluigi
insertionPoint 0x7fad378062e2
dataCurr 0x7fad3780633a
1
INSERT INTO critics VALUES found record
after ptr stuff
dataType 3
117, dataType 0
varcharToadette, dataType 0
varcharMushroom
insertionPoint 0x7fad378064f4
dataCurr 0x7fad3780654c
1
INSERT INTO critics VALUES found record
after ptr stuff
dataType 3
118, dataType 0
varcharEvil, dataType 0
varcharWario
insertionPoint 0x7fad3780630b
dataCurr 0x7fad37806363
1
INSERT INTO critics VALUES found record
after ptr stuff
dataType 3
1100, dataType 0
varcharGoomba, dataType 0
varcharFiend
insertionPoint 0x0
dataCurr 0x7fad37806573
empty or last insertion
INSERT INTO critics VALUES found record
after ptr stuff
dataType 3
1125, dataType 0
varcharKoopa, dataType 0
varcharTroopa
insertionPoint 0x0
dataCurr 0x7fad37806585
empty or last insertion
INSERT INTO critics VALUES found record
after ptr stuff
dataType 3
1124, dataType 0
varcharShy, dataType 0
varcharGuy
insertionPoint 0x7fad37806585
dataCurr 0x7fad37806597
1
INSERT INTO critics VALUES found record
after ptr stuff
dataType 3
1145, dataType 0
varcharYoshi, dataType 0
varcharKong
insertionPoint 0x0
dataCurr 0x7fad378063a4
empty or last insertion
INSERT INTO critics VALUES found record
after ptr stuff
dataType 3
1180, dataType 0
varcharBowser, dataType 0
varcharDragon
insertionPoint 0x0
dataCurr 0x7fad378063b4
empty or last insertion
INSERT INTO critics VALUES found record
after ptr stuff
dataType 3
15, dataType 0
varcharBaby, dataType 0
varcharMario
insertionPoint 0x7fad3780628f
dataCurr 0x7fad378063c7
1
INSERT INTO critics VALUES found record
after ptr stuff
dataType 3
1113, dataType 0
varcharBaby, dataType 0
varcharLuigi
insertionPoint 0x7fad37806595
dataCurr 0x7fad378065d7
1
INSERT INTO critics VALUES found record
after ptr stuff
dataType 3
1114, dataType 0
varcharBaby, dataType 0
varcharZelda
insertionPoint 0x7fad378063a5
dataCurr 0x7fad378063e7
1
INSERT INTO critics VALUES found record
after ptr stuff
dataType 3
1115, dataType 0
varcharBaby, dataType 0
varcharDaisy
insertionPoint 0x7fad378065b5
dataCurr 0x7fad378065f7
1
INSERT INTO critics VALUES found record
after ptr stuff
dataType 3
1116, dataType 0
varcharKirby, dataType 0
varcharPink
insertionPoint 0x7fad378063c5
dataCurr 0x7fad37806407
1
INSERT INTO critics VALUES found record
after ptr stuff
dataType 3
1117, dataType 0
varcharDiddy, dataType 0
varcharKong
insertionPoint 0x7fad378065d5
dataCurr 0x7fad37806617
1
INSERT INTO critics VALUES found record
after ptr stuff
dataType 3
1118, dataType 0
varcharPrincess, dataType 0
varcharDaisy
insertionPoint 0x7fad378063e5
dataCurr 0x7fad37806427
1
INSERT INTO critics VALUES found record
after ptr stuff
dataType 3
2123, dataType 0
varcharMario, dataType 0
varcharBros
insertionPoint 0x0
dataCurr 0x7fad3780663b
empty or last insertion
INSERT INTO critics VALUES found record
after ptr stuff
dataType 3
1223, dataType 0
varcharMario, dataType 0
varcharBros
insertionPoint 0x7fad3780663b
dataCurr 0x7fad3780664b
1
INSERT INTO critics VALUES found record
after ptr stuff
dataType 3
1200, dataType 0
varcharPrincess, dataType 0
varcharPeach
insertionPoint 0x7fad3780643b
dataCurr 0x7fad3780645b
1
INSERT INTO critics VALUES found record
after ptr stuff
dataType 3
1225, dataType 0
varcharLuigi, dataType 0
varcharBros
insertionPoint 0x7fad3780665f
dataCurr 0x7fad3780666f
1
INSERT INTO critics VALUES found record
after ptr stuff
dataType 3
1224, dataType 0
varcharToad, dataType 0
varcharFactory
insertionPoint 0x7fad3780645f
dataCurr 0x7fad37806690
2
INSERT INTO critics VALUES found record
after ptr stuff
dataType 3
1245, dataType 0
varcharDonkey, dataType 0
varcharKong
insertionPoint 0x7fad37806890
dataCurr 0x7fad378068a0
2
INSERT INTO critics VALUES found record
after ptr stuff
dataType 3
1280, dataType 0
varcharBowser, dataType 0
varcharMonster
insertionPoint 0x7fad378062a1
dataCurr 0x7fad378062b1
2
INSERT INTO critics VALUES found record
after ptr stuff
dataType 3
52, dataType 0
varcharBoo, dataType 0
varcharGhost
insertionPoint 0x7fad3780689f
dataCurr 0x7fad378064c5
2
INSERT INTO critics VALUES found record
after ptr stuff
dataType 3
1213, dataType 0
varcharPrincess, dataType 0
varcharDaisy
insertionPoint 0x7fad3780645e
dataCurr 0x7fad378066d7
2
INSERT INTO critics VALUES found record
after ptr stuff
dataType 3
1214, dataType 0
varcharPrincess, dataType 0
varcharZelda
insertionPoint 0x7fad37806880
dataCurr 0x7fad378068e7
2
INSERT INTO critics VALUES found record
after ptr stuff
dataType 3
1215, dataType 0
varcharPrincess, dataType 0
varcharDaisy
insertionPoint 0x7fad37806294
dataCurr 0x7fad378062fb
2
INSERT INTO critics VALUES found record
after ptr stuff
dataType 3
1216, dataType 0
varcharPrincess, dataType 0
varcharDaisy
insertionPoint 0x7fad378064a8
dataCurr 0x7fad3780650f
2
INSERT INTO critics VALUES found record
after ptr stuff
dataType 3
1217, dataType 0
varcharPrincess, dataType 0
varcharDaisy
insertionPoint 0x7fad378066bc
dataCurr 0x7fad37806723
2
INSERT INTO critics VALUES found record
after ptr stuff
dataType 3
1218, dataType 0
varcharPrincess, dataType 0
varcharDaisy
insertionPoint 0x7fad378068d0
dataCurr 0x7fad37806937
2
INSERT INTO critics VALUES found record
after ptr stuff
dataType 3
12100, dataType 0
varcharPrincess, dataType 0
varcharPeach
insertionPoint 0x0
dataCurr 0x7fad3780634b
empty or last insertion
INSERT INTO critics VALUES found record
after ptr stuff
dataType 3
12125, dataType 0
varcharLuigi, dataType 0
varcharBros
insertionPoint 0x0
dataCurr 0x7fad3780635f
empty or last insertion
INSERT INTO critics VALUES found record
after ptr stuff
dataType 3
12124, dataType 0
varcharToad, dataType 0
varcharFactory
insertionPoint 0x7fad3780635f
dataCurr 0x7fad3780636f
2
INSERT INTO critics VALUES found record
after ptr stuff
dataType 3
12145, dataType 0
varcharDonkey, dataType 0
varcharKong
insertionPoint 0x0
dataCurr 0x7fad37806581
empty or last insertion
INSERT INTO critics VALUES found record
after ptr stuff
dataType 3
12180, dataType 0
varcharBowser, dataType 0
varcharMonster
insertionPoint 0x0
dataCurr 0x7fad37806592
empty or last insertion
INSERT INTO critics VALUES found record
after ptr stuff
dataType 3
125, dataType 0
varcharBoo, dataType 0
varcharGhost
insertion error: duplicate primary key
INSERT INTO critics VALUES found record
after ptr stuff
dataType 3
12113, dataType 0
varcharPrincess, dataType 0
varcharDaisy
insertionPoint 0x7fad3780655f
dataCurr 0x7fad378065a6
2
INSERT INTO critics VALUES found record
after ptr stuff
dataType 3
122114, dataType 0
varcharPrincess, dataType 0
varcharZelda
insertionPoint 0x0
dataCurr 0x7fad378067ba
empty or last insertion
INSERT INTO critics VALUES found record
after ptr stuff
dataType 3
11125, dataType 0
varcharPrincess, dataType 0
varcharDaisy
insertionPoint 0x7fad3780674b
dataCurr 0x7fad378067ce
2
INSERT INTO critics VALUES found record
after ptr stuff
dataType 3
12116, dataType 0
varcharPrincess, dataType 0
varcharDaisy
insertionPoint 0x7fad37806987
dataCurr 0x7fad378069e2
2
INSERT INTO critics VALUES found record
after ptr stuff
dataType 3
12117, dataType 0
varcharPrincess, dataType 0
varcharDaisy
insertionPoint 0x7fad3780639b
dataCurr 0x7fad378063f6
2
INSERT INTO critics VALUES found record
after ptr stuff
dataType 3
12118, dataType 0
varcharPrincess, dataType 0
varcharDaisy
insertionPoint 0x7fad378065af
dataCurr 0x7fad3780660a
2
dataRead 0x7fad37806280
dataRead 0x7fad3780628f
dataRead 0x7fad3780629f
dataRead 0x7fad378062ae
dataRead 0x7fad378062c2
dataRead 0x7fad378062d6
dataRead 0x7fad378062ea
dataRead 0x7fad37806301
dataRead 0x7fad37806313
dataRead 0x7fad3780632a
dataRead 0x7fad3780633a
dataRead 0x7fad3780634a
dataRead 0x7fad3780635d
dataRead 0x7fad3780636d
dataRead 0x7fad3780637e
dataRead 0x7fad37806392
dataRead 0x7fad378063a4
dataRead 0x7fad378063b4
dataRead 0x7fad378063c4
dataRead 0x7fad378063d4
dataRead 0x7fad378063e4
dataRead 0x7fad378063f4
dataRead 0x7fad37806408
dataRead 0x7fad37806415
dataRead 0x7fad37806427
dataRead 0x7fad37806437
dataRead 0x7fad3780644a
dataRead 0x7fad3780645e
dataRead 0x7fad37806680
dataRead 0x7fad37806694
dataRead 0x7fad378066a8
dataRead 0x7fad378066bc
dataRead 0x7fad378066d0
dataRead 0x7fad378066e4
dataRead 0x7fad378066f4
dataRead 0x7fad37806706
dataRead 0x7fad37806716
dataRead 0x7fad37806727
dataRead 0x7fad3780673b
dataRead 0x7fad3780674b
dataRead 0x7fad3780675f
dataRead 0x7fad37806773
dataRead 0x7fad37806787
dataRead 0x7fad3780679b
dataRead 0x7fad378067af
dataRead 0x7fad378067c3
dataRead 0x7fad378067d5
dataRead 0x7fad378067e5
dataRead 0x7fad378067f6
dataRead 0x7fad3780680a
[       OK ] DatabaseTestOrdered.InsertIntoTableVariableLoadTest (1 ms)
[----------] 1 test from DatabaseTestOrdered (1 ms total)

[----------] Global test environment tear-down
[==========] 1 test from 1 test suite ran. (1 ms total)
[  PASSED  ] 1 test.
<end of output>
Test time =   0.01 sec
----------------------------------------------------------
Test Passed.
"DatabaseTestOrdered.InsertIntoTableVariableLoadTest" end time: Oct 16 18:06 EDT
"DatabaseTestOrdered.InsertIntoTableVariableLoadTest" time elapsed: 00:00:00
----------------------------------------------------------

End testing: Oct 16 18:06 EDT
