Start testing: Oct 17 11:59 EDT
----------------------------------------------------------
1/37 Testing: DatabaseTest.CreateTable
1/37 Test: DatabaseTest.CreateTable
Command: "/Users/claireliu/Developer/Databases/p1/build/database_test" "--gtest_filter=DatabaseTest.CreateTable" "--gtest_also_run_disabled_tests"
Directory: /Users/claireliu/Developer/Databases/p1/build
"DatabaseTest.CreateTable" start time: Oct 17 11:59 EDT
Output:
----------------------------------------------------------
Running main() from /Users/claireliu/Developer/Databases/p1/build/_deps/googletest-src/googletest/src/gtest_main.cc
Note: Google Test filter = DatabaseTest.CreateTable
[==========] Running 1 test from 1 test suite.
[----------] Global test environment set-up.
[----------] 1 test from DatabaseTest
[ RUN      ] DatabaseTest.CreateTable
CREATE TABLE movies
 id                   integer, 
 title                char(32), 
 rating               real, 
 PRIMARY KEY          id, 
[       OK ] DatabaseTest.CreateTable (0 ms)
[----------] 1 test from DatabaseTest (0 ms total)

[----------] Global test environment tear-down
[==========] 1 test from 1 test suite ran. (0 ms total)
[  PASSED  ] 1 test.
<end of output>
Test time =   0.01 sec
----------------------------------------------------------
Test Passed.
"DatabaseTest.CreateTable" end time: Oct 17 11:59 EDT
"DatabaseTest.CreateTable" time elapsed: 00:00:00
----------------------------------------------------------

2/37 Testing: DatabaseTest.RetrieveDBPrimaryRecordOnly
2/37 Test: DatabaseTest.RetrieveDBPrimaryRecordOnly
Command: "/Users/claireliu/Developer/Databases/p1/build/database_test" "--gtest_filter=DatabaseTest.RetrieveDBPrimaryRecordOnly" "--gtest_also_run_disabled_tests"
Directory: /Users/claireliu/Developer/Databases/p1/build
"DatabaseTest.RetrieveDBPrimaryRecordOnly" start time: Oct 17 11:59 EDT
Output:
----------------------------------------------------------
Running main() from /Users/claireliu/Developer/Databases/p1/build/_deps/googletest-src/googletest/src/gtest_main.cc
Note: Google Test filter = DatabaseTest.RetrieveDBPrimaryRecordOnly
[==========] Running 1 test from 1 test suite.
[----------] Global test environment set-up.
[----------] 1 test from DatabaseTest
[ RUN      ] DatabaseTest.RetrieveDBPrimaryRecordOnly
CREATE TABLE movies
 id                   integer, 
 title                char(32), 
 rating               real, 
 PRIMARY KEY          id, 
[       OK ] DatabaseTest.RetrieveDBPrimaryRecordOnly (0 ms)
[----------] 1 test from DatabaseTest (0 ms total)

[----------] Global test environment tear-down
[==========] 1 test from 1 test suite ran. (0 ms total)
[  PASSED  ] 1 test.
<end of output>
Test time =   0.01 sec
----------------------------------------------------------
Test Passed.
"DatabaseTest.RetrieveDBPrimaryRecordOnly" end time: Oct 17 11:59 EDT
"DatabaseTest.RetrieveDBPrimaryRecordOnly" time elapsed: 00:00:00
----------------------------------------------------------

3/37 Testing: DatabaseTest.RetrieveDBPrimaryRecordFirst
3/37 Test: DatabaseTest.RetrieveDBPrimaryRecordFirst
Command: "/Users/claireliu/Developer/Databases/p1/build/database_test" "--gtest_filter=DatabaseTest.RetrieveDBPrimaryRecordFirst" "--gtest_also_run_disabled_tests"
Directory: /Users/claireliu/Developer/Databases/p1/build
"DatabaseTest.RetrieveDBPrimaryRecordFirst" start time: Oct 17 11:59 EDT
Output:
----------------------------------------------------------
Running main() from /Users/claireliu/Developer/Databases/p1/build/_deps/googletest-src/googletest/src/gtest_main.cc
Note: Google Test filter = DatabaseTest.RetrieveDBPrimaryRecordFirst
[==========] Running 1 test from 1 test suite.
[----------] Global test environment set-up.
[----------] 1 test from DatabaseTest
[ RUN      ] DatabaseTest.RetrieveDBPrimaryRecordFirst
CREATE TABLE movies
 id                   integer, 
 title                char(32), 
 rating               real, 
 PRIMARY KEY          id, 
CREATE TABLE astars
 id                   integer, 
 fname                char(32), 
 lname                char(32), 
 PRIMARY KEY          id, 
CREATE TABLE bstars
 id                   integer, 
 fname                char(32), 
 lname                char(32), 
 PRIMARY KEY          id, 
[       OK ] DatabaseTest.RetrieveDBPrimaryRecordFirst (0 ms)
[----------] 1 test from DatabaseTest (0 ms total)

[----------] Global test environment tear-down
[==========] 1 test from 1 test suite ran. (0 ms total)
[  PASSED  ] 1 test.
<end of output>
Test time =   0.01 sec
----------------------------------------------------------
Test Passed.
"DatabaseTest.RetrieveDBPrimaryRecordFirst" end time: Oct 17 11:59 EDT
"DatabaseTest.RetrieveDBPrimaryRecordFirst" time elapsed: 00:00:00
----------------------------------------------------------

4/37 Testing: DatabaseTest.RetrieveDBPrimaryRecordMiddle
4/37 Test: DatabaseTest.RetrieveDBPrimaryRecordMiddle
Command: "/Users/claireliu/Developer/Databases/p1/build/database_test" "--gtest_filter=DatabaseTest.RetrieveDBPrimaryRecordMiddle" "--gtest_also_run_disabled_tests"
Directory: /Users/claireliu/Developer/Databases/p1/build
"DatabaseTest.RetrieveDBPrimaryRecordMiddle" start time: Oct 17 11:59 EDT
Output:
----------------------------------------------------------
Running main() from /Users/claireliu/Developer/Databases/p1/build/_deps/googletest-src/googletest/src/gtest_main.cc
Note: Google Test filter = DatabaseTest.RetrieveDBPrimaryRecordMiddle
[==========] Running 1 test from 1 test suite.
[----------] Global test environment set-up.
[----------] 1 test from DatabaseTest
[ RUN      ] DatabaseTest.RetrieveDBPrimaryRecordMiddle
CREATE TABLE astars
 id                   integer, 
 fname                char(32), 
 lname                char(32), 
 PRIMARY KEY          id, 
CREATE TABLE movies
 id                   integer, 
 title                char(32), 
 rating               real, 
 PRIMARY KEY          id, 
CREATE TABLE bstars
 id                   integer, 
 fname                char(32), 
 lname                char(32), 
 PRIMARY KEY          id, 
[       OK ] DatabaseTest.RetrieveDBPrimaryRecordMiddle (0 ms)
[----------] 1 test from DatabaseTest (0 ms total)

[----------] Global test environment tear-down
[==========] 1 test from 1 test suite ran. (0 ms total)
[  PASSED  ] 1 test.
<end of output>
Test time =   0.01 sec
----------------------------------------------------------
Test Passed.
"DatabaseTest.RetrieveDBPrimaryRecordMiddle" end time: Oct 17 11:59 EDT
"DatabaseTest.RetrieveDBPrimaryRecordMiddle" time elapsed: 00:00:00
----------------------------------------------------------

5/37 Testing: DatabaseTest.RetrieveDBPrimaryRecordEnd
5/37 Test: DatabaseTest.RetrieveDBPrimaryRecordEnd
Command: "/Users/claireliu/Developer/Databases/p1/build/database_test" "--gtest_filter=DatabaseTest.RetrieveDBPrimaryRecordEnd" "--gtest_also_run_disabled_tests"
Directory: /Users/claireliu/Developer/Databases/p1/build
"DatabaseTest.RetrieveDBPrimaryRecordEnd" start time: Oct 17 11:59 EDT
Output:
----------------------------------------------------------
Running main() from /Users/claireliu/Developer/Databases/p1/build/_deps/googletest-src/googletest/src/gtest_main.cc
Note: Google Test filter = DatabaseTest.RetrieveDBPrimaryRecordEnd
[==========] Running 1 test from 1 test suite.
[----------] Global test environment set-up.
[----------] 1 test from DatabaseTest
[ RUN      ] DatabaseTest.RetrieveDBPrimaryRecordEnd
CREATE TABLE astars
 id                   integer, 
 fname                char(32), 
 lname                char(32), 
 PRIMARY KEY          id, 
CREATE TABLE bstars
 id                   integer, 
 fname                char(32), 
 lname                char(32), 
 PRIMARY KEY          id, 
CREATE TABLE movies
 id                   integer, 
 title                char(32), 
 rating               real, 
 PRIMARY KEY          id, 
[       OK ] DatabaseTest.RetrieveDBPrimaryRecordEnd (0 ms)
[----------] 1 test from DatabaseTest (0 ms total)

[----------] Global test environment tear-down
[==========] 1 test from 1 test suite ran. (0 ms total)
[  PASSED  ] 1 test.
<end of output>
Test time =   0.01 sec
----------------------------------------------------------
Test Passed.
"DatabaseTest.RetrieveDBPrimaryRecordEnd" end time: Oct 17 11:59 EDT
"DatabaseTest.RetrieveDBPrimaryRecordEnd" time elapsed: 00:00:00
----------------------------------------------------------

6/37 Testing: DatabaseTest.NoDuplicateTableNames
6/37 Test: DatabaseTest.NoDuplicateTableNames
Command: "/Users/claireliu/Developer/Databases/p1/build/database_test" "--gtest_filter=DatabaseTest.NoDuplicateTableNames" "--gtest_also_run_disabled_tests"
Directory: /Users/claireliu/Developer/Databases/p1/build
"DatabaseTest.NoDuplicateTableNames" start time: Oct 17 11:59 EDT
Output:
----------------------------------------------------------
Running main() from /Users/claireliu/Developer/Databases/p1/build/_deps/googletest-src/googletest/src/gtest_main.cc
Note: Google Test filter = DatabaseTest.NoDuplicateTableNames
[==========] Running 1 test from 1 test suite.
[----------] Global test environment set-up.
[----------] 1 test from DatabaseTest
[ RUN      ] DatabaseTest.NoDuplicateTableNames
CREATE TABLE movies
 id                   integer, 
 title                char(32), 
 rating               real, 
 PRIMARY KEY          id, 
Table of same name has already been created
[       OK ] DatabaseTest.NoDuplicateTableNames (0 ms)
[----------] 1 test from DatabaseTest (0 ms total)

[----------] Global test environment tear-down
[==========] 1 test from 1 test suite ran. (0 ms total)
[  PASSED  ] 1 test.
<end of output>
Test time =   0.01 sec
----------------------------------------------------------
Test Passed.
"DatabaseTest.NoDuplicateTableNames" end time: Oct 17 11:59 EDT
"DatabaseTest.NoDuplicateTableNames" time elapsed: 00:00:00
----------------------------------------------------------

7/37 Testing: DatabaseTest.NoDuplicateTableAttributes
7/37 Test: DatabaseTest.NoDuplicateTableAttributes
Command: "/Users/claireliu/Developer/Databases/p1/build/database_test" "--gtest_filter=DatabaseTest.NoDuplicateTableAttributes" "--gtest_also_run_disabled_tests"
Directory: /Users/claireliu/Developer/Databases/p1/build
"DatabaseTest.NoDuplicateTableAttributes" start time: Oct 17 11:59 EDT
Output:
----------------------------------------------------------
Running main() from /Users/claireliu/Developer/Databases/p1/build/_deps/googletest-src/googletest/src/gtest_main.cc
Note: Google Test filter = DatabaseTest.NoDuplicateTableAttributes
[==========] Running 1 test from 1 test suite.
[----------] Global test environment set-up.
[----------] 1 test from DatabaseTest
[ RUN      ] DatabaseTest.NoDuplicateTableAttributes
Error creating movies. Attributes cannot have the same name.
[       OK ] DatabaseTest.NoDuplicateTableAttributes (0 ms)
[----------] 1 test from DatabaseTest (0 ms total)

[----------] Global test environment tear-down
[==========] 1 test from 1 test suite ran. (0 ms total)
[  PASSED  ] 1 test.
<end of output>
Test time =   0.01 sec
----------------------------------------------------------
Test Passed.
"DatabaseTest.NoDuplicateTableAttributes" end time: Oct 17 11:59 EDT
"DatabaseTest.NoDuplicateTableAttributes" time elapsed: 00:00:00
----------------------------------------------------------

8/37 Testing: DatabaseTest.LoadTestForDBPrimaryAndDBAttributes
8/37 Test: DatabaseTest.LoadTestForDBPrimaryAndDBAttributes
Command: "/Users/claireliu/Developer/Databases/p1/build/database_test" "--gtest_filter=DatabaseTest.LoadTestForDBPrimaryAndDBAttributes" "--gtest_also_run_disabled_tests"
Directory: /Users/claireliu/Developer/Databases/p1/build
"DatabaseTest.LoadTestForDBPrimaryAndDBAttributes" start time: Oct 17 11:59 EDT
Output:
----------------------------------------------------------
Running main() from /Users/claireliu/Developer/Databases/p1/build/_deps/googletest-src/googletest/src/gtest_main.cc
Note: Google Test filter = DatabaseTest.LoadTestForDBPrimaryAndDBAttributes
[==========] Running 1 test from 1 test suite.
[----------] Global test environment set-up.
[----------] 1 test from DatabaseTest
[ RUN      ] DatabaseTest.LoadTestForDBPrimaryAndDBAttributes
CREATE TABLE movies
 id                   integer, 
 title                char(32), 
 rating               real, 
 PRIMARY KEY          id, 
CREATE TABLE astars
 id                   integer, 
 fname                char(32), 
 lname                char(32), 
 PRIMARY KEY          id, 
CREATE TABLE bstars
 id                   integer, 
 fname                char(32), 
 lname                char(32), 
 PRIMARY KEY          id, 
CREATE TABLE cstars
 id                   integer, 
 fname                char(32), 
 lname                char(32), 
 PRIMARY KEY          id, 
CREATE TABLE dstars
 id                   integer, 
 fname                char(32), 
 lname                char(32), 
 PRIMARY KEY          id, 
CREATE TABLE estars
 id                   integer, 
 fname                char(32), 
 lname                char(32), 
 PRIMARY KEY          id, 
CREATE TABLE fstars
 id                   integer, 
 fname                char(32), 
 lname                char(32), 
 PRIMARY KEY          id, 
CREATE TABLE gstars
 id                   integer, 
 fname                char(32), 
 lname                char(32), 
 PRIMARY KEY          id, 
CREATE TABLE aastars
 id                   integer, 
 fname                char(32), 
 lname                char(32), 
 PRIMARY KEY          id, 
CREATE TABLE bastars
 id                   integer, 
 fname                char(32), 
 lname                char(32), 
 PRIMARY KEY          id, 
CREATE TABLE castars
 id                   integer, 
 fname                char(32), 
 lname                char(32), 
 PRIMARY KEY          id, 
CREATE TABLE dastars
 id                   integer, 
 fname                char(32), 
 lname                char(32), 
 PRIMARY KEY          id, 
CREATE TABLE eastars
 id                   integer, 
 fname                char(32), 
 lname                char(32), 
 PRIMARY KEY          id, 
CREATE TABLE fastars
 id                   integer, 
 fname                char(32), 
 lname                char(32), 
 PRIMARY KEY          id, 
CREATE TABLE gastars
 id                   integer, 
 fname                char(32), 
 lname                char(32), 
 PRIMARY KEY          id, 
[       OK ] DatabaseTest.LoadTestForDBPrimaryAndDBAttributes (0 ms)
[----------] 1 test from DatabaseTest (0 ms total)

[----------] Global test environment tear-down
[==========] 1 test from 1 test suite ran. (0 ms total)
[  PASSED  ] 1 test.
<end of output>
Test time =   0.01 sec
----------------------------------------------------------
Test Passed.
"DatabaseTest.LoadTestForDBPrimaryAndDBAttributes" end time: Oct 17 11:59 EDT
"DatabaseTest.LoadTestForDBPrimaryAndDBAttributes" time elapsed: 00:00:00
----------------------------------------------------------

9/37 Testing: DatabaseTest.NoDuplicatePrimaryKeyFixedInteger
9/37 Test: DatabaseTest.NoDuplicatePrimaryKeyFixedInteger
Command: "/Users/claireliu/Developer/Databases/p1/build/database_test" "--gtest_filter=DatabaseTest.NoDuplicatePrimaryKeyFixedInteger" "--gtest_also_run_disabled_tests"
Directory: /Users/claireliu/Developer/Databases/p1/build
"DatabaseTest.NoDuplicatePrimaryKeyFixedInteger" start time: Oct 17 11:59 EDT
Output:
----------------------------------------------------------
Running main() from /Users/claireliu/Developer/Databases/p1/build/_deps/googletest-src/googletest/src/gtest_main.cc
Note: Google Test filter = DatabaseTest.NoDuplicatePrimaryKeyFixedInteger
[==========] Running 1 test from 1 test suite.
[----------] Global test environment set-up.
[----------] 1 test from DatabaseTest
[ RUN      ] DatabaseTest.NoDuplicatePrimaryKeyFixedInteger
CREATE TABLE movies
 id                   integer, 
 title                char(32), 
 rating               real, 
 PRIMARY KEY          id, 
INSERT INTO movies VALUES 27, Star Wars, 4.2
INSERT INTO movies VALUES 28, Rouge One, 3
INSERT INTO movies VALUES 25, The Last Starfighter, 3
INSERT INTO movies VALUES 26, Princess Diaries, 5
INSERT INTO movies VALUES 127, Frozen, 4.2
INSERT INTO movies VALUES 27, Star Wars, 4.2
insertion error: duplicate primary key
INSERT INTO movies VALUES 27, Say Anything, 4.2
insertion error: duplicate primary key
[       OK ] DatabaseTest.NoDuplicatePrimaryKeyFixedInteger (0 ms)
[----------] 1 test from DatabaseTest (0 ms total)

[----------] Global test environment tear-down
[==========] 1 test from 1 test suite ran. (0 ms total)
[  PASSED  ] 1 test.
<end of output>
Test time =   0.01 sec
----------------------------------------------------------
Test Passed.
"DatabaseTest.NoDuplicatePrimaryKeyFixedInteger" end time: Oct 17 11:59 EDT
"DatabaseTest.NoDuplicatePrimaryKeyFixedInteger" time elapsed: 00:00:00
----------------------------------------------------------

10/37 Testing: DatabaseTest.NoDuplicatePrimaryKeyFixedSmallInt
10/37 Test: DatabaseTest.NoDuplicatePrimaryKeyFixedSmallInt
Command: "/Users/claireliu/Developer/Databases/p1/build/database_test" "--gtest_filter=DatabaseTest.NoDuplicatePrimaryKeyFixedSmallInt" "--gtest_also_run_disabled_tests"
Directory: /Users/claireliu/Developer/Databases/p1/build
"DatabaseTest.NoDuplicatePrimaryKeyFixedSmallInt" start time: Oct 17 11:59 EDT
Output:
----------------------------------------------------------
Running main() from /Users/claireliu/Developer/Databases/p1/build/_deps/googletest-src/googletest/src/gtest_main.cc
Note: Google Test filter = DatabaseTest.NoDuplicatePrimaryKeyFixedSmallInt
[==========] Running 1 test from 1 test suite.
[----------] Global test environment set-up.
[----------] 1 test from DatabaseTest
[ RUN      ] DatabaseTest.NoDuplicatePrimaryKeyFixedSmallInt
CREATE TABLE movies
 id                   smallint, 
 title                char(32), 
 rating               real, 
 PRIMARY KEY          id, 
INSERT INTO movies VALUES 27, Star Wars, 4.2
INSERT INTO movies VALUES 27, Star Wars, 4.2
insertion error: duplicate primary key
[       OK ] DatabaseTest.NoDuplicatePrimaryKeyFixedSmallInt (0 ms)
[----------] 1 test from DatabaseTest (0 ms total)

[----------] Global test environment tear-down
[==========] 1 test from 1 test suite ran. (0 ms total)
[  PASSED  ] 1 test.
<end of output>
Test time =   0.01 sec
----------------------------------------------------------
Test Passed.
"DatabaseTest.NoDuplicatePrimaryKeyFixedSmallInt" end time: Oct 17 11:59 EDT
"DatabaseTest.NoDuplicatePrimaryKeyFixedSmallInt" time elapsed: 00:00:00
----------------------------------------------------------

11/37 Testing: DatabaseTest.NoDuplicatePrimaryKeyFixedFloat
11/37 Test: DatabaseTest.NoDuplicatePrimaryKeyFixedFloat
Command: "/Users/claireliu/Developer/Databases/p1/build/database_test" "--gtest_filter=DatabaseTest.NoDuplicatePrimaryKeyFixedFloat" "--gtest_also_run_disabled_tests"
Directory: /Users/claireliu/Developer/Databases/p1/build
"DatabaseTest.NoDuplicatePrimaryKeyFixedFloat" start time: Oct 17 11:59 EDT
Output:
----------------------------------------------------------
Running main() from /Users/claireliu/Developer/Databases/p1/build/_deps/googletest-src/googletest/src/gtest_main.cc
Note: Google Test filter = DatabaseTest.NoDuplicatePrimaryKeyFixedFloat
[==========] Running 1 test from 1 test suite.
[----------] Global test environment set-up.
[----------] 1 test from DatabaseTest
[ RUN      ] DatabaseTest.NoDuplicatePrimaryKeyFixedFloat
CREATE TABLE movies
 id                   smallint, 
 title                char(32), 
 rating               real, 
 PRIMARY KEY          rating, 
INSERT INTO movies VALUES 27, Star Wars, 4.2
INSERT INTO movies VALUES 27, Star Wars, 4.2
insertion error: duplicate primary key
[       OK ] DatabaseTest.NoDuplicatePrimaryKeyFixedFloat (0 ms)
[----------] 1 test from DatabaseTest (0 ms total)

[----------] Global test environment tear-down
[==========] 1 test from 1 test suite ran. (0 ms total)
[  PASSED  ] 1 test.
<end of output>
Test time =   0.01 sec
----------------------------------------------------------
Test Passed.
"DatabaseTest.NoDuplicatePrimaryKeyFixedFloat" end time: Oct 17 11:59 EDT
"DatabaseTest.NoDuplicatePrimaryKeyFixedFloat" time elapsed: 00:00:00
----------------------------------------------------------

12/37 Testing: DatabaseTest.NoDuplicatePrimaryKeyFixedChar
12/37 Test: DatabaseTest.NoDuplicatePrimaryKeyFixedChar
Command: "/Users/claireliu/Developer/Databases/p1/build/database_test" "--gtest_filter=DatabaseTest.NoDuplicatePrimaryKeyFixedChar" "--gtest_also_run_disabled_tests"
Directory: /Users/claireliu/Developer/Databases/p1/build
"DatabaseTest.NoDuplicatePrimaryKeyFixedChar" start time: Oct 17 11:59 EDT
Output:
----------------------------------------------------------
Running main() from /Users/claireliu/Developer/Databases/p1/build/_deps/googletest-src/googletest/src/gtest_main.cc
Note: Google Test filter = DatabaseTest.NoDuplicatePrimaryKeyFixedChar
[==========] Running 1 test from 1 test suite.
[----------] Global test environment set-up.
[----------] 1 test from DatabaseTest
[ RUN      ] DatabaseTest.NoDuplicatePrimaryKeyFixedChar
CREATE TABLE movies
 id                   smallint, 
 title                char(32), 
 rating               real, 
 PRIMARY KEY          title, 
INSERT INTO movies VALUES 27, Star Wars, 4.2
INSERT INTO movies VALUES 27, Star Wars, 4.2
insertion error: duplicate primary key
[       OK ] DatabaseTest.NoDuplicatePrimaryKeyFixedChar (0 ms)
[----------] 1 test from DatabaseTest (0 ms total)

[----------] Global test environment tear-down
[==========] 1 test from 1 test suite ran. (0 ms total)
[  PASSED  ] 1 test.
<end of output>
Test time =   0.01 sec
----------------------------------------------------------
Test Passed.
"DatabaseTest.NoDuplicatePrimaryKeyFixedChar" end time: Oct 17 11:59 EDT
"DatabaseTest.NoDuplicatePrimaryKeyFixedChar" time elapsed: 00:00:00
----------------------------------------------------------

13/37 Testing: DatabaseTest.NoDuplicatePrimaryKeyVariableInteger
13/37 Test: DatabaseTest.NoDuplicatePrimaryKeyVariableInteger
Command: "/Users/claireliu/Developer/Databases/p1/build/database_test" "--gtest_filter=DatabaseTest.NoDuplicatePrimaryKeyVariableInteger" "--gtest_also_run_disabled_tests"
Directory: /Users/claireliu/Developer/Databases/p1/build
"DatabaseTest.NoDuplicatePrimaryKeyVariableInteger" start time: Oct 17 11:59 EDT
Output:
----------------------------------------------------------
Running main() from /Users/claireliu/Developer/Databases/p1/build/_deps/googletest-src/googletest/src/gtest_main.cc
Note: Google Test filter = DatabaseTest.NoDuplicatePrimaryKeyVariableInteger
[==========] Running 1 test from 1 test suite.
[----------] Global test environment set-up.
[----------] 1 test from DatabaseTest
[ RUN      ] DatabaseTest.NoDuplicatePrimaryKeyVariableInteger
CREATE TABLE critics
 id                   integer, 
 fname                varchar(32), 
 lname                varchar(32), 
 PRIMARY KEY          id, 
INSERT INTO critics VALUES 123, Mario, Bros
nullptr :(
INSERT INTO critics VALUES 123, Mario, Bros
insertion error: duplicate primary key
[       OK ] DatabaseTest.NoDuplicatePrimaryKeyVariableInteger (0 ms)
[----------] 1 test from DatabaseTest (0 ms total)

[----------] Global test environment tear-down
[==========] 1 test from 1 test suite ran. (0 ms total)
[  PASSED  ] 1 test.
<end of output>
Test time =   0.01 sec
----------------------------------------------------------
Test Passed.
"DatabaseTest.NoDuplicatePrimaryKeyVariableInteger" end time: Oct 17 11:59 EDT
"DatabaseTest.NoDuplicatePrimaryKeyVariableInteger" time elapsed: 00:00:00
----------------------------------------------------------

14/37 Testing: DatabaseTest.NoDuplicatePrimaryKeyVariableSmallInt
14/37 Test: DatabaseTest.NoDuplicatePrimaryKeyVariableSmallInt
Command: "/Users/claireliu/Developer/Databases/p1/build/database_test" "--gtest_filter=DatabaseTest.NoDuplicatePrimaryKeyVariableSmallInt" "--gtest_also_run_disabled_tests"
Directory: /Users/claireliu/Developer/Databases/p1/build
"DatabaseTest.NoDuplicatePrimaryKeyVariableSmallInt" start time: Oct 17 11:59 EDT
Output:
----------------------------------------------------------
Running main() from /Users/claireliu/Developer/Databases/p1/build/_deps/googletest-src/googletest/src/gtest_main.cc
Note: Google Test filter = DatabaseTest.NoDuplicatePrimaryKeyVariableSmallInt
[==========] Running 1 test from 1 test suite.
[----------] Global test environment set-up.
[----------] 1 test from DatabaseTest
[ RUN      ] DatabaseTest.NoDuplicatePrimaryKeyVariableSmallInt
CREATE TABLE movies
 id                   smallint, 
 title                varchar(32), 
 director             char(32), 
 rating               real, 
 PRIMARY KEY          id, 
INSERT INTO movies VALUES 27, Star Wars, George Lucas, 4.2
nullptr :(
INSERT INTO movies VALUES 27, Star Wars, George Lucas, 4.2
insertion error: duplicate primary key
[       OK ] DatabaseTest.NoDuplicatePrimaryKeyVariableSmallInt (0 ms)
[----------] 1 test from DatabaseTest (0 ms total)

[----------] Global test environment tear-down
[==========] 1 test from 1 test suite ran. (0 ms total)
[  PASSED  ] 1 test.
<end of output>
Test time =   0.01 sec
----------------------------------------------------------
Test Passed.
"DatabaseTest.NoDuplicatePrimaryKeyVariableSmallInt" end time: Oct 17 11:59 EDT
"DatabaseTest.NoDuplicatePrimaryKeyVariableSmallInt" time elapsed: 00:00:00
----------------------------------------------------------

15/37 Testing: DatabaseTest.NoDuplicatePrimaryKeyVariableFloat
15/37 Test: DatabaseTest.NoDuplicatePrimaryKeyVariableFloat
Command: "/Users/claireliu/Developer/Databases/p1/build/database_test" "--gtest_filter=DatabaseTest.NoDuplicatePrimaryKeyVariableFloat" "--gtest_also_run_disabled_tests"
Directory: /Users/claireliu/Developer/Databases/p1/build
"DatabaseTest.NoDuplicatePrimaryKeyVariableFloat" start time: Oct 17 11:59 EDT
Output:
----------------------------------------------------------
Running main() from /Users/claireliu/Developer/Databases/p1/build/_deps/googletest-src/googletest/src/gtest_main.cc
Note: Google Test filter = DatabaseTest.NoDuplicatePrimaryKeyVariableFloat
[==========] Running 1 test from 1 test suite.
[----------] Global test environment set-up.
[----------] 1 test from DatabaseTest
[ RUN      ] DatabaseTest.NoDuplicatePrimaryKeyVariableFloat
CREATE TABLE movies
 id                   smallint, 
 director             char(32), 
 rating               real, 
 UHâÂAWAVSPHâÛIâ˛HçFHÉ‡HÉ˛æ , 
 PRIMARY KEY          rating, 
INSERT INTO movies VALUES 27, George Lucas, 4.2, 
INSERT INTO movies VALUES 27, George Lucas, 4.2, 
insertion error: duplicate primary key
[       OK ] DatabaseTest.NoDuplicatePrimaryKeyVariableFloat (0 ms)
[----------] 1 test from DatabaseTest (0 ms total)

[----------] Global test environment tear-down
[==========] 1 test from 1 test suite ran. (0 ms total)
[  PASSED  ] 1 test.
<end of output>
Test time =   0.01 sec
----------------------------------------------------------
Test Passed.
"DatabaseTest.NoDuplicatePrimaryKeyVariableFloat" end time: Oct 17 11:59 EDT
"DatabaseTest.NoDuplicatePrimaryKeyVariableFloat" time elapsed: 00:00:00
----------------------------------------------------------

16/37 Testing: DatabaseTest.NoDuplicatePrimaryKeyVariableChar
16/37 Test: DatabaseTest.NoDuplicatePrimaryKeyVariableChar
Command: "/Users/claireliu/Developer/Databases/p1/build/database_test" "--gtest_filter=DatabaseTest.NoDuplicatePrimaryKeyVariableChar" "--gtest_also_run_disabled_tests"
Directory: /Users/claireliu/Developer/Databases/p1/build
"DatabaseTest.NoDuplicatePrimaryKeyVariableChar" start time: Oct 17 11:59 EDT
Output:
----------------------------------------------------------
Running main() from /Users/claireliu/Developer/Databases/p1/build/_deps/googletest-src/googletest/src/gtest_main.cc
Note: Google Test filter = DatabaseTest.NoDuplicatePrimaryKeyVariableChar
[==========] Running 1 test from 1 test suite.
[----------] Global test environment set-up.
[----------] 1 test from DatabaseTest
[ RUN      ] DatabaseTest.NoDuplicatePrimaryKeyVariableChar
CREATE TABLE movies
 id                   smallint, 
 title                varchar(32), 
 director             char(32), 
 rating               real, 
 PRIMARY KEY          director, 
INSERT INTO movies VALUES 27, Star Wars, George Lucas, 4.2
nullptr :(
INSERT INTO movies VALUES 27, Star Wars, George Lucas, 4.2
insertion error: duplicate primary key
[       OK ] DatabaseTest.NoDuplicatePrimaryKeyVariableChar (0 ms)
[----------] 1 test from DatabaseTest (0 ms total)

[----------] Global test environment tear-down
[==========] 1 test from 1 test suite ran. (0 ms total)
[  PASSED  ] 1 test.
<end of output>
Test time =   0.01 sec
----------------------------------------------------------
Test Passed.
"DatabaseTest.NoDuplicatePrimaryKeyVariableChar" end time: Oct 17 11:59 EDT
"DatabaseTest.NoDuplicatePrimaryKeyVariableChar" time elapsed: 00:00:00
----------------------------------------------------------

17/37 Testing: DatabaseTest.NoDuplicatePrimaryKeyVariableVarChar
17/37 Test: DatabaseTest.NoDuplicatePrimaryKeyVariableVarChar
Command: "/Users/claireliu/Developer/Databases/p1/build/database_test" "--gtest_filter=DatabaseTest.NoDuplicatePrimaryKeyVariableVarChar" "--gtest_also_run_disabled_tests"
Directory: /Users/claireliu/Developer/Databases/p1/build
"DatabaseTest.NoDuplicatePrimaryKeyVariableVarChar" start time: Oct 17 11:59 EDT
Output:
----------------------------------------------------------
Running main() from /Users/claireliu/Developer/Databases/p1/build/_deps/googletest-src/googletest/src/gtest_main.cc
Note: Google Test filter = DatabaseTest.NoDuplicatePrimaryKeyVariableVarChar
[==========] Running 1 test from 1 test suite.
[----------] Global test environment set-up.
[----------] 1 test from DatabaseTest
[ RUN      ] DatabaseTest.NoDuplicatePrimaryKeyVariableVarChar
CREATE TABLE movies
 id                   smallint, 
 title                varchar(32), 
 director             char(32), 
 rating               real, 
 PRIMARY KEY          title, 
INSERT INTO movies VALUES 27, Star Wars, George Lucas, 4.2
nullptr :(
INSERT INTO movies VALUES 27, Star Wars, George Lucas, 4.2
insertion error: duplicate primary key
[       OK ] DatabaseTest.NoDuplicatePrimaryKeyVariableVarChar (0 ms)
[----------] 1 test from DatabaseTest (0 ms total)

[----------] Global test environment tear-down
[==========] 1 test from 1 test suite ran. (0 ms total)
[  PASSED  ] 1 test.
<end of output>
Test time =   0.01 sec
----------------------------------------------------------
Test Passed.
"DatabaseTest.NoDuplicatePrimaryKeyVariableVarChar" end time: Oct 17 11:59 EDT
"DatabaseTest.NoDuplicatePrimaryKeyVariableVarChar" time elapsed: 00:00:00
----------------------------------------------------------

18/37 Testing: DatabaseTest.UpdateFixedEqual
18/37 Test: DatabaseTest.UpdateFixedEqual
Command: "/Users/claireliu/Developer/Databases/p1/build/database_test" "--gtest_filter=DatabaseTest.UpdateFixedEqual" "--gtest_also_run_disabled_tests"
Directory: /Users/claireliu/Developer/Databases/p1/build
"DatabaseTest.UpdateFixedEqual" start time: Oct 17 11:59 EDT
Output:
----------------------------------------------------------
Running main() from /Users/claireliu/Developer/Databases/p1/build/_deps/googletest-src/googletest/src/gtest_main.cc
Note: Google Test filter = DatabaseTest.UpdateFixedEqual
[==========] Running 1 test from 1 test suite.
[----------] Global test environment set-up.
[----------] 1 test from DatabaseTest
[ RUN      ] DatabaseTest.UpdateFixedEqual
CREATE TABLE movies
 id                   integer, 
 title                char(32), 
 rating               real, 
 PRIMARY KEY          id, 
INSERT INTO movies VALUES 27, Star Wars, 4.2
INSERT INTO movies VALUES 28, Rouge One, 3
INSERT INTO movies VALUES 25, The Last Starfighter, 3
INSERT INTO movies VALUES 26, Princess Diaries, 5
INSERT INTO movies VALUES 127, Frozen, 4.2
INSERT INTO movies VALUES 228, Big Hero 6, 3
INSERT INTO movies VALUES 237, Cars, 4.2
INSERT INTO movies VALUES 248, Cars 2, 3
INSERT INTO movies VALUES 257, Toy Story, 4.2
INSERT INTO movies VALUES 268, Tarzan, 3
INSERT INTO movies VALUES 277, Little Shop of Horrors, 4.2
INSERT INTO movies VALUES 288, Cinderella, 3
INSERT INTO movies VALUES 297, Sleeping Beauty, 4.2
INSERT INTO movies VALUES 208, Tangled, 3
INSERT INTO movies VALUES 217, Honey I Shrunk the Kids, 4.2
INSERT INTO movies VALUES 281, Back to the Future, 3
INSERT INTO movies VALUES 272, Father of the Bride, 4.2
INSERT INTO movies VALUES 283, Cheaper by the Dozen, 3
INSERT INTO movies VALUES 274, Avengers, 4.2
INSERT INTO movies VALUES 285, Joy Luck Club, 3
INSERT INTO movies VALUES 276, Crazy Rich Asians, 4.2
INSERT INTO movies VALUES 287, Solo, 3
INSERT INTO movies VALUES 278, Captain America, 4.2
INSERT INTO movies VALUES 280, Iron Man, 3
INSERT INTO movies VALUES 272, Thor, 4.2
INSERT INTO movies VALUES 283, Antman, 3
UPDATE movies SET rating = 5.0 WHERE id = 27
You have made changes to the database. Rows affected: 1
[       OK ] DatabaseTest.UpdateFixedEqual (0 ms)
[----------] 1 test from DatabaseTest (0 ms total)

[----------] Global test environment tear-down
[==========] 1 test from 1 test suite ran. (0 ms total)
[  PASSED  ] 1 test.
<end of output>
Test time =   0.01 sec
----------------------------------------------------------
Test Passed.
"DatabaseTest.UpdateFixedEqual" end time: Oct 17 11:59 EDT
"DatabaseTest.UpdateFixedEqual" time elapsed: 00:00:00
----------------------------------------------------------

19/37 Testing: DatabaseTest.UpdateFixedNotEqual
19/37 Test: DatabaseTest.UpdateFixedNotEqual
Command: "/Users/claireliu/Developer/Databases/p1/build/database_test" "--gtest_filter=DatabaseTest.UpdateFixedNotEqual" "--gtest_also_run_disabled_tests"
Directory: /Users/claireliu/Developer/Databases/p1/build
"DatabaseTest.UpdateFixedNotEqual" start time: Oct 17 11:59 EDT
Output:
----------------------------------------------------------
Running main() from /Users/claireliu/Developer/Databases/p1/build/_deps/googletest-src/googletest/src/gtest_main.cc
Note: Google Test filter = DatabaseTest.UpdateFixedNotEqual
[==========] Running 1 test from 1 test suite.
[----------] Global test environment set-up.
[----------] 1 test from DatabaseTest
[ RUN      ] DatabaseTest.UpdateFixedNotEqual
CREATE TABLE movies
 id                   integer, 
 title                char(32), 
 rating               real, 
 PRIMARY KEY          id, 
INSERT INTO movies VALUES 27, Star Wars, 4.2
INSERT INTO movies VALUES 28, Rouge One, 3
INSERT INTO movies VALUES 25, The Last Starfighter, 3
INSERT INTO movies VALUES 26, Princess Diaries, 5
INSERT INTO movies VALUES 127, Frozen, 4.2
INSERT INTO movies VALUES 228, Big Hero 6, 3
INSERT INTO movies VALUES 237, Cars, 4.2
INSERT INTO movies VALUES 248, Cars 2, 3
INSERT INTO movies VALUES 257, Toy Story, 4.2
INSERT INTO movies VALUES 268, Tarzan, 3
INSERT INTO movies VALUES 277, Little Shop of Horrors, 4.2
INSERT INTO movies VALUES 288, Cinderella, 3
INSERT INTO movies VALUES 297, Sleeping Beauty, 4.2
INSERT INTO movies VALUES 208, Tangled, 3
INSERT INTO movies VALUES 217, Honey I Shrunk the Kids, 4.2
INSERT INTO movies VALUES 281, Back to the Future, 3
INSERT INTO movies VALUES 272, Father of the Bride, 4.2
INSERT INTO movies VALUES 283, Cheaper by the Dozen, 3
INSERT INTO movies VALUES 274, Avengers, 4.2
INSERT INTO movies VALUES 285, Joy Luck Club, 3
INSERT INTO movies VALUES 276, Crazy Rich Asians, 4.2
INSERT INTO movies VALUES 287, Solo, 3
INSERT INTO movies VALUES 278, Captain America, 4.2
INSERT INTO movies VALUES 280, Iron Man, 3
INSERT INTO movies VALUES 272, Thor, 4.2
INSERT INTO movies VALUES 283, Antman, 3
UPDATE movies SET rating = 5.0 WHERE id != 27
You have made changes to the database. Rows affected: 25
[       OK ] DatabaseTest.UpdateFixedNotEqual (0 ms)
[----------] 1 test from DatabaseTest (0 ms total)

[----------] Global test environment tear-down
[==========] 1 test from 1 test suite ran. (0 ms total)
[  PASSED  ] 1 test.
<end of output>
Test time =   0.01 sec
----------------------------------------------------------
Test Passed.
"DatabaseTest.UpdateFixedNotEqual" end time: Oct 17 11:59 EDT
"DatabaseTest.UpdateFixedNotEqual" time elapsed: 00:00:00
----------------------------------------------------------

20/37 Testing: DatabaseTest.UpdateFixedGreaterThan
20/37 Test: DatabaseTest.UpdateFixedGreaterThan
Command: "/Users/claireliu/Developer/Databases/p1/build/database_test" "--gtest_filter=DatabaseTest.UpdateFixedGreaterThan" "--gtest_also_run_disabled_tests"
Directory: /Users/claireliu/Developer/Databases/p1/build
"DatabaseTest.UpdateFixedGreaterThan" start time: Oct 17 11:59 EDT
Output:
----------------------------------------------------------
Running main() from /Users/claireliu/Developer/Databases/p1/build/_deps/googletest-src/googletest/src/gtest_main.cc
Note: Google Test filter = DatabaseTest.UpdateFixedGreaterThan
[==========] Running 1 test from 1 test suite.
[----------] Global test environment set-up.
[----------] 1 test from DatabaseTest
[ RUN      ] DatabaseTest.UpdateFixedGreaterThan
CREATE TABLE movies
 id                   integer, 
 title                char(32), 
 rating               real, 
 PRIMARY KEY          id, 
INSERT INTO movies VALUES 27, Star Wars, 4.2
INSERT INTO movies VALUES 28, Rouge One, 3
INSERT INTO movies VALUES 25, The Last Starfighter, 3
INSERT INTO movies VALUES 26, Princess Diaries, 5
INSERT INTO movies VALUES 127, Frozen, 4.2
INSERT INTO movies VALUES 228, Big Hero 6, 3
INSERT INTO movies VALUES 237, Cars, 4.2
INSERT INTO movies VALUES 248, Cars 2, 3
INSERT INTO movies VALUES 257, Toy Story, 4.2
INSERT INTO movies VALUES 268, Tarzan, 3
INSERT INTO movies VALUES 277, Little Shop of Horrors, 4.2
INSERT INTO movies VALUES 288, Cinderella, 3
INSERT INTO movies VALUES 297, Sleeping Beauty, 4.2
INSERT INTO movies VALUES 208, Tangled, 3
INSERT INTO movies VALUES 217, Honey I Shrunk the Kids, 4.2
INSERT INTO movies VALUES 281, Back to the Future, 3
INSERT INTO movies VALUES 272, Father of the Bride, 4.2
INSERT INTO movies VALUES 283, Cheaper by the Dozen, 3
INSERT INTO movies VALUES 274, Avengers, 4.2
INSERT INTO movies VALUES 285, Joy Luck Club, 3
INSERT INTO movies VALUES 276, Crazy Rich Asians, 4.2
INSERT INTO movies VALUES 287, Solo, 3
INSERT INTO movies VALUES 278, Captain America, 4.2
INSERT INTO movies VALUES 280, Iron Man, 3
INSERT INTO movies VALUES 272, Thor, 4.2
INSERT INTO movies VALUES 283, Antman, 3
UPDATE movies SET rating = 5.0 WHERE id > 27
You have made changes to the database. Rows affected: 23
[       OK ] DatabaseTest.UpdateFixedGreaterThan (0 ms)
[----------] 1 test from DatabaseTest (0 ms total)

[----------] Global test environment tear-down
[==========] 1 test from 1 test suite ran. (0 ms total)
[  PASSED  ] 1 test.
<end of output>
Test time =   0.01 sec
----------------------------------------------------------
Test Passed.
"DatabaseTest.UpdateFixedGreaterThan" end time: Oct 17 11:59 EDT
"DatabaseTest.UpdateFixedGreaterThan" time elapsed: 00:00:00
----------------------------------------------------------

21/37 Testing: DatabaseTest.UpdateFixedGreaterThanOrEqualTo
21/37 Test: DatabaseTest.UpdateFixedGreaterThanOrEqualTo
Command: "/Users/claireliu/Developer/Databases/p1/build/database_test" "--gtest_filter=DatabaseTest.UpdateFixedGreaterThanOrEqualTo" "--gtest_also_run_disabled_tests"
Directory: /Users/claireliu/Developer/Databases/p1/build
"DatabaseTest.UpdateFixedGreaterThanOrEqualTo" start time: Oct 17 11:59 EDT
Output:
----------------------------------------------------------
Running main() from /Users/claireliu/Developer/Databases/p1/build/_deps/googletest-src/googletest/src/gtest_main.cc
Note: Google Test filter = DatabaseTest.UpdateFixedGreaterThanOrEqualTo
[==========] Running 1 test from 1 test suite.
[----------] Global test environment set-up.
[----------] 1 test from DatabaseTest
[ RUN      ] DatabaseTest.UpdateFixedGreaterThanOrEqualTo
CREATE TABLE movies
 id                   integer, 
 title                char(32), 
 rating               real, 
 PRIMARY KEY          id, 
INSERT INTO movies VALUES 27, Star Wars, 4.2
INSERT INTO movies VALUES 28, Rouge One, 3
INSERT INTO movies VALUES 25, The Last Starfighter, 3
INSERT INTO movies VALUES 26, Princess Diaries, 5
INSERT INTO movies VALUES 127, Frozen, 4.2
INSERT INTO movies VALUES 228, Big Hero 6, 3
INSERT INTO movies VALUES 237, Cars, 4.2
INSERT INTO movies VALUES 248, Cars 2, 3
INSERT INTO movies VALUES 257, Toy Story, 4.2
INSERT INTO movies VALUES 268, Tarzan, 3
INSERT INTO movies VALUES 277, Little Shop of Horrors, 4.2
INSERT INTO movies VALUES 288, Cinderella, 3
INSERT INTO movies VALUES 297, Sleeping Beauty, 4.2
INSERT INTO movies VALUES 208, Tangled, 3
INSERT INTO movies VALUES 217, Honey I Shrunk the Kids, 4.2
INSERT INTO movies VALUES 281, Back to the Future, 3
INSERT INTO movies VALUES 272, Father of the Bride, 4.2
INSERT INTO movies VALUES 283, Cheaper by the Dozen, 3
INSERT INTO movies VALUES 274, Avengers, 4.2
INSERT INTO movies VALUES 285, Joy Luck Club, 3
INSERT INTO movies VALUES 276, Crazy Rich Asians, 4.2
INSERT INTO movies VALUES 287, Solo, 3
INSERT INTO movies VALUES 278, Captain America, 4.2
INSERT INTO movies VALUES 280, Iron Man, 3
INSERT INTO movies VALUES 272, Thor, 4.2
INSERT INTO movies VALUES 283, Antman, 3
UPDATE movies SET rating = 5.0 WHERE id >= 27
You have made changes to the database. Rows affected: 24
[       OK ] DatabaseTest.UpdateFixedGreaterThanOrEqualTo (0 ms)
[----------] 1 test from DatabaseTest (0 ms total)

[----------] Global test environment tear-down
[==========] 1 test from 1 test suite ran. (0 ms total)
[  PASSED  ] 1 test.
<end of output>
Test time =   0.01 sec
----------------------------------------------------------
Test Passed.
"DatabaseTest.UpdateFixedGreaterThanOrEqualTo" end time: Oct 17 11:59 EDT
"DatabaseTest.UpdateFixedGreaterThanOrEqualTo" time elapsed: 00:00:00
----------------------------------------------------------

22/37 Testing: DatabaseTest.UpdateFixedLessThan
22/37 Test: DatabaseTest.UpdateFixedLessThan
Command: "/Users/claireliu/Developer/Databases/p1/build/database_test" "--gtest_filter=DatabaseTest.UpdateFixedLessThan" "--gtest_also_run_disabled_tests"
Directory: /Users/claireliu/Developer/Databases/p1/build
"DatabaseTest.UpdateFixedLessThan" start time: Oct 17 11:59 EDT
Output:
----------------------------------------------------------
Running main() from /Users/claireliu/Developer/Databases/p1/build/_deps/googletest-src/googletest/src/gtest_main.cc
Note: Google Test filter = DatabaseTest.UpdateFixedLessThan
[==========] Running 1 test from 1 test suite.
[----------] Global test environment set-up.
[----------] 1 test from DatabaseTest
[ RUN      ] DatabaseTest.UpdateFixedLessThan
CREATE TABLE movies
 id                   integer, 
 title                char(32), 
 rating               real, 
 PRIMARY KEY          id, 
INSERT INTO movies VALUES 27, Star Wars, 4.2
INSERT INTO movies VALUES 28, Rouge One, 3
INSERT INTO movies VALUES 25, The Last Starfighter, 3
INSERT INTO movies VALUES 26, Princess Diaries, 5
INSERT INTO movies VALUES 127, Frozen, 4.2
INSERT INTO movies VALUES 228, Big Hero 6, 3
INSERT INTO movies VALUES 237, Cars, 4.2
INSERT INTO movies VALUES 248, Cars 2, 3
INSERT INTO movies VALUES 257, Toy Story, 4.2
INSERT INTO movies VALUES 268, Tarzan, 3
INSERT INTO movies VALUES 277, Little Shop of Horrors, 4.2
INSERT INTO movies VALUES 288, Cinderella, 3
INSERT INTO movies VALUES 297, Sleeping Beauty, 4.2
INSERT INTO movies VALUES 208, Tangled, 3
INSERT INTO movies VALUES 217, Honey I Shrunk the Kids, 4.2
INSERT INTO movies VALUES 281, Back to the Future, 3
INSERT INTO movies VALUES 272, Father of the Bride, 4.2
INSERT INTO movies VALUES 283, Cheaper by the Dozen, 3
INSERT INTO movies VALUES 274, Avengers, 4.2
INSERT INTO movies VALUES 285, Joy Luck Club, 3
INSERT INTO movies VALUES 276, Crazy Rich Asians, 4.2
INSERT INTO movies VALUES 287, Solo, 3
INSERT INTO movies VALUES 278, Captain America, 4.2
INSERT INTO movies VALUES 280, Iron Man, 3
INSERT INTO movies VALUES 272, Thor, 4.2
INSERT INTO movies VALUES 283, Antman, 3
UPDATE movies SET rating = 5.0 WHERE id < 27
You have made changes to the database. Rows affected: 2
[       OK ] DatabaseTest.UpdateFixedLessThan (0 ms)
[----------] 1 test from DatabaseTest (0 ms total)

[----------] Global test environment tear-down
[==========] 1 test from 1 test suite ran. (0 ms total)
[  PASSED  ] 1 test.
<end of output>
Test time =   0.01 sec
----------------------------------------------------------
Test Passed.
"DatabaseTest.UpdateFixedLessThan" end time: Oct 17 11:59 EDT
"DatabaseTest.UpdateFixedLessThan" time elapsed: 00:00:00
----------------------------------------------------------

23/37 Testing: DatabaseTest.UpdateFixedLessThanOrEqualTo
23/37 Test: DatabaseTest.UpdateFixedLessThanOrEqualTo
Command: "/Users/claireliu/Developer/Databases/p1/build/database_test" "--gtest_filter=DatabaseTest.UpdateFixedLessThanOrEqualTo" "--gtest_also_run_disabled_tests"
Directory: /Users/claireliu/Developer/Databases/p1/build
"DatabaseTest.UpdateFixedLessThanOrEqualTo" start time: Oct 17 11:59 EDT
Output:
----------------------------------------------------------
Running main() from /Users/claireliu/Developer/Databases/p1/build/_deps/googletest-src/googletest/src/gtest_main.cc
Note: Google Test filter = DatabaseTest.UpdateFixedLessThanOrEqualTo
[==========] Running 1 test from 1 test suite.
[----------] Global test environment set-up.
[----------] 1 test from DatabaseTest
[ RUN      ] DatabaseTest.UpdateFixedLessThanOrEqualTo
CREATE TABLE movies
 id                   integer, 
 title                char(32), 
 rating               real, 
 PRIMARY KEY          id, 
INSERT INTO movies VALUES 27, Star Wars, 4.2
INSERT INTO movies VALUES 28, Rouge One, 3
INSERT INTO movies VALUES 25, The Last Starfighter, 3
INSERT INTO movies VALUES 26, Princess Diaries, 5
INSERT INTO movies VALUES 127, Frozen, 4.2
INSERT INTO movies VALUES 228, Big Hero 6, 3
INSERT INTO movies VALUES 237, Cars, 4.2
INSERT INTO movies VALUES 248, Cars 2, 3
INSERT INTO movies VALUES 257, Toy Story, 4.2
INSERT INTO movies VALUES 268, Tarzan, 3
INSERT INTO movies VALUES 277, Little Shop of Horrors, 4.2
INSERT INTO movies VALUES 288, Cinderella, 3
INSERT INTO movies VALUES 297, Sleeping Beauty, 4.2
INSERT INTO movies VALUES 208, Tangled, 3
INSERT INTO movies VALUES 217, Honey I Shrunk the Kids, 4.2
INSERT INTO movies VALUES 281, Back to the Future, 3
INSERT INTO movies VALUES 272, Father of the Bride, 4.2
INSERT INTO movies VALUES 283, Cheaper by the Dozen, 3
INSERT INTO movies VALUES 274, Avengers, 4.2
INSERT INTO movies VALUES 285, Joy Luck Club, 3
INSERT INTO movies VALUES 276, Crazy Rich Asians, 4.2
INSERT INTO movies VALUES 287, Solo, 3
INSERT INTO movies VALUES 278, Captain America, 4.2
INSERT INTO movies VALUES 280, Iron Man, 3
INSERT INTO movies VALUES 272, Thor, 4.2
INSERT INTO movies VALUES 283, Antman, 3
UPDATE movies SET rating = 5.0 WHERE id <= 27
You have made changes to the database. Rows affected: 3
[       OK ] DatabaseTest.UpdateFixedLessThanOrEqualTo (0 ms)
[----------] 1 test from DatabaseTest (0 ms total)

[----------] Global test environment tear-down
[==========] 1 test from 1 test suite ran. (0 ms total)
[  PASSED  ] 1 test.
<end of output>
Test time =   0.01 sec
----------------------------------------------------------
Test Passed.
"DatabaseTest.UpdateFixedLessThanOrEqualTo" end time: Oct 17 11:59 EDT
"DatabaseTest.UpdateFixedLessThanOrEqualTo" time elapsed: 00:00:00
----------------------------------------------------------

24/37 Testing: DatabaseTest.UpdateVariableEqual
24/37 Test: DatabaseTest.UpdateVariableEqual
Command: "/Users/claireliu/Developer/Databases/p1/build/database_test" "--gtest_filter=DatabaseTest.UpdateVariableEqual" "--gtest_also_run_disabled_tests"
Directory: /Users/claireliu/Developer/Databases/p1/build
"DatabaseTest.UpdateVariableEqual" start time: Oct 17 11:59 EDT
Output:
----------------------------------------------------------
Running main() from /Users/claireliu/Developer/Databases/p1/build/_deps/googletest-src/googletest/src/gtest_main.cc
Note: Google Test filter = DatabaseTest.UpdateVariableEqual
[==========] Running 1 test from 1 test suite.
[----------] Global test environment set-up.
[----------] 1 test from DatabaseTest
[ RUN      ] DatabaseTest.UpdateVariableEqual
CREATE TABLE critics
 id                   integer, 
 fname                varchar(32), 
 lname                varchar(32), 
 PRIMARY KEY          id, 
INSERT INTO critics VALUES 123, Mario, Bros
nullptr :(
INSERT INTO critics VALUES 100, Princess, Peach
INSERT INTO critics VALUES 125, Luigi, Bros
INSERT INTO critics VALUES 124, Toad, Mushroom
INSERT INTO critics VALUES 145, Donkey, Kong
INSERT INTO critics VALUES 180, Bowser, Monster
INSERT INTO critics VALUES 5, Boo, Ghost
INSERT INTO critics VALUES 113, Princess, Daisy
INSERT INTO critics VALUES 114, Princess, Zelda
INSERT INTO critics VALUES 115, Princess, Rosalina
INSERT INTO critics VALUES 116, Evil, Waluigi
INSERT INTO critics VALUES 117, Toadette, Mushroom
INSERT INTO critics VALUES 118, Evil, Wario
INSERT INTO critics VALUES 1100, Goomba, Fiend
INSERT INTO critics VALUES 1125, Koopa, Troopa
INSERT INTO critics VALUES 1124, Shy, Guy
INSERT INTO critics VALUES 1145, Yoshi, Kong
INSERT INTO critics VALUES 1180, Bowser, Dragon
INSERT INTO critics VALUES 15, Baby, Mario
INSERT INTO critics VALUES 1113, Baby, Luigi
INSERT INTO critics VALUES 1114, Baby, Zelda
INSERT INTO critics VALUES 1115, Baby, Daisy
INSERT INTO critics VALUES 1116, Kirby, Pink
INSERT INTO critics VALUES 1117, Diddy, Kong
INSERT INTO critics VALUES 1118, Princess, Daisy
INSERT INTO critics VALUES 2123, Mario, Bros
INSERT INTO critics VALUES 1223, Mario, Bros
INSERT INTO critics VALUES 1200, Princess, Peach
INSERT INTO critics VALUES 1225, Luigi, Bros
INSERT INTO critics VALUES 1224, Toad, Factory
INSERT INTO critics VALUES 1245, Donkey, Kong
INSERT INTO critics VALUES 1280, Bowser, Monster
INSERT INTO critics VALUES 52, Boo, Ghost
INSERT INTO critics VALUES 1213, Princess, Daisy
INSERT INTO critics VALUES 1214, Princess, Zelda
INSERT INTO critics VALUES 1215, Princess, Daisy
INSERT INTO critics VALUES 1216, Princess, Daisy
INSERT INTO critics VALUES 1217, Princess, Daisy
INSERT INTO critics VALUES 1218, Princess, Daisy
INSERT INTO critics VALUES 12100, Princess, Peach
INSERT INTO critics VALUES 12125, Luigi, Bros
INSERT INTO critics VALUES 12124, Toad, Factory
INSERT INTO critics VALUES 12145, Donkey, Kong
INSERT INTO critics VALUES 12180, Bowser, Monster
INSERT INTO critics VALUES 125, Boo, Ghost
insertion error: duplicate primary key
INSERT INTO critics VALUES 12113, Princess, Daisy
INSERT INTO critics VALUES 122114, Princess, Zelda
INSERT INTO critics VALUES 11125, Princess, Daisy
INSERT INTO critics VALUES 12116, Princess, Daisy
INSERT INTO critics VALUES 12117, Princess, Daisy
INSERT INTO critics VALUES 12118, Princess, Daisy
UPDATE critics SET lname = Rosy WHERE id = 115
You have made changes to the database. Rows affected: 1
[       OK ] DatabaseTest.UpdateVariableEqual (0 ms)
[----------] 1 test from DatabaseTest (0 ms total)

[----------] Global test environment tear-down
[==========] 1 test from 1 test suite ran. (0 ms total)
[  PASSED  ] 1 test.
<end of output>
Test time =   0.01 sec
----------------------------------------------------------
Test Passed.
"DatabaseTest.UpdateVariableEqual" end time: Oct 17 11:59 EDT
"DatabaseTest.UpdateVariableEqual" time elapsed: 00:00:00
----------------------------------------------------------

25/37 Testing: DatabaseTest.UpdateVariableNotEqual
25/37 Test: DatabaseTest.UpdateVariableNotEqual
Command: "/Users/claireliu/Developer/Databases/p1/build/database_test" "--gtest_filter=DatabaseTest.UpdateVariableNotEqual" "--gtest_also_run_disabled_tests"
Directory: /Users/claireliu/Developer/Databases/p1/build
"DatabaseTest.UpdateVariableNotEqual" start time: Oct 17 11:59 EDT
Output:
----------------------------------------------------------
Running main() from /Users/claireliu/Developer/Databases/p1/build/_deps/googletest-src/googletest/src/gtest_main.cc
Note: Google Test filter = DatabaseTest.UpdateVariableNotEqual
[==========] Running 1 test from 1 test suite.
[----------] Global test environment set-up.
[----------] 1 test from DatabaseTest
[ RUN      ] DatabaseTest.UpdateVariableNotEqual
CREATE TABLE critics
 id                   integer, 
 fname                varchar(32), 
 lname                varchar(32), 
 PRIMARY KEY          id, 
INSERT INTO critics VALUES 123, Mario, Bros
nullptr :(
INSERT INTO critics VALUES 100, Princess, Peach
INSERT INTO critics VALUES 125, Luigi, Bros
INSERT INTO critics VALUES 124, Toad, Mushroom
INSERT INTO critics VALUES 145, Donkey, Kong
INSERT INTO critics VALUES 180, Bowser, Monster
INSERT INTO critics VALUES 5, Boo, Ghost
INSERT INTO critics VALUES 113, Princess, Daisy
INSERT INTO critics VALUES 114, Princess, Zelda
INSERT INTO critics VALUES 115, Princess, Rosalina
INSERT INTO critics VALUES 116, Evil, Waluigi
INSERT INTO critics VALUES 117, Toadette, Mushroom
INSERT INTO critics VALUES 118, Evil, Wario
INSERT INTO critics VALUES 1100, Goomba, Fiend
INSERT INTO critics VALUES 1125, Koopa, Troopa
INSERT INTO critics VALUES 1124, Shy, Guy
INSERT INTO critics VALUES 1145, Yoshi, Kong
INSERT INTO critics VALUES 1180, Bowser, Dragon
INSERT INTO critics VALUES 15, Baby, Mario
INSERT INTO critics VALUES 1113, Baby, Luigi
INSERT INTO critics VALUES 1114, Baby, Zelda
INSERT INTO critics VALUES 1115, Baby, Daisy
INSERT INTO critics VALUES 1116, Kirby, Pink
INSERT INTO critics VALUES 1117, Diddy, Kong
INSERT INTO critics VALUES 1118, Princess, Daisy
INSERT INTO critics VALUES 2123, Mario, Bros
INSERT INTO critics VALUES 1223, Mario, Bros
INSERT INTO critics VALUES 1200, Princess, Peach
INSERT INTO critics VALUES 1225, Luigi, Bros
INSERT INTO critics VALUES 1224, Toad, Factory
INSERT INTO critics VALUES 1245, Donkey, Kong
INSERT INTO critics VALUES 1280, Bowser, Monster
INSERT INTO critics VALUES 52, Boo, Ghost
INSERT INTO critics VALUES 1213, Princess, Daisy
INSERT INTO critics VALUES 1214, Princess, Zelda
INSERT INTO critics VALUES 1215, Princess, Daisy
INSERT INTO critics VALUES 1216, Princess, Daisy
INSERT INTO critics VALUES 1217, Princess, Daisy
INSERT INTO critics VALUES 1218, Princess, Daisy
INSERT INTO critics VALUES 12100, Princess, Peach
INSERT INTO critics VALUES 12125, Luigi, Bros
INSERT INTO critics VALUES 12124, Toad, Factory
INSERT INTO critics VALUES 12145, Donkey, Kong
INSERT INTO critics VALUES 12180, Bowser, Monster
INSERT INTO critics VALUES 125, Boo, Ghost
insertion error: duplicate primary key
INSERT INTO critics VALUES 12113, Princess, Daisy
INSERT INTO critics VALUES 122114, Princess, Zelda
INSERT INTO critics VALUES 11125, Princess, Daisy
INSERT INTO critics VALUES 12116, Princess, Daisy
INSERT INTO critics VALUES 12117, Princess, Daisy
INSERT INTO critics VALUES 12118, Princess, Daisy
UPDATE critics SET lname = Rosy WHERE id != 115
You have made changes to the database. Rows affected: 49
[       OK ] DatabaseTest.UpdateVariableNotEqual (0 ms)
[----------] 1 test from DatabaseTest (0 ms total)

[----------] Global test environment tear-down
[==========] 1 test from 1 test suite ran. (0 ms total)
[  PASSED  ] 1 test.
<end of output>
Test time =   0.01 sec
----------------------------------------------------------
Test Passed.
"DatabaseTest.UpdateVariableNotEqual" end time: Oct 17 11:59 EDT
"DatabaseTest.UpdateVariableNotEqual" time elapsed: 00:00:00
----------------------------------------------------------

26/37 Testing: DatabaseTest.UpdateVariableGreaterThan
26/37 Test: DatabaseTest.UpdateVariableGreaterThan
Command: "/Users/claireliu/Developer/Databases/p1/build/database_test" "--gtest_filter=DatabaseTest.UpdateVariableGreaterThan" "--gtest_also_run_disabled_tests"
Directory: /Users/claireliu/Developer/Databases/p1/build
"DatabaseTest.UpdateVariableGreaterThan" start time: Oct 17 11:59 EDT
Output:
----------------------------------------------------------
Running main() from /Users/claireliu/Developer/Databases/p1/build/_deps/googletest-src/googletest/src/gtest_main.cc
Note: Google Test filter = DatabaseTest.UpdateVariableGreaterThan
[==========] Running 1 test from 1 test suite.
[----------] Global test environment set-up.
[----------] 1 test from DatabaseTest
[ RUN      ] DatabaseTest.UpdateVariableGreaterThan
CREATE TABLE critics
 id                   integer, 
 fname                varchar(32), 
 lname                varchar(32), 
 PRIMARY KEY          id, 
INSERT INTO critics VALUES 123, Mario, Bros
nullptr :(
INSERT INTO critics VALUES 100, Princess, Peach
INSERT INTO critics VALUES 125, Luigi, Bros
INSERT INTO critics VALUES 124, Toad, Mushroom
INSERT INTO critics VALUES 145, Donkey, Kong
INSERT INTO critics VALUES 180, Bowser, Monster
INSERT INTO critics VALUES 5, Boo, Ghost
INSERT INTO critics VALUES 113, Princess, Daisy
INSERT INTO critics VALUES 114, Princess, Zelda
INSERT INTO critics VALUES 115, Princess, Rosalina
INSERT INTO critics VALUES 116, Evil, Waluigi
INSERT INTO critics VALUES 117, Toadette, Mushroom
INSERT INTO critics VALUES 118, Evil, Wario
INSERT INTO critics VALUES 1100, Goomba, Fiend
INSERT INTO critics VALUES 1125, Koopa, Troopa
INSERT INTO critics VALUES 1124, Shy, Guy
INSERT INTO critics VALUES 1145, Yoshi, Kong
INSERT INTO critics VALUES 1180, Bowser, Dragon
INSERT INTO critics VALUES 15, Baby, Mario
INSERT INTO critics VALUES 1113, Baby, Luigi
INSERT INTO critics VALUES 1114, Baby, Zelda
INSERT INTO critics VALUES 1115, Baby, Daisy
INSERT INTO critics VALUES 1116, Kirby, Pink
INSERT INTO critics VALUES 1117, Diddy, Kong
INSERT INTO critics VALUES 1118, Princess, Daisy
INSERT INTO critics VALUES 2123, Mario, Bros
INSERT INTO critics VALUES 1223, Mario, Bros
INSERT INTO critics VALUES 1200, Princess, Peach
INSERT INTO critics VALUES 1225, Luigi, Bros
INSERT INTO critics VALUES 1224, Toad, Factory
INSERT INTO critics VALUES 1245, Donkey, Kong
INSERT INTO critics VALUES 1280, Bowser, Monster
INSERT INTO critics VALUES 52, Boo, Ghost
INSERT INTO critics VALUES 1213, Princess, Daisy
INSERT INTO critics VALUES 1214, Princess, Zelda
INSERT INTO critics VALUES 1215, Princess, Daisy
INSERT INTO critics VALUES 1216, Princess, Daisy
INSERT INTO critics VALUES 1217, Princess, Daisy
INSERT INTO critics VALUES 1218, Princess, Daisy
INSERT INTO critics VALUES 12100, Princess, Peach
INSERT INTO critics VALUES 12125, Luigi, Bros
INSERT INTO critics VALUES 12124, Toad, Factory
INSERT INTO critics VALUES 12145, Donkey, Kong
INSERT INTO critics VALUES 12180, Bowser, Monster
INSERT INTO critics VALUES 125, Boo, Ghost
insertion error: duplicate primary key
INSERT INTO critics VALUES 12113, Princess, Daisy
INSERT INTO critics VALUES 122114, Princess, Zelda
INSERT INTO critics VALUES 11125, Princess, Daisy
INSERT INTO critics VALUES 12116, Princess, Daisy
INSERT INTO critics VALUES 12117, Princess, Daisy
INSERT INTO critics VALUES 12118, Princess, Daisy
UPDATE critics SET lname = Rosy WHERE id > 115
You have made changes to the database. Rows affected: 43
[       OK ] DatabaseTest.UpdateVariableGreaterThan (0 ms)
[----------] 1 test from DatabaseTest (0 ms total)

[----------] Global test environment tear-down
[==========] 1 test from 1 test suite ran. (0 ms total)
[  PASSED  ] 1 test.
<end of output>
Test time =   0.01 sec
----------------------------------------------------------
Test Passed.
"DatabaseTest.UpdateVariableGreaterThan" end time: Oct 17 11:59 EDT
"DatabaseTest.UpdateVariableGreaterThan" time elapsed: 00:00:00
----------------------------------------------------------

27/37 Testing: DatabaseTest.UpdateVariableGreaterThanOrEqualTo
27/37 Test: DatabaseTest.UpdateVariableGreaterThanOrEqualTo
Command: "/Users/claireliu/Developer/Databases/p1/build/database_test" "--gtest_filter=DatabaseTest.UpdateVariableGreaterThanOrEqualTo" "--gtest_also_run_disabled_tests"
Directory: /Users/claireliu/Developer/Databases/p1/build
"DatabaseTest.UpdateVariableGreaterThanOrEqualTo" start time: Oct 17 11:59 EDT
Output:
----------------------------------------------------------
Running main() from /Users/claireliu/Developer/Databases/p1/build/_deps/googletest-src/googletest/src/gtest_main.cc
Note: Google Test filter = DatabaseTest.UpdateVariableGreaterThanOrEqualTo
[==========] Running 1 test from 1 test suite.
[----------] Global test environment set-up.
[----------] 1 test from DatabaseTest
[ RUN      ] DatabaseTest.UpdateVariableGreaterThanOrEqualTo
CREATE TABLE critics
 id                   integer, 
 fname                varchar(32), 
 lname                varchar(32), 
 PRIMARY KEY          id, 
INSERT INTO critics VALUES 123, Mario, Bros
nullptr :(
INSERT INTO critics VALUES 100, Princess, Peach
INSERT INTO critics VALUES 125, Luigi, Bros
INSERT INTO critics VALUES 124, Toad, Mushroom
INSERT INTO critics VALUES 145, Donkey, Kong
INSERT INTO critics VALUES 180, Bowser, Monster
INSERT INTO critics VALUES 5, Boo, Ghost
INSERT INTO critics VALUES 113, Princess, Daisy
INSERT INTO critics VALUES 114, Princess, Zelda
INSERT INTO critics VALUES 115, Princess, Rosalina
INSERT INTO critics VALUES 116, Evil, Waluigi
INSERT INTO critics VALUES 117, Toadette, Mushroom
INSERT INTO critics VALUES 118, Evil, Wario
INSERT INTO critics VALUES 1100, Goomba, Fiend
INSERT INTO critics VALUES 1125, Koopa, Troopa
INSERT INTO critics VALUES 1124, Shy, Guy
INSERT INTO critics VALUES 1145, Yoshi, Kong
INSERT INTO critics VALUES 1180, Bowser, Dragon
INSERT INTO critics VALUES 15, Baby, Mario
INSERT INTO critics VALUES 1113, Baby, Luigi
INSERT INTO critics VALUES 1114, Baby, Zelda
INSERT INTO critics VALUES 1115, Baby, Daisy
INSERT INTO critics VALUES 1116, Kirby, Pink
INSERT INTO critics VALUES 1117, Diddy, Kong
INSERT INTO critics VALUES 1118, Princess, Daisy
INSERT INTO critics VALUES 2123, Mario, Bros
INSERT INTO critics VALUES 1223, Mario, Bros
INSERT INTO critics VALUES 1200, Princess, Peach
INSERT INTO critics VALUES 1225, Luigi, Bros
INSERT INTO critics VALUES 1224, Toad, Factory
INSERT INTO critics VALUES 1245, Donkey, Kong
INSERT INTO critics VALUES 1280, Bowser, Monster
INSERT INTO critics VALUES 52, Boo, Ghost
INSERT INTO critics VALUES 1213, Princess, Daisy
INSERT INTO critics VALUES 1214, Princess, Zelda
INSERT INTO critics VALUES 1215, Princess, Daisy
INSERT INTO critics VALUES 1216, Princess, Daisy
INSERT INTO critics VALUES 1217, Princess, Daisy
INSERT INTO critics VALUES 1218, Princess, Daisy
INSERT INTO critics VALUES 12100, Princess, Peach
INSERT INTO critics VALUES 12125, Luigi, Bros
INSERT INTO critics VALUES 12124, Toad, Factory
INSERT INTO critics VALUES 12145, Donkey, Kong
INSERT INTO critics VALUES 12180, Bowser, Monster
INSERT INTO critics VALUES 125, Boo, Ghost
insertion error: duplicate primary key
INSERT INTO critics VALUES 12113, Princess, Daisy
INSERT INTO critics VALUES 122114, Princess, Zelda
INSERT INTO critics VALUES 11125, Princess, Daisy
INSERT INTO critics VALUES 12116, Princess, Daisy
INSERT INTO critics VALUES 12117, Princess, Daisy
INSERT INTO critics VALUES 12118, Princess, Daisy
UPDATE critics SET lname = Rosy WHERE id >= 115
You have made changes to the database. Rows affected: 44
[       OK ] DatabaseTest.UpdateVariableGreaterThanOrEqualTo (0 ms)
[----------] 1 test from DatabaseTest (0 ms total)

[----------] Global test environment tear-down
[==========] 1 test from 1 test suite ran. (0 ms total)
[  PASSED  ] 1 test.
<end of output>
Test time =   0.01 sec
----------------------------------------------------------
Test Passed.
"DatabaseTest.UpdateVariableGreaterThanOrEqualTo" end time: Oct 17 11:59 EDT
"DatabaseTest.UpdateVariableGreaterThanOrEqualTo" time elapsed: 00:00:00
----------------------------------------------------------

28/37 Testing: DatabaseTest.UpdateVariableLessThan
28/37 Test: DatabaseTest.UpdateVariableLessThan
Command: "/Users/claireliu/Developer/Databases/p1/build/database_test" "--gtest_filter=DatabaseTest.UpdateVariableLessThan" "--gtest_also_run_disabled_tests"
Directory: /Users/claireliu/Developer/Databases/p1/build
"DatabaseTest.UpdateVariableLessThan" start time: Oct 17 11:59 EDT
Output:
----------------------------------------------------------
Running main() from /Users/claireliu/Developer/Databases/p1/build/_deps/googletest-src/googletest/src/gtest_main.cc
Note: Google Test filter = DatabaseTest.UpdateVariableLessThan
[==========] Running 1 test from 1 test suite.
[----------] Global test environment set-up.
[----------] 1 test from DatabaseTest
[ RUN      ] DatabaseTest.UpdateVariableLessThan
CREATE TABLE critics
 id                   integer, 
 fname                varchar(32), 
 lname                varchar(32), 
 PRIMARY KEY          id, 
INSERT INTO critics VALUES 123, Mario, Bros
nullptr :(
INSERT INTO critics VALUES 100, Princess, Peach
INSERT INTO critics VALUES 125, Luigi, Bros
INSERT INTO critics VALUES 124, Toad, Mushroom
INSERT INTO critics VALUES 145, Donkey, Kong
INSERT INTO critics VALUES 180, Bowser, Monster
INSERT INTO critics VALUES 5, Boo, Ghost
INSERT INTO critics VALUES 113, Princess, Daisy
INSERT INTO critics VALUES 114, Princess, Zelda
INSERT INTO critics VALUES 115, Princess, Rosalina
INSERT INTO critics VALUES 116, Evil, Waluigi
INSERT INTO critics VALUES 117, Toadette, Mushroom
INSERT INTO critics VALUES 118, Evil, Wario
INSERT INTO critics VALUES 1100, Goomba, Fiend
INSERT INTO critics VALUES 1125, Koopa, Troopa
INSERT INTO critics VALUES 1124, Shy, Guy
INSERT INTO critics VALUES 1145, Yoshi, Kong
INSERT INTO critics VALUES 1180, Bowser, Dragon
INSERT INTO critics VALUES 15, Baby, Mario
INSERT INTO critics VALUES 1113, Baby, Luigi
INSERT INTO critics VALUES 1114, Baby, Zelda
INSERT INTO critics VALUES 1115, Baby, Daisy
INSERT INTO critics VALUES 1116, Kirby, Pink
INSERT INTO critics VALUES 1117, Diddy, Kong
INSERT INTO critics VALUES 1118, Princess, Daisy
INSERT INTO critics VALUES 2123, Mario, Bros
INSERT INTO critics VALUES 1223, Mario, Bros
INSERT INTO critics VALUES 1200, Princess, Peach
INSERT INTO critics VALUES 1225, Luigi, Bros
INSERT INTO critics VALUES 1224, Toad, Factory
INSERT INTO critics VALUES 1245, Donkey, Kong
INSERT INTO critics VALUES 1280, Bowser, Monster
INSERT INTO critics VALUES 52, Boo, Ghost
INSERT INTO critics VALUES 1213, Princess, Daisy
INSERT INTO critics VALUES 1214, Princess, Zelda
INSERT INTO critics VALUES 1215, Princess, Daisy
INSERT INTO critics VALUES 1216, Princess, Daisy
INSERT INTO critics VALUES 1217, Princess, Daisy
INSERT INTO critics VALUES 1218, Princess, Daisy
INSERT INTO critics VALUES 12100, Princess, Peach
INSERT INTO critics VALUES 12125, Luigi, Bros
INSERT INTO critics VALUES 12124, Toad, Factory
INSERT INTO critics VALUES 12145, Donkey, Kong
INSERT INTO critics VALUES 12180, Bowser, Monster
INSERT INTO critics VALUES 125, Boo, Ghost
insertion error: duplicate primary key
INSERT INTO critics VALUES 12113, Princess, Daisy
INSERT INTO critics VALUES 122114, Princess, Zelda
INSERT INTO critics VALUES 11125, Princess, Daisy
INSERT INTO critics VALUES 12116, Princess, Daisy
INSERT INTO critics VALUES 12117, Princess, Daisy
INSERT INTO critics VALUES 12118, Princess, Daisy
UPDATE critics SET lname = Rosy WHERE id < 115
You have made changes to the database. Rows affected: 6
[       OK ] DatabaseTest.UpdateVariableLessThan (0 ms)
[----------] 1 test from DatabaseTest (0 ms total)

[----------] Global test environment tear-down
[==========] 1 test from 1 test suite ran. (0 ms total)
[  PASSED  ] 1 test.
<end of output>
Test time =   0.01 sec
----------------------------------------------------------
Test Passed.
"DatabaseTest.UpdateVariableLessThan" end time: Oct 17 11:59 EDT
"DatabaseTest.UpdateVariableLessThan" time elapsed: 00:00:00
----------------------------------------------------------

29/37 Testing: DatabaseTest.UpdateVariableLessThanOrEqualTo
29/37 Test: DatabaseTest.UpdateVariableLessThanOrEqualTo
Command: "/Users/claireliu/Developer/Databases/p1/build/database_test" "--gtest_filter=DatabaseTest.UpdateVariableLessThanOrEqualTo" "--gtest_also_run_disabled_tests"
Directory: /Users/claireliu/Developer/Databases/p1/build
"DatabaseTest.UpdateVariableLessThanOrEqualTo" start time: Oct 17 11:59 EDT
Output:
----------------------------------------------------------
Running main() from /Users/claireliu/Developer/Databases/p1/build/_deps/googletest-src/googletest/src/gtest_main.cc
Note: Google Test filter = DatabaseTest.UpdateVariableLessThanOrEqualTo
[==========] Running 1 test from 1 test suite.
[----------] Global test environment set-up.
[----------] 1 test from DatabaseTest
[ RUN      ] DatabaseTest.UpdateVariableLessThanOrEqualTo
CREATE TABLE critics
 id                   integer, 
 fname                varchar(32), 
 lname                varchar(32), 
 PRIMARY KEY          id, 
INSERT INTO critics VALUES 123, Mario, Bros
nullptr :(
INSERT INTO critics VALUES 100, Princess, Peach
INSERT INTO critics VALUES 125, Luigi, Bros
INSERT INTO critics VALUES 124, Toad, Mushroom
INSERT INTO critics VALUES 145, Donkey, Kong
INSERT INTO critics VALUES 180, Bowser, Monster
INSERT INTO critics VALUES 5, Boo, Ghost
INSERT INTO critics VALUES 113, Princess, Daisy
INSERT INTO critics VALUES 114, Princess, Zelda
INSERT INTO critics VALUES 115, Princess, Rosalina
INSERT INTO critics VALUES 116, Evil, Waluigi
INSERT INTO critics VALUES 117, Toadette, Mushroom
INSERT INTO critics VALUES 118, Evil, Wario
INSERT INTO critics VALUES 1100, Goomba, Fiend
INSERT INTO critics VALUES 1125, Koopa, Troopa
INSERT INTO critics VALUES 1124, Shy, Guy
INSERT INTO critics VALUES 1145, Yoshi, Kong
INSERT INTO critics VALUES 1180, Bowser, Dragon
INSERT INTO critics VALUES 15, Baby, Mario
INSERT INTO critics VALUES 1113, Baby, Luigi
INSERT INTO critics VALUES 1114, Baby, Zelda
INSERT INTO critics VALUES 1115, Baby, Daisy
INSERT INTO critics VALUES 1116, Kirby, Pink
INSERT INTO critics VALUES 1117, Diddy, Kong
INSERT INTO critics VALUES 1118, Princess, Daisy
INSERT INTO critics VALUES 2123, Mario, Bros
INSERT INTO critics VALUES 1223, Mario, Bros
INSERT INTO critics VALUES 1200, Princess, Peach
INSERT INTO critics VALUES 1225, Luigi, Bros
INSERT INTO critics VALUES 1224, Toad, Factory
INSERT INTO critics VALUES 1245, Donkey, Kong
INSERT INTO critics VALUES 1280, Bowser, Monster
INSERT INTO critics VALUES 52, Boo, Ghost
INSERT INTO critics VALUES 1213, Princess, Daisy
INSERT INTO critics VALUES 1214, Princess, Zelda
INSERT INTO critics VALUES 1215, Princess, Daisy
INSERT INTO critics VALUES 1216, Princess, Daisy
INSERT INTO critics VALUES 1217, Princess, Daisy
INSERT INTO critics VALUES 1218, Princess, Daisy
INSERT INTO critics VALUES 12100, Princess, Peach
INSERT INTO critics VALUES 12125, Luigi, Bros
INSERT INTO critics VALUES 12124, Toad, Factory
INSERT INTO critics VALUES 12145, Donkey, Kong
INSERT INTO critics VALUES 12180, Bowser, Monster
INSERT INTO critics VALUES 125, Boo, Ghost
insertion error: duplicate primary key
INSERT INTO critics VALUES 12113, Princess, Daisy
INSERT INTO critics VALUES 122114, Princess, Zelda
INSERT INTO critics VALUES 11125, Princess, Daisy
INSERT INTO critics VALUES 12116, Princess, Daisy
INSERT INTO critics VALUES 12117, Princess, Daisy
INSERT INTO critics VALUES 12118, Princess, Daisy
UPDATE critics SET lname = Rosy WHERE id <= 115
You have made changes to the database. Rows affected: 7
[       OK ] DatabaseTest.UpdateVariableLessThanOrEqualTo (0 ms)
[----------] 1 test from DatabaseTest (0 ms total)

[----------] Global test environment tear-down
[==========] 1 test from 1 test suite ran. (0 ms total)
[  PASSED  ] 1 test.
<end of output>
Test time =   0.01 sec
----------------------------------------------------------
Test Passed.
"DatabaseTest.UpdateVariableLessThanOrEqualTo" end time: Oct 17 11:59 EDT
"DatabaseTest.UpdateVariableLessThanOrEqualTo" time elapsed: 00:00:00
----------------------------------------------------------

30/37 Testing: DatabaseTestUnordered.InsertIntoTableFixed
30/37 Test: DatabaseTestUnordered.InsertIntoTableFixed
Command: "/Users/claireliu/Developer/Databases/p1/build/database_test" "--gtest_filter=DatabaseTestUnordered.InsertIntoTableFixed" "--gtest_also_run_disabled_tests"
Directory: /Users/claireliu/Developer/Databases/p1/build
"DatabaseTestUnordered.InsertIntoTableFixed" start time: Oct 17 11:59 EDT
Output:
----------------------------------------------------------
Running main() from /Users/claireliu/Developer/Databases/p1/build/_deps/googletest-src/googletest/src/gtest_main.cc
Note: Google Test filter = DatabaseTestUnordered.InsertIntoTableFixed
[==========] Running 1 test from 1 test suite.
[----------] Global test environment set-up.
[----------] 1 test from DatabaseTestUnordered
[ RUN      ] DatabaseTestUnordered.InsertIntoTableFixed
CREATE TABLE movies
 id                   integer, 
 title                char(32), 
 rating               real, 
 PRIMARY KEY          id, 
INSERT INTO movies VALUES 27, Star Wars, 4.2
INSERT INTO movies VALUES 28, Rouge One, 3
INSERT INTO movies VALUES 25, The Last Starfighter, 3
INSERT INTO movies VALUES 26, Princess Diaries, 5
INSERT INTO movies VALUES 127, Frozen, 4.2
[       OK ] DatabaseTestUnordered.InsertIntoTableFixed (0 ms)
[----------] 1 test from DatabaseTestUnordered (0 ms total)

[----------] Global test environment tear-down
[==========] 1 test from 1 test suite ran. (0 ms total)
[  PASSED  ] 1 test.
<end of output>
Test time =   0.01 sec
----------------------------------------------------------
Test Passed.
"DatabaseTestUnordered.InsertIntoTableFixed" end time: Oct 17 11:59 EDT
"DatabaseTestUnordered.InsertIntoTableFixed" time elapsed: 00:00:00
----------------------------------------------------------

31/37 Testing: DatabaseTestUnordered.InsertIntoTableFixedLoadTest
31/37 Test: DatabaseTestUnordered.InsertIntoTableFixedLoadTest
Command: "/Users/claireliu/Developer/Databases/p1/build/database_test" "--gtest_filter=DatabaseTestUnordered.InsertIntoTableFixedLoadTest" "--gtest_also_run_disabled_tests"
Directory: /Users/claireliu/Developer/Databases/p1/build
"DatabaseTestUnordered.InsertIntoTableFixedLoadTest" start time: Oct 17 11:59 EDT
Output:
----------------------------------------------------------
Running main() from /Users/claireliu/Developer/Databases/p1/build/_deps/googletest-src/googletest/src/gtest_main.cc
Note: Google Test filter = DatabaseTestUnordered.InsertIntoTableFixedLoadTest
[==========] Running 1 test from 1 test suite.
[----------] Global test environment set-up.
[----------] 1 test from DatabaseTestUnordered
[ RUN      ] DatabaseTestUnordered.InsertIntoTableFixedLoadTest
CREATE TABLE movies
 id                   integer, 
 title                char(32), 
 rating               real, 
 PRIMARY KEY          id, 
INSERT INTO movies VALUES 27, Star Wars, 4.2
INSERT INTO movies VALUES 28, Rouge One, 3
INSERT INTO movies VALUES 25, The Last Starfighter, 3
INSERT INTO movies VALUES 26, Princess Diaries, 5
INSERT INTO movies VALUES 127, Frozen, 4.2
INSERT INTO movies VALUES 228, Big Hero 6, 3
INSERT INTO movies VALUES 237, Cars, 4.2
INSERT INTO movies VALUES 248, Cars 2, 3
INSERT INTO movies VALUES 257, Toy Story, 4.2
INSERT INTO movies VALUES 268, Tarzan, 3
INSERT INTO movies VALUES 277, Little Shop of Horrors, 4.2
INSERT INTO movies VALUES 288, Cinderella, 3
INSERT INTO movies VALUES 297, Sleeping Beauty, 4.2
INSERT INTO movies VALUES 208, Tangled, 3
INSERT INTO movies VALUES 217, Honey I Shrunk the Kids, 4.2
INSERT INTO movies VALUES 281, Back to the Future, 3
INSERT INTO movies VALUES 272, Father of the Bride, 4.2
INSERT INTO movies VALUES 283, Cheaper by the Dozen, 3
INSERT INTO movies VALUES 274, Avengers, 4.2
INSERT INTO movies VALUES 285, Joy Luck Club, 3
INSERT INTO movies VALUES 276, Crazy Rich Asians, 4.2
INSERT INTO movies VALUES 287, Solo, 3
INSERT INTO movies VALUES 278, Captain America, 4.2
INSERT INTO movies VALUES 280, Iron Man, 3
INSERT INTO movies VALUES 272, Thor, 4.2
INSERT INTO movies VALUES 283, Antman, 3
[       OK ] DatabaseTestUnordered.InsertIntoTableFixedLoadTest (0 ms)
[----------] 1 test from DatabaseTestUnordered (0 ms total)

[----------] Global test environment tear-down
[==========] 1 test from 1 test suite ran. (0 ms total)
[  PASSED  ] 1 test.
<end of output>
Test time =   0.01 sec
----------------------------------------------------------
Test Passed.
"DatabaseTestUnordered.InsertIntoTableFixedLoadTest" end time: Oct 17 11:59 EDT
"DatabaseTestUnordered.InsertIntoTableFixedLoadTest" time elapsed: 00:00:00
----------------------------------------------------------

32/37 Testing: DatabaseTestUnordered.InsertIntoTableVariable
32/37 Test: DatabaseTestUnordered.InsertIntoTableVariable
Command: "/Users/claireliu/Developer/Databases/p1/build/database_test" "--gtest_filter=DatabaseTestUnordered.InsertIntoTableVariable" "--gtest_also_run_disabled_tests"
Directory: /Users/claireliu/Developer/Databases/p1/build
"DatabaseTestUnordered.InsertIntoTableVariable" start time: Oct 17 11:59 EDT
Output:
----------------------------------------------------------
Running main() from /Users/claireliu/Developer/Databases/p1/build/_deps/googletest-src/googletest/src/gtest_main.cc
Note: Google Test filter = DatabaseTestUnordered.InsertIntoTableVariable
[==========] Running 1 test from 1 test suite.
[----------] Global test environment set-up.
[----------] 1 test from DatabaseTestUnordered
[ RUN      ] DatabaseTestUnordered.InsertIntoTableVariable
CREATE TABLE critics
 id                   integer, 
 fname                varchar(32), 
 lname                varchar(32), 
 PRIMARY KEY          id, 
INSERT INTO critics VALUES 100, Princess, Peach
nullptr :(
INSERT INTO critics VALUES 125, Luigi, Bros
INSERT INTO critics VALUES 124, Toad, Factory
INSERT INTO critics VALUES 145, Donkey, Kong
INSERT INTO critics VALUES 180, Bowser, Monster
[       OK ] DatabaseTestUnordered.InsertIntoTableVariable (0 ms)
[----------] 1 test from DatabaseTestUnordered (0 ms total)

[----------] Global test environment tear-down
[==========] 1 test from 1 test suite ran. (0 ms total)
[  PASSED  ] 1 test.
<end of output>
Test time =   0.01 sec
----------------------------------------------------------
Test Passed.
"DatabaseTestUnordered.InsertIntoTableVariable" end time: Oct 17 11:59 EDT
"DatabaseTestUnordered.InsertIntoTableVariable" time elapsed: 00:00:00
----------------------------------------------------------

33/37 Testing: DatabaseTestUnordered.InsertIntoTableVariableLoadTest
33/37 Test: DatabaseTestUnordered.InsertIntoTableVariableLoadTest
Command: "/Users/claireliu/Developer/Databases/p1/build/database_test" "--gtest_filter=DatabaseTestUnordered.InsertIntoTableVariableLoadTest" "--gtest_also_run_disabled_tests"
Directory: /Users/claireliu/Developer/Databases/p1/build
"DatabaseTestUnordered.InsertIntoTableVariableLoadTest" start time: Oct 17 11:59 EDT
Output:
----------------------------------------------------------
Running main() from /Users/claireliu/Developer/Databases/p1/build/_deps/googletest-src/googletest/src/gtest_main.cc
Note: Google Test filter = DatabaseTestUnordered.InsertIntoTableVariableLoadTest
[==========] Running 1 test from 1 test suite.
[----------] Global test environment set-up.
[----------] 1 test from DatabaseTestUnordered
[ RUN      ] DatabaseTestUnordered.InsertIntoTableVariableLoadTest
CREATE TABLE critics
 id                   integer, 
 fname                varchar(32), 
 lname                varchar(32), 
 PRIMARY KEY          id, 
INSERT INTO critics VALUES 123, Mario, Bros
nullptr :(
INSERT INTO critics VALUES 100, Princess, Peach
INSERT INTO critics VALUES 125, Luigi, Bros
INSERT INTO critics VALUES 124, Toad, Mushroom
INSERT INTO critics VALUES 145, Donkey, Kong
INSERT INTO critics VALUES 180, Bowser, Monster
INSERT INTO critics VALUES 5, Boo, Ghost
INSERT INTO critics VALUES 113, Princess, Daisy
INSERT INTO critics VALUES 114, Princess, Zelda
INSERT INTO critics VALUES 115, Princess, Rosalina
INSERT INTO critics VALUES 116, Evil, Waluigi
INSERT INTO critics VALUES 117, Toadette, Mushroom
INSERT INTO critics VALUES 118, Evil, Wario
INSERT INTO critics VALUES 1100, Goomba, Fiend
INSERT INTO critics VALUES 1125, Koopa, Troopa
INSERT INTO critics VALUES 1124, Shy, Guy
INSERT INTO critics VALUES 1145, Yoshi, Kong
INSERT INTO critics VALUES 1180, Bowser, Dragon
INSERT INTO critics VALUES 15, Baby, Mario
INSERT INTO critics VALUES 1113, Baby, Luigi
INSERT INTO critics VALUES 1114, Baby, Zelda
INSERT INTO critics VALUES 1115, Baby, Daisy
INSERT INTO critics VALUES 1116, Kirby, Pink
INSERT INTO critics VALUES 1117, Diddy, Kong
INSERT INTO critics VALUES 1118, Princess, Daisy
INSERT INTO critics VALUES 2123, Mario, Bros
INSERT INTO critics VALUES 1223, Mario, Bros
INSERT INTO critics VALUES 1200, Princess, Peach
INSERT INTO critics VALUES 1225, Luigi, Bros
INSERT INTO critics VALUES 1224, Toad, Factory
INSERT INTO critics VALUES 1245, Donkey, Kong
INSERT INTO critics VALUES 1280, Bowser, Monster
INSERT INTO critics VALUES 52, Boo, Ghost
INSERT INTO critics VALUES 1213, Princess, Daisy
INSERT INTO critics VALUES 1214, Princess, Zelda
INSERT INTO critics VALUES 1215, Princess, Daisy
INSERT INTO critics VALUES 1216, Princess, Daisy
INSERT INTO critics VALUES 1217, Princess, Daisy
INSERT INTO critics VALUES 1218, Princess, Daisy
INSERT INTO critics VALUES 12100, Princess, Peach
INSERT INTO critics VALUES 12125, Luigi, Bros
INSERT INTO critics VALUES 12124, Toad, Factory
INSERT INTO critics VALUES 12145, Donkey, Kong
INSERT INTO critics VALUES 12180, Bowser, Monster
INSERT INTO critics VALUES 125, Boo, Ghost
insertion error: duplicate primary key
INSERT INTO critics VALUES 12113, Princess, Daisy
INSERT INTO critics VALUES 122114, Princess, Zelda
INSERT INTO critics VALUES 11125, Princess, Daisy
INSERT INTO critics VALUES 12116, Princess, Daisy
INSERT INTO critics VALUES 12117, Princess, Daisy
INSERT INTO critics VALUES 12118, Princess, Daisy
[       OK ] DatabaseTestUnordered.InsertIntoTableVariableLoadTest (0 ms)
[----------] 1 test from DatabaseTestUnordered (0 ms total)

[----------] Global test environment tear-down
[==========] 1 test from 1 test suite ran. (1 ms total)
[  PASSED  ] 1 test.
<end of output>
Test time =   0.01 sec
----------------------------------------------------------
Test Passed.
"DatabaseTestUnordered.InsertIntoTableVariableLoadTest" end time: Oct 17 11:59 EDT
"DatabaseTestUnordered.InsertIntoTableVariableLoadTest" time elapsed: 00:00:00
----------------------------------------------------------

34/37 Testing: DatabaseTestOrdered.InsertIntoTableFixed
34/37 Test: DatabaseTestOrdered.InsertIntoTableFixed
Command: "/Users/claireliu/Developer/Databases/p1/build/database_test" "--gtest_filter=DatabaseTestOrdered.InsertIntoTableFixed" "--gtest_also_run_disabled_tests"
Directory: /Users/claireliu/Developer/Databases/p1/build
"DatabaseTestOrdered.InsertIntoTableFixed" start time: Oct 17 11:59 EDT
Output:
----------------------------------------------------------
Running main() from /Users/claireliu/Developer/Databases/p1/build/_deps/googletest-src/googletest/src/gtest_main.cc
Note: Google Test filter = DatabaseTestOrdered.InsertIntoTableFixed
[==========] Running 1 test from 1 test suite.
[----------] Global test environment set-up.
[----------] 1 test from DatabaseTestOrdered
[ RUN      ] DatabaseTestOrdered.InsertIntoTableFixed
CREATE TABLE movies
 id                   integer, 
 title                char(32), 
 rating               real, 
 PRIMARY KEY          id, 
INSERT INTO movies VALUES 27, Star Wars, 4.2
INSERT INTO movies VALUES 28, Rouge One, 3
INSERT INTO movies VALUES 25, The Last Starfighter, 3
INSERT INTO movies VALUES 26, Princess Diaries, 5
INSERT INTO movies VALUES 127, Frozen, 4.2
[       OK ] DatabaseTestOrdered.InsertIntoTableFixed (0 ms)
[----------] 1 test from DatabaseTestOrdered (0 ms total)

[----------] Global test environment tear-down
[==========] 1 test from 1 test suite ran. (0 ms total)
[  PASSED  ] 1 test.
<end of output>
Test time =   0.01 sec
----------------------------------------------------------
Test Passed.
"DatabaseTestOrdered.InsertIntoTableFixed" end time: Oct 17 11:59 EDT
"DatabaseTestOrdered.InsertIntoTableFixed" time elapsed: 00:00:00
----------------------------------------------------------

35/37 Testing: DatabaseTestOrdered.InsertIntoTableFixedLoadTest
35/37 Test: DatabaseTestOrdered.InsertIntoTableFixedLoadTest
Command: "/Users/claireliu/Developer/Databases/p1/build/database_test" "--gtest_filter=DatabaseTestOrdered.InsertIntoTableFixedLoadTest" "--gtest_also_run_disabled_tests"
Directory: /Users/claireliu/Developer/Databases/p1/build
"DatabaseTestOrdered.InsertIntoTableFixedLoadTest" start time: Oct 17 11:59 EDT
Output:
----------------------------------------------------------
Running main() from /Users/claireliu/Developer/Databases/p1/build/_deps/googletest-src/googletest/src/gtest_main.cc
Note: Google Test filter = DatabaseTestOrdered.InsertIntoTableFixedLoadTest
[==========] Running 1 test from 1 test suite.
[----------] Global test environment set-up.
[----------] 1 test from DatabaseTestOrdered
[ RUN      ] DatabaseTestOrdered.InsertIntoTableFixedLoadTest
CREATE TABLE movies
 id                   integer, 
 title                char(32), 
 rating               real, 
 PRIMARY KEY          id, 
INSERT INTO movies VALUES 27, Star Wars, 4.2
INSERT INTO movies VALUES 28, Rouge One, 3
INSERT INTO movies VALUES 25, The Last Starfighter, 3
INSERT INTO movies VALUES 26, Princess Diaries, 5
INSERT INTO movies VALUES 127, Frozen, 4.2
INSERT INTO movies VALUES 228, Big Hero 6, 3
INSERT INTO movies VALUES 237, Cars, 4.2
INSERT INTO movies VALUES 248, Cars 2, 3
INSERT INTO movies VALUES 257, Toy Story, 4.2
INSERT INTO movies VALUES 268, Tarzan, 3
INSERT INTO movies VALUES 277, Little Shop of Horrors, 4.2
INSERT INTO movies VALUES 288, Cinderella, 3
INSERT INTO movies VALUES 297, Sleeping Beauty, 4.2
INSERT INTO movies VALUES 208, Tangled, 3
INSERT INTO movies VALUES 217, Honey I Shrunk the Kids, 4.2
INSERT INTO movies VALUES 281, Back to the Future, 3
INSERT INTO movies VALUES 272, Father of the Bride, 4.2
INSERT INTO movies VALUES 283, Cheaper by the Dozen, 3
INSERT INTO movies VALUES 274, Avengers, 4.2
INSERT INTO movies VALUES 285, Joy Luck Club, 3
INSERT INTO movies VALUES 276, Crazy Rich Asians, 4.2
INSERT INTO movies VALUES 287, Solo, 3
INSERT INTO movies VALUES 278, Captain America, 4.2
INSERT INTO movies VALUES 280, Iron Man, 3
INSERT INTO movies VALUES 572, Thor, 4.2
INSERT INTO movies VALUES 583, Antman, 3
dataRead 0x7fe1c1006f40dataRead 0x7fe1c1006f68dataRead 0x7fe1c1006f90dataRead 0x7fe1c1006fb8dataRead 0x7fe1c1006fe0dataRead 0x7fe1c1007008dataRead 0x7fe1c1007030dataRead 0x7fe1c1007058dataRead 0x7fe1c1007080dataRead 0x7fe1c10070a8dataRead 0x7fe1c10070d0dataRead 0x7fe1c10070f8dataRead 0x7fe1c1007140dataRead 0x7fe1c1007168dataRead 0x7fe1c1007190dataRead 0x7fe1c10071b8dataRead 0x7fe1c10071e0dataRead 0x7fe1c1007208dataRead 0x7fe1c1007230dataRead 0x7fe1c1007258dataRead 0x7fe1c1007280dataRead 0x7fe1c10072a8dataRead 0x7fe1c10072d0dataRead 0x7fe1c10072f8dataRead 0x7fe1c1007340dataRead 0x7fe1c1007368[       OK ] DatabaseTestOrdered.InsertIntoTableFixedLoadTest (0 ms)
[----------] 1 test from DatabaseTestOrdered (0 ms total)

[----------] Global test environment tear-down
[==========] 1 test from 1 test suite ran. (0 ms total)
[  PASSED  ] 1 test.
<end of output>
Test time =   0.01 sec
----------------------------------------------------------
Test Passed.
"DatabaseTestOrdered.InsertIntoTableFixedLoadTest" end time: Oct 17 11:59 EDT
"DatabaseTestOrdered.InsertIntoTableFixedLoadTest" time elapsed: 00:00:00
----------------------------------------------------------

36/37 Testing: DatabaseTestOrdered.InsertIntoTableVariable
36/37 Test: DatabaseTestOrdered.InsertIntoTableVariable
Command: "/Users/claireliu/Developer/Databases/p1/build/database_test" "--gtest_filter=DatabaseTestOrdered.InsertIntoTableVariable" "--gtest_also_run_disabled_tests"
Directory: /Users/claireliu/Developer/Databases/p1/build
"DatabaseTestOrdered.InsertIntoTableVariable" start time: Oct 17 11:59 EDT
Output:
----------------------------------------------------------
Running main() from /Users/claireliu/Developer/Databases/p1/build/_deps/googletest-src/googletest/src/gtest_main.cc
Note: Google Test filter = DatabaseTestOrdered.InsertIntoTableVariable
[==========] Running 1 test from 1 test suite.
[----------] Global test environment set-up.
[----------] 1 test from DatabaseTestOrdered
[ RUN      ] DatabaseTestOrdered.InsertIntoTableVariable
CREATE TABLE critics
 id                   integer, 
 fname                varchar(32), 
 lname                varchar(32), 
 PRIMARY KEY          id, 
INSERT INTO critics VALUES 100, Princess, Peach
nullptr :(
INSERT INTO critics VALUES 125, Luigi, Bros
INSERT INTO critics VALUES 124, Toad, Factory
INSERT INTO critics VALUES 145, Donkey, Kong
INSERT INTO critics VALUES 180, Bowser, Monster
dataRead 0x7fdd0ff076c0dataRead 0x7fdd0ff076d4dataRead 0x7fdd0ff076e6dataRead 0x7fdd0ff076f6dataRead 0x7fdd0ff07707[       OK ] DatabaseTestOrdered.InsertIntoTableVariable (0 ms)
[----------] 1 test from DatabaseTestOrdered (0 ms total)

[----------] Global test environment tear-down
[==========] 1 test from 1 test suite ran. (0 ms total)
[  PASSED  ] 1 test.
<end of output>
Test time =   0.01 sec
----------------------------------------------------------
Test Passed.
"DatabaseTestOrdered.InsertIntoTableVariable" end time: Oct 17 11:59 EDT
"DatabaseTestOrdered.InsertIntoTableVariable" time elapsed: 00:00:00
----------------------------------------------------------

37/37 Testing: DatabaseTestOrdered.InsertIntoTableVariableLoadTest
37/37 Test: DatabaseTestOrdered.InsertIntoTableVariableLoadTest
Command: "/Users/claireliu/Developer/Databases/p1/build/database_test" "--gtest_filter=DatabaseTestOrdered.InsertIntoTableVariableLoadTest" "--gtest_also_run_disabled_tests"
Directory: /Users/claireliu/Developer/Databases/p1/build
"DatabaseTestOrdered.InsertIntoTableVariableLoadTest" start time: Oct 17 11:59 EDT
Output:
----------------------------------------------------------
Running main() from /Users/claireliu/Developer/Databases/p1/build/_deps/googletest-src/googletest/src/gtest_main.cc
Note: Google Test filter = DatabaseTestOrdered.InsertIntoTableVariableLoadTest
[==========] Running 1 test from 1 test suite.
[----------] Global test environment set-up.
[----------] 1 test from DatabaseTestOrdered
[ RUN      ] DatabaseTestOrdered.InsertIntoTableVariableLoadTest
CREATE TABLE critics
 id                   integer, 
 fname                varchar(32), 
 lname                varchar(32), 
 PRIMARY KEY          id, 
INSERT INTO critics VALUES 123, Mario, Bros
nullptr :(
INSERT INTO critics VALUES 100, Princess, Peach
INSERT INTO critics VALUES 125, Luigi, Bros
INSERT INTO critics VALUES 124, Toad, Mushroom
INSERT INTO critics VALUES 145, Donkey, Kong
INSERT INTO critics VALUES 180, Bowser, Monster
INSERT INTO critics VALUES 5, Boo, Ghost
INSERT INTO critics VALUES 113, Princess, Daisy
INSERT INTO critics VALUES 114, Princess, Zelda
INSERT INTO critics VALUES 115, Princess, Rosalina
INSERT INTO critics VALUES 116, Evil, Waluigi
INSERT INTO critics VALUES 117, Toadette, Mushroom
INSERT INTO critics VALUES 118, Evil, Wario
INSERT INTO critics VALUES 1100, Goomba, Fiend
INSERT INTO critics VALUES 1125, Koopa, Troopa
INSERT INTO critics VALUES 1124, Shy, Guy
INSERT INTO critics VALUES 1145, Yoshi, Kong
INSERT INTO critics VALUES 1180, Bowser, Dragon
INSERT INTO critics VALUES 15, Baby, Mario
INSERT INTO critics VALUES 1113, Baby, Luigi
INSERT INTO critics VALUES 1114, Baby, Zelda
INSERT INTO critics VALUES 1115, Baby, Daisy
INSERT INTO critics VALUES 1116, Kirby, Pink
INSERT INTO critics VALUES 1117, Diddy, Kong
INSERT INTO critics VALUES 1118, Princess, Daisy
INSERT INTO critics VALUES 2123, Mario, Bros
INSERT INTO critics VALUES 1223, Mario, Bros
INSERT INTO critics VALUES 1200, Princess, Peach
INSERT INTO critics VALUES 1225, Luigi, Bros
INSERT INTO critics VALUES 1224, Toad, Factory
INSERT INTO critics VALUES 1245, Donkey, Kong
INSERT INTO critics VALUES 1280, Bowser, Monster
INSERT INTO critics VALUES 52, Boo, Ghost
INSERT INTO critics VALUES 1213, Princess, Daisy
INSERT INTO critics VALUES 1214, Princess, Zelda
INSERT INTO critics VALUES 1215, Princess, Daisy
INSERT INTO critics VALUES 1216, Princess, Daisy
INSERT INTO critics VALUES 1217, Princess, Daisy
INSERT INTO critics VALUES 1218, Princess, Daisy
INSERT INTO critics VALUES 12100, Princess, Peach
INSERT INTO critics VALUES 12125, Luigi, Bros
INSERT INTO critics VALUES 12124, Toad, Factory
INSERT INTO critics VALUES 12145, Donkey, Kong
INSERT INTO critics VALUES 12180, Bowser, Monster
INSERT INTO critics VALUES 125, Boo, Ghost
insertion error: duplicate primary key
INSERT INTO critics VALUES 12113, Princess, Daisy
INSERT INTO critics VALUES 122114, Princess, Zelda
INSERT INTO critics VALUES 11125, Princess, Daisy
INSERT INTO critics VALUES 12116, Princess, Daisy
INSERT INTO critics VALUES 12117, Princess, Daisy
INSERT INTO critics VALUES 12118, Princess, Daisy
[       OK ] DatabaseTestOrdered.InsertIntoTableVariableLoadTest (0 ms)
[----------] 1 test from DatabaseTestOrdered (0 ms total)

[----------] Global test environment tear-down
[==========] 1 test from 1 test suite ran. (0 ms total)
[  PASSED  ] 1 test.
<end of output>
Test time =   0.01 sec
----------------------------------------------------------
Test Passed.
"DatabaseTestOrdered.InsertIntoTableVariableLoadTest" end time: Oct 17 11:59 EDT
"DatabaseTestOrdered.InsertIntoTableVariableLoadTest" time elapsed: 00:00:00
----------------------------------------------------------

End testing: Oct 17 11:59 EDT
